10:22:18.357 [main] INFO  - Clicking the Sign In Link at home page.............
10:22:18.554 [main] INFO  - Enter the username at login page.............
10:22:18.621 [main] INFO  - Enter the password at login page.............
10:22:18.719 [main] INFO  - click the Login Button.............
10:22:19.095 [main] INFO  - After clicking the Login Button .............
10:22:19.106 [main] INFO  -  DS_Feature- User Successfully Logged In 
10:22:19.881 [main] INFO  - Launch the app URL.........
10:22:21.769 [main] INFO  - Application launched.......
10:22:21.770 [main] INFO  - Clicking the GetStarted Button at start page.............
10:22:22.152 [main] INFO  - Clicking the Sign In Link at home page.............
10:22:22.312 [main] INFO  - Enter the username at login page.............
10:22:22.385 [main] INFO  - Enter the password at login page.............
10:22:22.481 [main] INFO  - click the Login Button.............
10:22:22.873 [main] INFO  - After clicking the Login Button .............
10:22:22.890 [main] INFO  -  DS_Feature- User Successfully Logged In 
10:22:24.099 [main] INFO  - Launch the app URL.........
10:22:25.959 [main] INFO  - Application launched.......
10:22:25.960 [main] INFO  - Clicking the GetStarted Button at start page.............
10:22:26.319 [main] INFO  - Clicking the Sign In Link at home page.............
10:22:26.493 [main] INFO  - Enter the username at login page.............
10:22:26.576 [main] INFO  - Enter the password at login page.............
10:22:26.677 [main] INFO  - click the Login Button.............
10:22:27.035 [main] INFO  - After clicking the Login Button .............
10:22:27.053 [main] INFO  -  DS_Feature- User Successfully Logged In 
10:22:28.371 [main] INFO  - Launch the app URL.........
10:22:30.271 [main] INFO  - Application launched.......
10:22:30.272 [main] INFO  - Clicking the GetStarted Button at start page.............
10:22:30.616 [main] INFO  - Clicking the Sign In Link at home page.............
10:22:30.806 [main] INFO  - Enter the username at login page.............
10:22:30.882 [main] INFO  - Enter the password at login page.............
10:22:30.976 [main] INFO  - click the Login Button.............
10:22:31.354 [main] INFO  - After clicking the Login Button .............
10:22:31.368 [main] INFO  -  DS_Feature- User Successfully Logged In 
10:22:33.246 [main] INFO  - Launch the app URL.........
10:22:35.475 [main] INFO  - Application launched.......
10:22:35.479 [main] INFO  - Clicking the GetStarted Button at start page.............
10:22:35.807 [main] INFO  - Clicking the Sign In Link at home page.............
10:22:35.961 [main] INFO  - Enter the username at login page.............
10:22:36.037 [main] INFO  - Enter the password at login page.............
10:22:36.150 [main] INFO  - click the Login Button.............
10:22:36.491 [main] INFO  - After clicking the Login Button .............
10:22:36.514 [main] INFO  -  DS_Feature- User Successfully Logged In 
10:24:38.925 [main] INFO  - Launch the app URL.........
10:24:40.493 [main] INFO  - Launch the app URL.........
10:24:42.284 [main] INFO  - Application launched.......
10:24:42.310 [main] INFO  - Clicking the GetStarted Button at start page.............
10:24:42.733 [main] INFO  - Clicking the Sign In Link at home page.............
10:24:42.931 [main] INFO  - Enter the username at login page.............
10:24:43.005 [main] INFO  - Enter the password at login page.............
10:24:43.105 [main] INFO  - click the Login Button.............
10:24:43.469 [main] INFO  - After clicking the Login Button .............
10:24:43.484 [main] INFO  -  DS_Feature- User Successfully Logged In 
10:24:43.666 [main] INFO  - Clicking the Time Complexity button in the DS Introduction Page ...........
10:24:43.890 [main] INFO  - 
10:24:44.220 [main] INFO  - Launch the app URL.........
10:24:46.274 [main] INFO  - Application launched.......
10:24:46.283 [main] INFO  - Clicking the GetStarted Button at start page.............
10:24:46.711 [main] INFO  - Clicking the Sign In Link at home page.............
10:24:46.885 [main] INFO  - Enter the username at login page.............
10:24:46.960 [main] INFO  - Enter the password at login page.............
10:24:47.062 [main] INFO  - click the Login Button.............
10:24:47.484 [main] INFO  - After clicking the Login Button .............
10:24:47.495 [main] INFO  -  DS_Feature- User Successfully Logged In 
10:24:48.467 [main] INFO  - Launch the app URL.........
10:24:50.566 [main] INFO  - Application launched.......
10:24:50.569 [main] INFO  - Clicking the GetStarted Button at start page.............
10:24:50.952 [main] INFO  - Clicking the Sign In Link at home page.............
10:24:51.131 [main] INFO  - Enter the username at login page.............
10:24:51.196 [main] INFO  - Enter the password at login page.............
10:24:51.292 [main] INFO  - click the Login Button.............
10:24:51.757 [main] INFO  - After clicking the Login Button .............
10:24:51.772 [main] INFO  -  DS_Feature- User Successfully Logged In 
10:24:52.582 [main] INFO  - Launch the app URL.........
10:24:54.648 [main] INFO  - Application launched.......
10:24:54.649 [main] INFO  - Clicking the GetStarted Button at start page.............
10:24:55.025 [main] INFO  - Clicking the Sign In Link at home page.............
10:24:55.226 [main] INFO  - Enter the username at login page.............
10:24:55.301 [main] INFO  - Enter the password at login page.............
10:24:55.397 [main] INFO  - click the Login Button.............
10:24:55.763 [main] INFO  - After clicking the Login Button .............
10:24:55.775 [main] INFO  -  DS_Feature- User Successfully Logged In 
10:24:57.145 [main] INFO  - Launch the app URL.........
10:24:58.992 [main] INFO  - Application launched.......
10:24:58.993 [main] INFO  - Clicking the GetStarted Button at start page.............
10:24:59.411 [main] INFO  - Clicking the Sign In Link at home page.............
10:24:59.581 [main] INFO  - Enter the username at login page.............
10:24:59.665 [main] INFO  - Enter the password at login page.............
10:24:59.764 [main] INFO  - click the Login Button.............
10:25:00.192 [main] INFO  - After clicking the Login Button .............
10:25:00.206 [main] INFO  -  DS_Feature- User Successfully Logged In 
10:25:01.495 [main] INFO  - Launch the app URL.........
10:25:03.438 [main] INFO  - Application launched.......
10:25:03.439 [main] INFO  - Clicking the GetStarted Button at start page.............
10:25:03.846 [main] INFO  - Clicking the Sign In Link at home page.............
10:25:04.013 [main] INFO  - Enter the username at login page.............
10:25:04.088 [main] INFO  - Enter the password at login page.............
10:25:04.180 [main] INFO  - click the Login Button.............
10:25:04.569 [main] INFO  - After clicking the Login Button .............
10:25:04.581 [main] INFO  -  DS_Feature- User Successfully Logged In 
10:25:06.049 [main] INFO  - Launch the app URL.........
10:25:07.963 [main] INFO  - Application launched.......
10:25:07.966 [main] INFO  - Clicking the GetStarted Button at start page.............
10:25:08.393 [main] INFO  - Clicking the Sign In Link at home page.............
10:25:08.573 [main] INFO  - Enter the username at login page.............
10:25:08.640 [main] INFO  - Enter the password at login page.............
10:25:08.726 [main] INFO  - click the Login Button.............
10:25:09.214 [main] INFO  - After clicking the Login Button .............
10:25:09.230 [main] INFO  -  DS_Feature- User Successfully Logged In 
10:29:56.083 [main] INFO  - Launch the app URL.........
10:29:58.688 [main] INFO  - Application launched.......
10:29:58.714 [main] INFO  - Clicking the GetStarted Button at start page.............
10:29:59.125 [main] INFO  - Clicking the Sign In Link at home page.............
10:29:59.324 [main] INFO  - Enter the username at login page.............
10:29:59.409 [main] INFO  - Enter the password at login page.............
10:29:59.510 [main] INFO  - click the Login Button.............
10:29:59.924 [main] INFO  - After clicking the Login Button .............
10:29:59.939 [main] INFO  -  DS_Feature- User Successfully Logged In 
10:29:59.943 [main] INFO  - Clicking the Data Structures Introduction Get started button.....
10:30:00.167 [main] INFO  - After clicking DS_Get started button ...........
10:30:00.567 [main] INFO  - Launch the app URL.........
10:30:02.547 [main] INFO  - Application launched.......
10:30:02.550 [main] INFO  - Clicking the GetStarted Button at start page.............
10:30:02.964 [main] INFO  - Clicking the Sign In Link at home page.............
10:30:03.147 [main] INFO  - Enter the username at login page.............
10:30:03.216 [main] INFO  - Enter the password at login page.............
10:30:03.307 [main] INFO  - click the Login Button.............
10:30:03.700 [main] INFO  - After clicking the Login Button .............
10:30:03.710 [main] INFO  -  DS_Feature- User Successfully Logged In 
10:30:03.927 [main] INFO  - Clicking the Time Complexity button in the DS Introduction Page ...........
10:30:04.140 [main] INFO  - 
10:30:04.403 [main] INFO  - Launch the app URL.........
10:30:06.555 [main] INFO  - Application launched.......
10:30:06.557 [main] INFO  - Clicking the GetStarted Button at start page.............
10:30:06.941 [main] INFO  - Clicking the Sign In Link at home page.............
10:30:07.146 [main] INFO  - Enter the username at login page.............
10:30:07.219 [main] INFO  - Enter the password at login page.............
10:30:07.305 [main] INFO  - click the Login Button.............
10:30:07.784 [main] INFO  - After clicking the Login Button .............
10:30:07.792 [main] INFO  -  DS_Feature- User Successfully Logged In 
10:30:08.578 [main] INFO  - Launch the app URL.........
10:30:10.434 [main] INFO  - Application launched.......
10:30:10.435 [main] INFO  - Clicking the GetStarted Button at start page.............
10:30:10.794 [main] INFO  - Clicking the Sign In Link at home page.............
10:30:10.967 [main] INFO  - Enter the username at login page.............
10:30:11.047 [main] INFO  - Enter the password at login page.............
10:30:11.169 [main] INFO  - click the Login Button.............
10:30:11.565 [main] INFO  - After clicking the Login Button .............
10:30:11.581 [main] INFO  -  DS_Feature- User Successfully Logged In 
10:30:12.432 [main] INFO  - Launch the app URL.........
10:30:14.635 [main] INFO  - Application launched.......
10:30:14.636 [main] INFO  - Clicking the GetStarted Button at start page.............
10:30:15.032 [main] INFO  - Clicking the Sign In Link at home page.............
10:30:15.201 [main] INFO  - Enter the username at login page.............
10:30:15.274 [main] INFO  - Enter the password at login page.............
10:30:15.362 [main] INFO  - click the Login Button.............
10:30:15.728 [main] INFO  - After clicking the Login Button .............
10:30:15.732 [main] INFO  -  DS_Feature- User Successfully Logged In 
10:30:17.397 [main] INFO  - Launch the app URL.........
10:30:19.209 [main] INFO  - Application launched.......
10:30:19.210 [main] INFO  - Clicking the GetStarted Button at start page.............
10:30:19.584 [main] INFO  - Clicking the Sign In Link at home page.............
10:30:19.744 [main] INFO  - Enter the username at login page.............
10:30:19.824 [main] INFO  - Enter the password at login page.............
10:30:19.921 [main] INFO  - click the Login Button.............
10:30:20.361 [main] INFO  - After clicking the Login Button .............
10:30:20.374 [main] INFO  -  DS_Feature- User Successfully Logged In 
10:30:21.613 [main] INFO  - Launch the app URL.........
10:30:23.600 [main] INFO  - Application launched.......
10:30:23.603 [main] INFO  - Clicking the GetStarted Button at start page.............
10:30:23.973 [main] INFO  - Clicking the Sign In Link at home page.............
10:30:24.153 [main] INFO  - Enter the username at login page.............
10:30:24.232 [main] INFO  - Enter the password at login page.............
10:30:24.321 [main] INFO  - click the Login Button.............
10:30:24.720 [main] INFO  - After clicking the Login Button .............
10:30:24.739 [main] INFO  -  DS_Feature- User Successfully Logged In 
10:30:46.233 [main] INFO  - Launch the app URL.........
10:30:48.331 [main] INFO  - Application launched.......
10:30:48.332 [main] INFO  - Clicking the GetStarted Button at start page.............
10:30:48.728 [main] INFO  - Clicking the Sign In Link at home page.............
10:30:48.903 [main] INFO  - Enter the username at login page.............
10:30:48.981 [main] INFO  - Enter the password at login page.............
10:30:49.101 [main] INFO  - click the Login Button.............
10:30:49.535 [main] INFO  - After clicking the Login Button .............
10:30:49.548 [main] INFO  -  DS_Feature- User Successfully Logged In 
10:33:48.266 [main] INFO  - Launch the app URL.........
10:33:50.408 [main] INFO  - Application launched.......
10:33:50.451 [main] INFO  - Clicking the GetStarted Button at start page.............
10:33:50.948 [main] INFO  - Clicking the Sign In Link at home page.............
10:33:51.118 [main] INFO  - Enter the username at login page.............
10:33:51.197 [main] INFO  - Enter the password at login page.............
10:33:51.291 [main] INFO  - click the Login Button.............
10:33:51.738 [main] INFO  - After clicking the Login Button .............
10:33:51.756 [main] INFO  -  DS_Feature- User Successfully Logged In 
10:33:51.763 [main] INFO  - Clicking the Data Structures Introduction Get started button.....
10:33:51.943 [main] INFO  - After clicking DS_Get started button ...........
10:33:52.243 [main] INFO  - Launch the app URL.........
10:33:54.049 [main] INFO  - Application launched.......
10:33:54.052 [main] INFO  - Clicking the GetStarted Button at start page.............
10:33:54.420 [main] INFO  - Clicking the Sign In Link at home page.............
10:33:54.584 [main] INFO  - Enter the username at login page.............
10:33:54.652 [main] INFO  - Enter the password at login page.............
10:33:54.748 [main] INFO  - click the Login Button.............
10:33:55.114 [main] INFO  - After clicking the Login Button .............
10:33:55.127 [main] INFO  -  DS_Feature- User Successfully Logged In 
10:33:55.298 [main] INFO  - Clicking the Time Complexity button in the DS Introduction Page ...........
10:33:55.516 [main] INFO  - 
10:33:55.957 [main] INFO  - Launch the app URL.........
10:34:25.974 [main] INFO  - Launch the app URL.........
10:35:04.059 [main] INFO  - Launch the app URL.........
10:35:06.886 [main] INFO  - Application launched.......
10:35:06.932 [main] INFO  - Clicking the GetStarted Button at start page.............
10:35:07.446 [main] INFO  - Clicking the Sign In Link at home page.............
10:35:07.660 [main] INFO  - Enter the username at login page.............
10:35:07.759 [main] INFO  - Enter the password at login page.............
10:35:07.956 [main] INFO  - click the Login Button.............
10:35:08.438 [main] INFO  - After clicking the Login Button .............
10:35:08.454 [main] INFO  -  DS_Feature- User Successfully Logged In 
10:35:08.462 [main] INFO  - Clicking the Data Structures Introduction Get started button.....
10:35:08.812 [main] INFO  - After clicking DS_Get started button ...........
10:35:10.316 [main] INFO  - Launch the app URL.........
10:35:12.324 [main] INFO  - Application launched.......
10:35:12.325 [main] INFO  - Clicking the GetStarted Button at start page.............
10:35:12.758 [main] INFO  - Clicking the Sign In Link at home page.............
10:35:12.965 [main] INFO  - Enter the username at login page.............
10:35:13.039 [main] INFO  - Enter the password at login page.............
10:35:13.141 [main] INFO  - click the Login Button.............
10:35:13.486 [main] INFO  - After clicking the Login Button .............
10:35:13.506 [main] INFO  -  DS_Feature- User Successfully Logged In 
10:35:13.817 [main] INFO  - Clicking the Time Complexity button in the DS Introduction Page ...........
10:35:14.281 [main] INFO  - 
10:35:16.621 [main] INFO  - Launch the app URL.........
10:35:25.054 [main] INFO  - Application launched.......
10:35:25.055 [main] INFO  - Clicking the GetStarted Button at start page.............
10:35:25.461 [main] INFO  - Clicking the Sign In Link at home page.............
10:35:25.651 [main] INFO  - Enter the username at login page.............
10:35:25.722 [main] INFO  - Enter the password at login page.............
10:35:25.827 [main] INFO  - click the Login Button.............
10:35:26.226 [main] INFO  - After clicking the Login Button .............
10:35:26.245 [main] INFO  -  DS_Feature- User Successfully Logged In 
10:35:26.997 [main] INFO  - Launch the app URL.........
10:35:28.896 [main] INFO  - Application launched.......
10:35:28.906 [main] INFO  - Clicking the GetStarted Button at start page.............
10:35:29.318 [main] INFO  - Clicking the Sign In Link at home page.............
10:35:29.505 [main] INFO  - Enter the username at login page.............
10:35:29.595 [main] INFO  - Enter the password at login page.............
10:35:29.719 [main] INFO  - click the Login Button.............
10:35:30.085 [main] INFO  - After clicking the Login Button .............
10:35:30.096 [main] INFO  -  DS_Feature- User Successfully Logged In 
10:35:31.005 [main] INFO  - Launch the app URL.........
10:35:32.941 [main] INFO  - Application launched.......
10:35:32.942 [main] INFO  - Clicking the GetStarted Button at start page.............
10:35:33.511 [main] INFO  - Clicking the Sign In Link at home page.............
10:35:33.772 [main] INFO  - Enter the username at login page.............
10:35:33.885 [main] INFO  - Enter the password at login page.............
10:35:34.010 [main] INFO  - click the Login Button.............
10:35:34.489 [main] INFO  - After clicking the Login Button .............
10:35:34.520 [main] INFO  -  DS_Feature- User Successfully Logged In 
10:35:36.245 [main] INFO  - Launch the app URL.........
10:35:37.799 [main] INFO  - Application launched.......
10:35:37.800 [main] INFO  - Clicking the GetStarted Button at start page.............
10:35:38.229 [main] INFO  - Clicking the Sign In Link at home page.............
10:35:38.409 [main] INFO  - Enter the username at login page.............
10:35:38.489 [main] INFO  - Enter the password at login page.............
10:35:38.594 [main] INFO  - click the Login Button.............
10:35:38.945 [main] INFO  - After clicking the Login Button .............
10:35:38.957 [main] INFO  -  DS_Feature- User Successfully Logged In 
10:35:40.076 [main] INFO  - Launch the app URL.........
10:35:41.677 [main] INFO  - Application launched.......
10:35:41.679 [main] INFO  - Clicking the GetStarted Button at start page.............
10:35:42.042 [main] INFO  - Clicking the Sign In Link at home page.............
10:35:42.239 [main] INFO  - Enter the username at login page.............
10:35:42.333 [main] INFO  - Enter the password at login page.............
10:35:42.433 [main] INFO  - click the Login Button.............
10:35:42.775 [main] INFO  - After clicking the Login Button .............
10:35:42.783 [main] INFO  -  DS_Feature- User Successfully Logged In 
10:36:14.161 [main] INFO  - Launch the app URL.........
10:36:21.340 [main] INFO  - Application launched.......
10:36:21.341 [main] INFO  - Clicking the GetStarted Button at start page.............
10:36:21.705 [main] INFO  - Clicking the Sign In Link at home page.............
10:36:21.888 [main] INFO  - Enter the username at login page.............
10:36:21.989 [main] INFO  - Enter the password at login page.............
10:36:22.106 [main] INFO  - click the Login Button.............
10:36:22.439 [main] INFO  - After clicking the Login Button .............
10:36:22.454 [main] INFO  -  DS_Feature- User Successfully Logged In 
10:57:12.115 [main] INFO  - Launch the app URL.........
10:57:14.326 [main] INFO  - Application launched.......
10:57:14.360 [main] INFO  - Clicking the GetStarted Button at start page.............
10:57:14.840 [main] INFO  - Clicking the Sign In Link at home page.............
10:57:15.099 [main] INFO  - Enter the username at login page.............
10:57:15.177 [main] INFO  - Enter the password at login page.............
10:57:15.279 [main] INFO  - click the Login Button.............
10:57:15.633 [main] INFO  - After clicking the Login Button .............
10:57:15.650 [main] INFO  -  DS_Feature- User Successfully Logged In 
10:57:15.658 [main] INFO  - Clicking the Data Structures Introduction Get started button.....
10:57:15.878 [main] INFO  - After clicking DS_Get started button ...........
10:57:16.159 [main] INFO  - Launch the app URL.........
10:57:17.666 [main] INFO  - Application launched.......
10:57:17.676 [main] INFO  - Clicking the GetStarted Button at start page.............
10:57:18.007 [main] INFO  - Clicking the Sign In Link at home page.............
10:57:18.174 [main] INFO  - Enter the username at login page.............
10:57:18.243 [main] INFO  - Enter the password at login page.............
10:57:18.339 [main] INFO  - click the Login Button.............
10:57:18.731 [main] INFO  - After clicking the Login Button .............
10:57:18.747 [main] INFO  -  DS_Feature- User Successfully Logged In 
10:57:18.926 [main] INFO  - Clicking the Time Complexity button in the DS Introduction Page ...........
10:57:19.121 [main] INFO  - 
10:57:19.290 [main] INFO  - Launch the app URL.........
10:57:20.759 [main] INFO  - Application launched.......
10:57:20.760 [main] INFO  - Clicking the GetStarted Button at start page.............
10:57:21.118 [main] INFO  - Clicking the Sign In Link at home page.............
10:57:21.300 [main] INFO  - Enter the username at login page.............
10:57:21.372 [main] INFO  - Enter the password at login page.............
10:57:21.469 [main] INFO  - click the Login Button.............
10:57:21.844 [main] INFO  - After clicking the Login Button .............
10:57:21.860 [main] INFO  -  DS_Feature- User Successfully Logged In 
10:57:22.556 [main] INFO  - Launch the app URL.........
10:57:23.989 [main] INFO  - Application launched.......
10:57:23.992 [main] INFO  - Clicking the GetStarted Button at start page.............
10:57:24.341 [main] INFO  - Clicking the Sign In Link at home page.............
10:57:24.504 [main] INFO  - Enter the username at login page.............
10:57:24.576 [main] INFO  - Enter the password at login page.............
10:57:24.684 [main] INFO  - click the Login Button.............
10:57:25.020 [main] INFO  - After clicking the Login Button .............
10:57:25.034 [main] INFO  -  DS_Feature- User Successfully Logged In 
10:57:25.674 [main] INFO  - Launch the app URL.........
10:57:27.121 [main] INFO  - Application launched.......
10:57:27.124 [main] INFO  - Clicking the GetStarted Button at start page.............
10:57:27.454 [main] INFO  - Clicking the Sign In Link at home page.............
10:57:27.622 [main] INFO  - Enter the username at login page.............
10:57:27.694 [main] INFO  - Enter the password at login page.............
10:57:27.784 [main] INFO  - click the Login Button.............
10:57:28.149 [main] INFO  - After clicking the Login Button .............
10:57:28.159 [main] INFO  -  DS_Feature- User Successfully Logged In 
10:57:29.243 [main] INFO  - Launch the app URL.........
10:57:36.805 [main] INFO  - Application launched.......
10:57:36.808 [main] INFO  - Clicking the GetStarted Button at start page.............
10:57:37.140 [main] INFO  - Clicking the Sign In Link at home page.............
10:57:37.300 [main] INFO  - Enter the username at login page.............
10:57:37.365 [main] INFO  - Enter the password at login page.............
10:57:37.450 [main] INFO  - click the Login Button.............
10:57:37.791 [main] INFO  - After clicking the Login Button .............
10:57:37.811 [main] INFO  -  DS_Feature- User Successfully Logged In 
10:57:39.041 [main] INFO  - Launch the app URL.........
10:57:40.571 [main] INFO  - Application launched.......
10:57:40.572 [main] INFO  - Clicking the GetStarted Button at start page.............
10:57:40.956 [main] INFO  - Clicking the Sign In Link at home page.............
10:57:41.126 [main] INFO  - Enter the username at login page.............
10:57:41.199 [main] INFO  - Enter the password at login page.............
10:57:41.290 [main] INFO  - click the Login Button.............
10:57:41.637 [main] INFO  - After clicking the Login Button .............
10:57:41.650 [main] INFO  -  DS_Feature- User Successfully Logged In 
10:58:02.946 [main] INFO  - Launch the app URL.........
10:58:04.512 [main] INFO  - Application launched.......
10:58:04.513 [main] INFO  - Clicking the GetStarted Button at start page.............
10:58:04.842 [main] INFO  - Clicking the Sign In Link at home page.............
10:58:05.005 [main] INFO  - Enter the username at login page.............
10:58:05.080 [main] INFO  - Enter the password at login page.............
10:58:05.181 [main] INFO  - click the Login Button.............
10:58:05.542 [main] INFO  - After clicking the Login Button .............
10:58:05.560 [main] INFO  -  DS_Feature- User Successfully Logged In 
11:02:38.626 [main] INFO  - Launch the app URL.........
11:02:40.566 [main] INFO  - Application launched.......
11:02:40.607 [main] INFO  - Clicking the GetStarted Button at start page.............
11:02:40.978 [main] INFO  - Clicking the Sign In Link at home page.............
11:02:41.165 [main] INFO  - Enter the username at login page.............
11:02:41.238 [main] INFO  - Enter the password at login page.............
11:02:41.341 [main] INFO  - click the Login Button.............
11:02:41.675 [main] INFO  - After clicking the Login Button .............
11:02:41.689 [main] INFO  -  DS_Feature- User Successfully Logged In 
11:02:41.694 [main] INFO  - Clicking the Data Structures Introduction Get started button.....
11:02:41.873 [main] INFO  - After clicking DS_Get started button ...........
11:02:42.148 [main] INFO  - Launch the app URL.........
11:02:43.688 [main] INFO  - Application launched.......
11:02:43.691 [main] INFO  - Clicking the GetStarted Button at start page.............
11:02:43.992 [main] INFO  - Clicking the Sign In Link at home page.............
11:02:44.159 [main] INFO  - Enter the username at login page.............
11:02:44.237 [main] INFO  - Enter the password at login page.............
11:02:44.339 [main] INFO  - click the Login Button.............
11:02:44.717 [main] INFO  - After clicking the Login Button .............
11:02:44.725 [main] INFO  -  DS_Feature- User Successfully Logged In 
11:02:44.890 [main] INFO  - Clicking the Time Complexity button in the DS Introduction Page ...........
11:02:45.111 [main] INFO  - 
11:02:45.304 [main] INFO  - Launch the app URL.........
11:02:46.778 [main] INFO  - Application launched.......
11:02:46.781 [main] INFO  - Clicking the GetStarted Button at start page.............
11:02:47.187 [main] INFO  - Clicking the Sign In Link at home page.............
11:02:47.385 [main] INFO  - Enter the username at login page.............
11:02:47.460 [main] INFO  - Enter the password at login page.............
11:02:47.549 [main] INFO  - click the Login Button.............
11:02:47.904 [main] INFO  - After clicking the Login Button .............
11:02:47.918 [main] INFO  -  DS_Feature- User Successfully Logged In 
11:02:48.654 [main] INFO  - Launch the app URL.........
11:02:50.103 [main] INFO  - Application launched.......
11:02:50.104 [main] INFO  - Clicking the GetStarted Button at start page.............
11:02:50.421 [main] INFO  - Clicking the Sign In Link at home page.............
11:02:50.586 [main] INFO  - Enter the username at login page.............
11:02:50.665 [main] INFO  - Enter the password at login page.............
11:02:50.765 [main] INFO  - click the Login Button.............
11:02:51.119 [main] INFO  - After clicking the Login Button .............
11:02:51.137 [main] INFO  -  DS_Feature- User Successfully Logged In 
11:02:51.900 [main] INFO  - Launch the app URL.........
11:02:53.316 [main] INFO  - Application launched.......
11:02:53.317 [main] INFO  - Clicking the GetStarted Button at start page.............
11:02:53.690 [main] INFO  - Clicking the Sign In Link at home page.............
11:02:53.913 [main] INFO  - Enter the username at login page.............
11:02:53.993 [main] INFO  - Enter the password at login page.............
11:02:54.089 [main] INFO  - click the Login Button.............
11:02:54.445 [main] INFO  - After clicking the Login Button .............
11:02:54.459 [main] INFO  -  DS_Feature- User Successfully Logged In 
11:02:55.513 [main] INFO  - Launch the app URL.........
11:02:56.966 [main] INFO  - Application launched.......
11:02:56.968 [main] INFO  - Clicking the GetStarted Button at start page.............
11:02:57.309 [main] INFO  - Clicking the Sign In Link at home page.............
11:02:57.501 [main] INFO  - Enter the username at login page.............
11:02:57.576 [main] INFO  - Enter the password at login page.............
11:02:57.672 [main] INFO  - click the Login Button.............
11:02:58.049 [main] INFO  - After clicking the Login Button .............
11:02:58.062 [main] INFO  -  DS_Feature- User Successfully Logged In 
11:02:59.081 [main] INFO  - Launch the app URL.........
11:03:00.614 [main] INFO  - Application launched.......
11:03:00.618 [main] INFO  - Clicking the GetStarted Button at start page.............
11:03:01.009 [main] INFO  - Clicking the Sign In Link at home page.............
11:03:01.174 [main] INFO  - Enter the username at login page.............
11:03:01.266 [main] INFO  - Enter the password at login page.............
11:03:01.366 [main] INFO  - click the Login Button.............
11:03:01.699 [main] INFO  - After clicking the Login Button .............
11:03:01.710 [main] INFO  -  DS_Feature- User Successfully Logged In 
11:03:33.236 [main] INFO  - Launch the app URL.........
11:03:34.801 [main] INFO  - Application launched.......
11:03:34.803 [main] INFO  - Clicking the GetStarted Button at start page.............
11:03:35.194 [main] INFO  - Clicking the Sign In Link at home page.............
11:03:35.361 [main] INFO  - Enter the username at login page.............
11:03:35.451 [main] INFO  - Enter the password at login page.............
11:03:35.564 [main] INFO  - click the Login Button.............
11:03:35.910 [main] INFO  - After clicking the Login Button .............
11:03:35.921 [main] INFO  -  DS_Feature- User Successfully Logged In 
11:13:53.912 [main] INFO  - Launch the app URL.........
11:13:56.107 [main] INFO  - Application launched.......
11:13:56.185 [main] INFO  - Clicking the GetStarted Button at start page.............
11:13:56.645 [main] INFO  - Clicking the Sign In Link at home page.............
11:13:56.831 [main] INFO  - Enter the username at login page.............
11:13:56.917 [main] INFO  - Enter the password at login page.............
11:13:57.020 [main] INFO  - click the Login Button.............
11:13:57.377 [main] INFO  - After clicking the Login Button .............
11:13:57.390 [main] INFO  -  DS_Feature- User Successfully Logged In 
11:13:57.395 [main] INFO  - Clicking the Data Structures Introduction Get started button.....
11:13:57.826 [main] INFO  - After clicking DS_Get started button ...........
11:13:58.087 [main] INFO  - Launch the app URL.........
11:13:59.569 [main] INFO  - Application launched.......
11:13:59.574 [main] INFO  - Clicking the GetStarted Button at start page.............
11:13:59.946 [main] INFO  - Clicking the Sign In Link at home page.............
11:14:00.109 [main] INFO  - Enter the username at login page.............
11:14:00.186 [main] INFO  - Enter the password at login page.............
11:14:00.279 [main] INFO  - click the Login Button.............
11:14:00.633 [main] INFO  - After clicking the Login Button .............
11:14:00.644 [main] INFO  -  DS_Feature- User Successfully Logged In 
11:14:00.817 [main] INFO  - Clicking the Time Complexity button in the DS Introduction Page ...........
11:14:01.014 [main] INFO  - 
11:14:01.313 [main] INFO  - Launch the app URL.........
11:14:02.794 [main] INFO  - Application launched.......
11:14:02.795 [main] INFO  - Clicking the GetStarted Button at start page.............
11:14:03.157 [main] INFO  - Clicking the Sign In Link at home page.............
11:14:03.349 [main] INFO  - Enter the username at login page.............
11:14:03.421 [main] INFO  - Enter the password at login page.............
11:14:03.547 [main] INFO  - click the Login Button.............
11:14:03.890 [main] INFO  - After clicking the Login Button .............
11:14:03.896 [main] INFO  -  DS_Feature- User Successfully Logged In 
11:14:04.605 [main] INFO  - Launch the app URL.........
11:14:06.142 [main] INFO  - Application launched.......
11:14:06.144 [main] INFO  - Clicking the GetStarted Button at start page.............
11:14:06.472 [main] INFO  - Clicking the Sign In Link at home page.............
11:14:06.630 [main] INFO  - Enter the username at login page.............
11:14:06.699 [main] INFO  - Enter the password at login page.............
11:14:06.790 [main] INFO  - click the Login Button.............
11:14:07.143 [main] INFO  - After clicking the Login Button .............
11:14:07.154 [main] INFO  -  DS_Feature- User Successfully Logged In 
11:14:07.874 [main] INFO  - Launch the app URL.........
11:14:09.372 [main] INFO  - Application launched.......
11:14:09.374 [main] INFO  - Clicking the GetStarted Button at start page.............
11:14:09.719 [main] INFO  - Clicking the Sign In Link at home page.............
11:14:09.887 [main] INFO  - Enter the username at login page.............
11:14:09.984 [main] INFO  - Enter the password at login page.............
11:14:10.109 [main] INFO  - click the Login Button.............
11:14:10.474 [main] INFO  - After clicking the Login Button .............
11:14:10.487 [main] INFO  -  DS_Feature- User Successfully Logged In 
11:14:11.521 [main] INFO  - Launch the app URL.........
11:14:13.080 [main] INFO  - Application launched.......
11:14:13.082 [main] INFO  - Clicking the GetStarted Button at start page.............
11:14:13.414 [main] INFO  - Clicking the Sign In Link at home page.............
11:14:13.579 [main] INFO  - Enter the username at login page.............
11:14:13.647 [main] INFO  - Enter the password at login page.............
11:14:13.741 [main] INFO  - click the Login Button.............
11:14:14.129 [main] INFO  - After clicking the Login Button .............
11:14:14.140 [main] INFO  -  DS_Feature- User Successfully Logged In 
11:14:15.251 [main] INFO  - Launch the app URL.........
11:14:16.739 [main] INFO  - Application launched.......
11:14:16.742 [main] INFO  - Clicking the GetStarted Button at start page.............
11:14:17.084 [main] INFO  - Clicking the Sign In Link at home page.............
11:14:17.258 [main] INFO  - Enter the username at login page.............
11:14:17.321 [main] INFO  - Enter the password at login page.............
11:14:17.412 [main] INFO  - click the Login Button.............
11:14:17.780 [main] INFO  - After clicking the Login Button .............
11:14:17.793 [main] INFO  -  DS_Feature- User Successfully Logged In 
11:14:49.202 [main] INFO  - Launch the app URL.........
11:14:50.712 [main] INFO  - Application launched.......
11:14:50.713 [main] INFO  - Clicking the GetStarted Button at start page.............
11:14:51.065 [main] INFO  - Clicking the Sign In Link at home page.............
11:14:51.234 [main] INFO  - Enter the username at login page.............
11:14:51.311 [main] INFO  - Enter the password at login page.............
11:14:51.408 [main] INFO  - click the Login Button.............
11:14:51.768 [main] INFO  - After clicking the Login Button .............
11:14:51.779 [main] INFO  -  DS_Feature- User Successfully Logged In 
11:16:12.736 [main] INFO  - Launch the app URL.........
11:16:15.516 [main] INFO  - Application launched.......
11:16:15.547 [main] INFO  - Clicking the GetStarted Button at start page.............
11:16:17.244 [main] INFO  - Clicking the Sign In Link at home page.............
11:16:17.411 [main] INFO  - Enter the username at login page.............
11:16:17.488 [main] INFO  - Enter the password at login page.............
11:16:17.588 [main] INFO  - click the Login Button.............
11:16:17.946 [main] INFO  - After clicking the Login Button .............
11:16:17.964 [main] INFO  -  DS_Feature- User Successfully Logged In 
11:16:17.967 [main] INFO  - Clicking the Data Structures Introduction Get started button.....
11:16:18.161 [main] INFO  - After clicking DS_Get started button ...........
11:16:18.397 [main] INFO  - Launch the app URL.........
11:16:20.146 [main] INFO  - Application launched.......
11:16:20.155 [main] INFO  - Clicking the GetStarted Button at start page.............
11:16:20.542 [main] INFO  - Clicking the Sign In Link at home page.............
11:16:20.730 [main] INFO  - Enter the username at login page.............
11:16:20.815 [main] INFO  - Enter the password at login page.............
11:16:20.919 [main] INFO  - click the Login Button.............
11:16:21.275 [main] INFO  - After clicking the Login Button .............
11:16:21.292 [main] INFO  -  DS_Feature- User Successfully Logged In 
11:16:21.470 [main] INFO  - Clicking the Time Complexity button in the DS Introduction Page ...........
11:16:21.656 [main] INFO  - 
11:16:21.889 [main] INFO  - Launch the app URL.........
11:16:23.361 [main] INFO  - Application launched.......
11:16:23.365 [main] INFO  - Clicking the GetStarted Button at start page.............
11:16:23.741 [main] INFO  - Clicking the Sign In Link at home page.............
11:16:23.939 [main] INFO  - Enter the username at login page.............
11:16:24.008 [main] INFO  - Enter the password at login page.............
11:16:24.099 [main] INFO  - click the Login Button.............
11:16:24.461 [main] INFO  - After clicking the Login Button .............
11:16:24.473 [main] INFO  -  DS_Feature- User Successfully Logged In 
11:16:25.222 [main] INFO  - Launch the app URL.........
11:16:26.691 [main] INFO  - Application launched.......
11:16:26.692 [main] INFO  - Clicking the GetStarted Button at start page.............
11:16:27.123 [main] INFO  - Clicking the Sign In Link at home page.............
11:16:27.314 [main] INFO  - Enter the username at login page.............
11:16:27.402 [main] INFO  - Enter the password at login page.............
11:16:27.524 [main] INFO  - click the Login Button.............
11:16:27.888 [main] INFO  - After clicking the Login Button .............
11:16:27.898 [main] INFO  -  DS_Feature- User Successfully Logged In 
11:16:28.562 [main] INFO  - Launch the app URL.........
11:16:29.958 [main] INFO  - Application launched.......
11:16:29.960 [main] INFO  - Clicking the GetStarted Button at start page.............
11:16:30.382 [main] INFO  - Clicking the Sign In Link at home page.............
11:16:30.600 [main] INFO  - Enter the username at login page.............
11:16:30.692 [main] INFO  - Enter the password at login page.............
11:16:30.809 [main] INFO  - click the Login Button.............
11:16:31.184 [main] INFO  - After clicking the Login Button .............
11:16:31.192 [main] INFO  -  DS_Feature- User Successfully Logged In 
11:16:32.300 [main] INFO  - Launch the app URL.........
11:16:33.834 [main] INFO  - Application launched.......
11:16:33.836 [main] INFO  - Clicking the GetStarted Button at start page.............
11:16:34.175 [main] INFO  - Clicking the Sign In Link at home page.............
11:16:34.351 [main] INFO  - Enter the username at login page.............
11:16:34.424 [main] INFO  - Enter the password at login page.............
11:16:34.520 [main] INFO  - click the Login Button.............
11:16:34.834 [main] INFO  - After clicking the Login Button .............
11:16:34.848 [main] INFO  -  DS_Feature- User Successfully Logged In 
11:16:35.912 [main] INFO  - Launch the app URL.........
11:16:37.450 [main] INFO  - Application launched.......
11:16:37.453 [main] INFO  - Clicking the GetStarted Button at start page.............
11:16:37.831 [main] INFO  - Clicking the Sign In Link at home page.............
11:16:37.994 [main] INFO  - Enter the username at login page.............
11:16:38.080 [main] INFO  - Enter the password at login page.............
11:16:38.177 [main] INFO  - click the Login Button.............
11:16:38.489 [main] INFO  - After clicking the Login Button .............
11:16:38.505 [main] INFO  -  DS_Feature- User Successfully Logged In 
11:16:59.932 [main] INFO  - Launch the app URL.........
11:17:01.435 [main] INFO  - Application launched.......
11:17:01.436 [main] INFO  - Clicking the GetStarted Button at start page.............
11:17:01.829 [main] INFO  - Clicking the Sign In Link at home page.............
11:17:01.974 [main] INFO  - Enter the username at login page.............
11:17:02.054 [main] INFO  - Enter the password at login page.............
11:17:02.148 [main] INFO  - click the Login Button.............
11:17:02.500 [main] INFO  - After clicking the Login Button .............
11:17:02.514 [main] INFO  -  DS_Feature- User Successfully Logged In 
11:18:20.900 [main] INFO  - Launch the app URL.........
11:18:23.160 [main] INFO  - Application launched.......
11:18:23.193 [main] INFO  - Clicking the GetStarted Button at start page.............
11:18:23.652 [main] INFO  - Clicking the Sign In Link at home page.............
11:18:23.893 [main] INFO  - Enter the username at login page.............
11:18:24.095 [main] INFO  - Enter the password at login page.............
11:18:24.205 [main] INFO  - click the Login Button.............
11:18:24.623 [main] INFO  - After clicking the Login Button .............
11:18:24.636 [main] INFO  -  DS_Feature- User Successfully Logged In 
11:18:24.640 [main] INFO  - Clicking the Data Structures Introduction Get started button.....
11:18:25.016 [main] INFO  - After clicking DS_Get started button ...........
11:18:25.624 [main] INFO  - Launch the app URL.........
11:18:27.558 [main] INFO  - Application launched.......
11:18:27.559 [main] INFO  - Clicking the GetStarted Button at start page.............
11:18:28.077 [main] INFO  - Clicking the Sign In Link at home page.............
11:18:28.263 [main] INFO  - Enter the username at login page.............
11:18:28.439 [main] INFO  - Enter the password at login page.............
11:18:28.559 [main] INFO  - click the Login Button.............
11:18:28.916 [main] INFO  - After clicking the Login Button .............
11:18:28.929 [main] INFO  -  DS_Feature- User Successfully Logged In 
11:18:29.120 [main] INFO  - Clicking the Time Complexity button in the DS Introduction Page ...........
11:18:29.315 [main] INFO  - 
11:18:29.470 [main] INFO  - Launch the app URL.........
11:18:31.279 [main] INFO  - Application launched.......
11:18:31.280 [main] INFO  - Clicking the GetStarted Button at start page.............
11:18:31.676 [main] INFO  - Clicking the Sign In Link at home page.............
11:18:31.879 [main] INFO  - Enter the username at login page.............
11:18:31.949 [main] INFO  - Enter the password at login page.............
11:18:32.015 [main] INFO  - click the Login Button.............
11:18:32.431 [main] INFO  - After clicking the Login Button .............
11:18:32.441 [main] INFO  -  DS_Feature- User Successfully Logged In 
11:18:33.367 [main] INFO  - Launch the app URL.........
11:18:35.033 [main] INFO  - Application launched.......
11:18:35.037 [main] INFO  - Clicking the GetStarted Button at start page.............
11:18:35.421 [main] INFO  - Clicking the Sign In Link at home page.............
11:18:35.641 [main] INFO  - Enter the username at login page.............
11:18:35.876 [main] INFO  - Enter the password at login page.............
11:18:36.048 [main] INFO  - click the Login Button.............
11:18:36.479 [main] INFO  - After clicking the Login Button .............
11:18:36.492 [main] INFO  -  DS_Feature- User Successfully Logged In 
11:18:37.753 [main] INFO  - Launch the app URL.........
11:18:45.255 [main] INFO  - Application launched.......
11:18:45.256 [main] INFO  - Clicking the GetStarted Button at start page.............
11:18:45.637 [main] INFO  - Clicking the Sign In Link at home page.............
11:18:45.847 [main] INFO  - Enter the username at login page.............
11:18:46.048 [main] INFO  - Enter the password at login page.............
11:18:46.129 [main] INFO  - click the Login Button.............
11:18:46.483 [main] INFO  - After clicking the Login Button .............
11:18:46.493 [main] INFO  -  DS_Feature- User Successfully Logged In 
11:18:47.751 [main] INFO  - Launch the app URL.........
11:18:49.218 [main] INFO  - Application launched.......
11:18:49.219 [main] INFO  - Clicking the GetStarted Button at start page.............
11:18:49.609 [main] INFO  - Clicking the Sign In Link at home page.............
11:18:49.767 [main] INFO  - Enter the username at login page.............
11:18:49.832 [main] INFO  - Enter the password at login page.............
11:18:49.922 [main] INFO  - click the Login Button.............
11:18:50.283 [main] INFO  - After clicking the Login Button .............
11:18:50.302 [main] INFO  -  DS_Feature- User Successfully Logged In 
11:18:51.526 [main] INFO  - Launch the app URL.........
11:18:53.131 [main] INFO  - Application launched.......
11:18:53.132 [main] INFO  - Clicking the GetStarted Button at start page.............
11:18:53.645 [main] INFO  - Clicking the Sign In Link at home page.............
11:18:53.940 [main] INFO  - Enter the username at login page.............
11:18:54.048 [main] INFO  - Enter the password at login page.............
11:18:54.139 [main] INFO  - click the Login Button.............
11:18:54.502 [main] INFO  - After clicking the Login Button .............
11:18:54.512 [main] INFO  -  DS_Feature- User Successfully Logged In 
11:19:16.110 [main] INFO  - Launch the app URL.........
11:19:17.829 [main] INFO  - Application launched.......
11:19:17.830 [main] INFO  - Clicking the GetStarted Button at start page.............
11:19:18.175 [main] INFO  - Clicking the Sign In Link at home page.............
11:19:18.354 [main] INFO  - Enter the username at login page.............
11:19:18.423 [main] INFO  - Enter the password at login page.............
11:19:18.518 [main] INFO  - click the Login Button.............
11:19:18.865 [main] INFO  - After clicking the Login Button .............
11:19:18.874 [main] INFO  -  DS_Feature- User Successfully Logged In 
11:33:50.876 [main] INFO  - Launch the app URL.........
11:33:53.695 [main] INFO  - Application launched.......
11:33:53.732 [main] INFO  - Clicking the GetStarted Button at start page.............
11:33:54.083 [main] INFO  - Clicking the Sign In Link at home page.............
11:33:54.300 [main] INFO  - Enter the username at login page.............
11:33:54.377 [main] INFO  - Enter the password at login page.............
11:33:54.478 [main] INFO  - click the Login Button.............
11:33:54.810 [main] INFO  - After clicking the Login Button .............
11:33:54.822 [main] INFO  -  DS_Feature- User Successfully Logged In 
11:33:54.827 [main] INFO  - Clicking the Data Structures Introduction Get started button.....
11:33:54.995 [main] INFO  - After clicking DS_Get started button ...........
11:33:55.239 [main] INFO  - Launch the app URL.........
11:35:48.616 [main] INFO  - Launch the app URL.........
11:35:50.137 [main] INFO  - Application launched.......
11:35:50.140 [main] INFO  - Clicking the GetStarted Button at start page.............
11:35:50.519 [main] INFO  - Clicking the Sign In Link at home page.............
11:35:50.685 [main] INFO  - Enter the username at login page.............
11:35:50.757 [main] INFO  - Enter the password at login page.............
11:35:50.874 [main] INFO  - click the Login Button.............
11:35:51.228 [main] INFO  - After clicking the Login Button .............
11:35:51.242 [main] INFO  -  DS_Feature- User Successfully Logged In 
11:35:51.945 [main] INFO  - Launch the app URL.........
11:35:53.512 [main] INFO  - Application launched.......
11:35:53.514 [main] INFO  - Clicking the GetStarted Button at start page.............
11:35:53.911 [main] INFO  - Clicking the Sign In Link at home page.............
11:35:54.084 [main] INFO  - Enter the username at login page.............
11:35:54.165 [main] INFO  - Enter the password at login page.............
11:35:54.257 [main] INFO  - click the Login Button.............
11:35:54.582 [main] INFO  - After clicking the Login Button .............
11:35:54.591 [main] INFO  -  DS_Feature- User Successfully Logged In 
11:35:55.283 [main] INFO  - Launch the app URL.........
11:35:56.689 [main] INFO  - Application launched.......
11:35:56.691 [main] INFO  - Clicking the GetStarted Button at start page.............
11:35:57.010 [main] INFO  - Clicking the Sign In Link at home page.............
