16:30:02.436 [main] INFO  - Launch the app URL.........
16:30:05.758 [main] INFO  - Application launched.......
16:30:05.768 [main] INFO  - User clicks the GetStarted Button at start page and clicks the Sign In.. 
16:30:06.909 [main] INFO  - User login with valid username and password..........
17:00:56.513 [main] INFO  - Launch the app URL.........
17:01:03.820 [main] INFO  - Application launched.......
17:01:03.836 [main] INFO  - User clicks the GetStarted Button at start page and clicks the Sign In.. 
17:01:04.704 [main] INFO  - User login with valid username and password..........
17:01:05.333 [main] INFO  - Clicking the Array Page After Login..........
17:05:52.655 [main] INFO  - Launch the app URL.........
17:05:55.189 [main] INFO  - Application launched.......
17:05:55.193 [main] INFO  - User clicks the GetStarted Button at start page and clicks the Sign In.. 
17:05:55.885 [main] INFO  - User login with valid username and password..........
17:05:56.489 [main] INFO  - Clicking the Array Page After Login..........
17:05:57.597 [main] INFO  - Launch the app URL.........
17:05:59.408 [main] INFO  - Application launched.......
17:05:59.409 [main] INFO  - User clicks the GetStarted Button at start page and clicks the Sign In.. 
17:06:00.182 [main] INFO  - User login with valid username and password..........
17:06:00.827 [main] INFO  - Clicking the Array Page After Login..........
17:06:01.329 [main] INFO  - Launch the app URL.........
17:06:03.133 [main] INFO  - Application launched.......
17:06:03.134 [main] INFO  - User clicks the GetStarted Button at start page and clicks the Sign In.. 
17:06:03.843 [main] INFO  - User login with valid username and password..........
17:06:04.361 [main] INFO  - Clicking the Array Page After Login..........
17:06:04.866 [main] INFO  - Launch the app URL.........
17:06:06.830 [main] INFO  - Application launched.......
17:06:06.830 [main] INFO  - User clicks the GetStarted Button at start page and clicks the Sign In.. 
17:06:07.486 [main] INFO  - User login with valid username and password..........
17:06:08.277 [main] INFO  - Clicking the Array Page After Login..........
17:49:45.926 [main] INFO  - Launch the app URL.........
17:49:48.326 [main] INFO  - Launch the app URL.........
17:49:50.326 [main] INFO  - Application launched.......
17:49:50.327 [main] INFO  - User clicks the GetStarted Button at start page and clicks the Sign In.. 
17:49:50.951 [main] INFO  - User login with valid username and password..........
17:49:51.460 [main] INFO  - Clicking the Array Page After Login..........
17:49:52.177 [main] INFO  - Launch the app URL.........
17:49:53.992 [main] INFO  - Application launched.......
17:49:53.993 [main] INFO  - User clicks the GetStarted Button at start page and clicks the Sign In.. 
17:49:54.604 [main] INFO  - User login with valid username and password..........
17:49:55.263 [main] INFO  - Clicking the Array Page After Login..........
17:49:56.111 [main] INFO  - Launch the app URL.........
17:49:57.808 [main] INFO  - Application launched.......
17:49:57.809 [main] INFO  - User clicks the GetStarted Button at start page and clicks the Sign In.. 
17:49:58.329 [main] INFO  - User login with valid username and password..........
17:49:58.888 [main] INFO  - Clicking the Array Page After Login..........
17:52:43.794 [main] INFO  - Launch the app URL.........
17:52:45.926 [main] INFO  - Application launched.......
17:52:45.930 [main] INFO  - User clicks the GetStarted Button at start page and clicks the Sign In.. 
17:52:46.457 [main] INFO  - User login with valid username and password..........
17:52:47.009 [main] INFO  - Clicking the Array Page After Login..........
17:52:47.867 [main] INFO  - Launch the app URL.........
17:52:49.568 [main] INFO  - Application launched.......
17:52:49.569 [main] INFO  - User clicks the GetStarted Button at start page and clicks the Sign In.. 
17:52:50.003 [main] INFO  - User login with valid username and password..........
17:52:50.569 [main] INFO  - Clicking the Array Page After Login..........
17:52:51.152 [main] INFO  - Launch the app URL.........
17:52:52.739 [main] INFO  - Application launched.......
17:52:52.739 [main] INFO  - User clicks the GetStarted Button at start page and clicks the Sign In.. 
17:52:53.240 [main] INFO  - User login with valid username and password..........
17:52:53.768 [main] INFO  - Clicking the Array Page After Login..........
17:52:54.595 [main] INFO  - Launch the app URL.........
17:52:56.277 [main] INFO  - Application launched.......
17:52:56.277 [main] INFO  - User clicks the GetStarted Button at start page and clicks the Sign In.. 
17:52:56.804 [main] INFO  - User login with valid username and password..........
17:52:57.315 [main] INFO  - Clicking the Array Page After Login..........
17:54:42.387 [main] INFO  - Launch the app URL.........
17:54:44.473 [main] INFO  - Application launched.......
17:54:44.493 [main] INFO  - User clicks the GetStarted Button at start page and clicks the Sign In.. 
17:54:45.055 [main] INFO  - User login with valid username and password..........
17:54:45.556 [main] INFO  - Clicking the Array Page After Login..........
17:54:46.396 [main] INFO  - Launch the app URL.........
17:54:47.951 [main] INFO  - Application launched.......
17:54:47.952 [main] INFO  - User clicks the GetStarted Button at start page and clicks the Sign In.. 
17:54:48.425 [main] INFO  - User login with valid username and password..........
17:54:48.939 [main] INFO  - Clicking the Array Page After Login..........
17:54:49.620 [main] INFO  - Launch the app URL.........
17:54:53.094 [main] INFO  - Application launched.......
17:54:53.097 [main] INFO  - User clicks the GetStarted Button at start page and clicks the Sign In.. 
17:54:53.551 [main] INFO  - User login with valid username and password..........
17:54:54.031 [main] INFO  - Clicking the Array Page After Login..........
17:54:54.796 [main] INFO  - Launch the app URL.........
17:54:56.531 [main] INFO  - Application launched.......
17:54:56.533 [main] INFO  - User clicks the GetStarted Button at start page and clicks the Sign In.. 
17:54:57.026 [main] INFO  - User login with valid username and password..........
17:54:57.563 [main] INFO  - Clicking the Array Page After Login..........
18:03:19.147 [main] INFO  - Launch the app URL.........
18:03:21.723 [main] INFO  - Application launched.......
18:03:21.730 [main] INFO  - User clicks the GetStarted Button at start page and clicks the Sign In.. 
18:03:22.256 [main] INFO  - User login with valid username and password..........
18:03:22.790 [main] INFO  - Clicking the Array Page After Login..........
18:03:23.623 [main] INFO  - Launch the app URL.........
18:03:25.285 [main] INFO  - Application launched.......
18:03:25.286 [main] INFO  - User clicks the GetStarted Button at start page and clicks the Sign In.. 
18:03:25.817 [main] INFO  - User login with valid username and password..........
18:03:26.348 [main] INFO  - Clicking the Array Page After Login..........
18:03:27.027 [main] INFO  - Launch the app URL.........
18:03:28.675 [main] INFO  - Application launched.......
18:03:28.675 [main] INFO  - User clicks the GetStarted Button at start page and clicks the Sign In.. 
18:03:29.133 [main] INFO  - User login with valid username and password..........
18:03:29.604 [main] INFO  - Clicking the Array Page After Login..........
18:03:30.248 [main] INFO  - Launch the app URL.........
18:03:31.846 [main] INFO  - Application launched.......
18:03:31.847 [main] INFO  - User clicks the GetStarted Button at start page and clicks the Sign In.. 
18:03:32.315 [main] INFO  - User login with valid username and password..........
18:03:32.866 [main] INFO  - Clicking the Array Page After Login..........
18:03:33.487 [main] INFO  - Launch the app URL.........
18:03:35.105 [main] INFO  - Application launched.......
18:03:35.105 [main] INFO  - User clicks the GetStarted Button at start page and clicks the Sign In.. 
18:03:35.568 [main] INFO  - User login with valid username and password..........
18:03:36.104 [main] INFO  - Clicking the Array Page After Login..........
18:03:36.540 [main] INFO  - Launch the app URL.........
18:03:38.084 [main] INFO  - Application launched.......
18:03:38.084 [main] INFO  - User clicks the GetStarted Button at start page and clicks the Sign In.. 
18:03:38.581 [main] INFO  - User login with valid username and password..........
18:03:39.100 [main] INFO  - Clicking the Array Page After Login..........
18:03:39.570 [main] INFO  - Launch the app URL.........
18:03:41.185 [main] INFO  - Application launched.......
18:03:41.187 [main] INFO  - User clicks the GetStarted Button at start page and clicks the Sign In.. 
18:03:41.669 [main] INFO  - User login with valid username and password..........
18:03:42.168 [main] INFO  - Clicking the Array Page After Login..........
18:03:42.576 [main] INFO  - Launch the app URL.........
18:03:44.194 [main] INFO  - Application launched.......
18:03:44.194 [main] INFO  - User clicks the GetStarted Button at start page and clicks the Sign In.. 
18:03:44.669 [main] INFO  - User login with valid username and password..........
18:03:45.161 [main] INFO  - Clicking the Array Page After Login..........
19:52:35.207 [main] INFO  - Launch the app URL.........
19:52:37.685 [main] INFO  - Launch the app URL.........
19:52:39.663 [main] INFO  - Application launched.......
19:52:39.663 [main] INFO  - User clicks the GetStarted Button at start page and clicks the Sign In.. 
19:52:40.301 [main] INFO  - User login with valid username and password..........
19:52:40.826 [main] INFO  - Clicking the Array Page After Login..........
19:52:41.466 [main] INFO  - Launch the app URL.........
19:52:43.370 [main] INFO  - Application launched.......
19:52:43.371 [main] INFO  - User clicks the GetStarted Button at start page and clicks the Sign In.. 
19:52:43.849 [main] INFO  - User login with valid username and password..........
19:52:44.335 [main] INFO  - Clicking the Array Page After Login..........
19:52:44.996 [main] INFO  - Launch the app URL.........
19:52:46.620 [main] INFO  - Application launched.......
19:52:46.621 [main] INFO  - User clicks the GetStarted Button at start page and clicks the Sign In.. 
19:52:47.119 [main] INFO  - User login with valid username and password..........
19:52:47.628 [main] INFO  - Clicking the Array Page After Login..........
19:52:48.235 [main] INFO  - Launch the app URL.........
19:52:49.852 [main] INFO  - Application launched.......
19:52:49.852 [main] INFO  - User clicks the GetStarted Button at start page and clicks the Sign In.. 
19:52:50.302 [main] INFO  - User login with valid username and password..........
19:52:50.809 [main] INFO  - Clicking the Array Page After Login..........
19:52:51.212 [main] INFO  - Clicking the TryHere Button......
19:52:51.797 [main] INFO  - Launch the app URL.........
19:52:53.540 [main] INFO  - Application launched.......
19:52:53.540 [main] INFO  - User clicks the GetStarted Button at start page and clicks the Sign In.. 
19:52:54.030 [main] INFO  - User login with valid username and password..........
19:52:54.572 [main] INFO  - Clicking the Array Page After Login..........
19:52:55.401 [main] INFO  - Entering valid python code..........
19:52:55.838 [main] INFO  - Console output.......     Numpy Ninja'Numpy Ninja'
19:52:56.303 [main] INFO  - Launch the app URL.........
19:52:57.991 [main] INFO  - Application launched.......
19:52:57.992 [main] INFO  - User clicks the GetStarted Button at start page and clicks the Sign In.. 
19:52:58.692 [main] INFO  - User login with valid username and password..........
19:52:59.170 [main] INFO  - Clicking the Array Page After Login..........
19:52:59.972 [main] INFO  - Entering valid python code..........
19:53:00.395 [main] INFO  - Console output.......     Numpy Ninja'Numpy Ninja'
19:53:00.674 [main] INFO  - Launch the app URL.........
19:53:03.016 [main] INFO  - Launch the app URL.........
19:53:04.757 [main] INFO  - Launch the app URL.........
19:53:07.945 [main] INFO  - Application launched.......
19:53:07.945 [main] INFO  - User clicks the GetStarted Button at start page and clicks the Sign In.. 
19:53:08.474 [main] INFO  - User login with valid username and password..........
19:53:08.995 [main] INFO  - Clicking the Array Page After Login..........
19:53:10.636 [main] INFO  - Launch the app URL.........
19:53:12.275 [main] INFO  - Application launched.......
19:53:12.275 [main] INFO  - User clicks the GetStarted Button at start page and clicks the Sign In.. 
19:53:12.780 [main] INFO  - User login with valid username and password..........
19:53:13.342 [main] INFO  - Clicking the Array Page After Login..........
19:53:14.722 [main] INFO  - Launch the app URL.........
19:53:16.536 [main] INFO  - Application launched.......
19:53:16.537 [main] INFO  - User clicks the GetStarted Button at start page and clicks the Sign In.. 
19:53:17.100 [main] INFO  - User login with valid username and password..........
19:53:17.682 [main] INFO  - Clicking the Array Page After Login..........
19:53:18.561 [main] INFO  - Launch the app URL.........
19:53:20.550 [main] INFO  - Application launched.......
19:53:20.550 [main] INFO  - User clicks the GetStarted Button at start page and clicks the Sign In.. 
19:53:21.113 [main] INFO  - User login with valid username and password..........
19:53:21.733 [main] INFO  - Clicking the Array Page After Login..........
20:03:58.939 [main] INFO  - Launch the app URL.........
20:04:01.349 [main] INFO  - Application launched.......
20:04:01.360 [main] INFO  - User clicks the GetStarted Button at start page and clicks the Sign In.. 
20:04:01.860 [main] INFO  - User login with valid username and password..........
20:04:02.389 [main] INFO  - Clicking the Array Page After Login..........
20:04:03.259 [main] INFO  - Launch the app URL.........
20:04:04.945 [main] INFO  - Application launched.......
20:04:04.947 [main] INFO  - User clicks the GetStarted Button at start page and clicks the Sign In.. 
20:04:05.485 [main] INFO  - User login with valid username and password..........
20:04:05.999 [main] INFO  - Clicking the Array Page After Login..........
20:04:06.857 [main] INFO  - Launch the app URL.........
20:04:08.616 [main] INFO  - Application launched.......
20:04:08.618 [main] INFO  - User clicks the GetStarted Button at start page and clicks the Sign In.. 
20:04:09.110 [main] INFO  - User login with valid username and password..........
20:04:09.630 [main] INFO  - Clicking the Array Page After Login..........
20:04:10.518 [main] INFO  - Launch the app URL.........
20:04:12.274 [main] INFO  - Application launched.......
20:04:12.275 [main] INFO  - User clicks the GetStarted Button at start page and clicks the Sign In.. 
20:04:12.776 [main] INFO  - User login with valid username and password..........
20:04:13.308 [main] INFO  - Clicking the Array Page After Login..........
20:04:13.923 [main] INFO  - Launch the app URL.........
20:04:15.563 [main] INFO  - Application launched.......
20:04:15.572 [main] INFO  - User clicks the GetStarted Button at start page and clicks the Sign In.. 
20:04:16.044 [main] INFO  - User login with valid username and password..........
20:04:16.546 [main] INFO  - Clicking the Array Page After Login..........
20:04:16.993 [main] INFO  - Clicking the TryHere Button......
20:04:17.918 [main] INFO  - Launch the app URL.........
20:04:19.678 [main] INFO  - Application launched.......
20:04:19.678 [main] INFO  - User clicks the GetStarted Button at start page and clicks the Sign In.. 
20:04:20.157 [main] INFO  - User login with valid username and password..........
20:04:20.675 [main] INFO  - Clicking the Array Page After Login..........
20:04:21.475 [main] INFO  - Entering valid python code..........
20:04:21.895 [main] INFO  - Console output.......     Numpy Ninja'Numpy Ninja'
20:04:22.325 [main] INFO  - Launch the app URL.........
20:04:24.126 [main] INFO  - Application launched.......
20:04:24.129 [main] INFO  - User clicks the GetStarted Button at start page and clicks the Sign In.. 
20:04:24.593 [main] INFO  - User login with valid username and password..........
20:04:25.082 [main] INFO  - Clicking the Array Page After Login..........
20:04:25.884 [main] INFO  - Entering valid python code..........
20:04:26.280 [main] INFO  - Console output.......     Numpy Ninja'Numpy Ninja'
20:04:26.617 [main] INFO  - Launch the app URL.........
20:04:28.300 [main] INFO  - Application launched.......
20:04:28.301 [main] INFO  - User clicks the GetStarted Button at start page and clicks the Sign In.. 
20:04:28.789 [main] INFO  - User login with valid username and password..........
20:04:29.300 [main] INFO  - Clicking the Array Page After Login..........
20:04:30.806 [main] INFO  - Launch the app URL.........
20:04:32.755 [main] INFO  - Application launched.......
20:04:32.756 [main] INFO  - User clicks the GetStarted Button at start page and clicks the Sign In.. 
20:04:33.310 [main] INFO  - User login with valid username and password..........
20:04:33.888 [main] INFO  - Clicking the Array Page After Login..........
20:04:44.834 [main] INFO  - Launch the app URL.........
20:04:46.514 [main] INFO  - Application launched.......
20:04:46.515 [main] INFO  - User clicks the GetStarted Button at start page and clicks the Sign In.. 
20:04:46.967 [main] INFO  - User login with valid username and password..........
20:04:47.503 [main] INFO  - Clicking the Array Page After Login..........
20:04:58.285 [main] INFO  - Launch the app URL.........
20:05:00.048 [main] INFO  - Application launched.......
20:05:00.048 [main] INFO  - User clicks the GetStarted Button at start page and clicks the Sign In.. 
20:05:00.500 [main] INFO  - User login with valid username and password..........
20:05:01.014 [main] INFO  - Clicking the Array Page After Login..........
20:05:11.766 [main] INFO  - Launch the app URL.........
20:05:13.408 [main] INFO  - Application launched.......
20:05:13.410 [main] INFO  - User clicks the GetStarted Button at start page and clicks the Sign In.. 
20:05:13.887 [main] INFO  - User login with valid username and password..........
20:05:14.383 [main] INFO  - Clicking the Array Page After Login..........
20:05:25.198 [main] INFO  - Launch the app URL.........
20:05:26.911 [main] INFO  - Application launched.......
20:05:26.912 [main] INFO  - User clicks the GetStarted Button at start page and clicks the Sign In.. 
20:05:27.365 [main] INFO  - User login with valid username and password..........
20:05:27.857 [main] INFO  - Clicking the Array Page After Login..........
20:20:17.052 [main] INFO  - Launch the app URL.........
20:20:19.523 [main] INFO  - Application launched.......
20:20:19.543 [main] INFO  - User clicks the GetStarted Button at start page and clicks the Sign In.. 
20:20:20.186 [main] INFO  - User login with valid username and password..........
20:20:20.705 [main] INFO  - Clicking the Array Page After Login..........
20:20:21.511 [main] INFO  - Launch the app URL.........
20:20:23.350 [main] INFO  - Application launched.......
20:20:23.351 [main] INFO  - User clicks the GetStarted Button at start page and clicks the Sign In.. 
20:20:23.851 [main] INFO  - User login with valid username and password..........
20:20:24.359 [main] INFO  - Clicking the Array Page After Login..........
20:20:25.009 [main] INFO  - Launch the app URL.........
20:20:27.012 [main] INFO  - Application launched.......
20:20:27.013 [main] INFO  - User clicks the GetStarted Button at start page and clicks the Sign In.. 
20:20:27.564 [main] INFO  - User login with valid username and password..........
20:20:28.091 [main] INFO  - Clicking the Array Page After Login..........
20:20:28.873 [main] INFO  - Launch the app URL.........
20:20:31.678 [main] INFO  - Launch the app URL.........
20:20:33.822 [main] INFO  - Application launched.......
20:20:33.822 [main] INFO  - User clicks the GetStarted Button at start page and clicks the Sign In.. 
20:20:34.532 [main] INFO  - User login with valid username and password..........
20:20:35.122 [main] INFO  - Clicking the Array Page After Login..........
20:20:35.630 [main] INFO  - Clicking the TryHere Button......
20:20:36.497 [main] INFO  - Launch the app URL.........
20:20:38.308 [main] INFO  - Application launched.......
20:20:38.310 [main] INFO  - User clicks the GetStarted Button at start page and clicks the Sign In.. 
20:20:38.886 [main] INFO  - User login with valid username and password..........
20:20:39.432 [main] INFO  - Clicking the Array Page After Login..........
20:20:40.452 [main] INFO  - Entering valid python code..........
20:20:40.883 [main] INFO  - Console output.......     Numpy Ninja'Numpy Ninja'
20:20:41.119 [main] INFO  - Launch the app URL.........
20:20:43.084 [main] INFO  - Application launched.......
20:20:43.087 [main] INFO  - User clicks the GetStarted Button at start page and clicks the Sign In.. 
20:20:43.653 [main] INFO  - User login with valid username and password..........
20:20:44.247 [main] INFO  - Clicking the Array Page After Login..........
20:20:45.260 [main] INFO  - Entering valid python code..........
20:20:45.735 [main] INFO  - Console output.......     Numpy Ninja'Numpy Ninja'
20:20:45.997 [main] INFO  - Launch the app URL.........
20:20:47.997 [main] INFO  - Application launched.......
20:20:47.999 [main] INFO  - User clicks the GetStarted Button at start page and clicks the Sign In.. 
20:20:48.750 [main] INFO  - User login with valid username and password..........
20:20:49.310 [main] INFO  - Clicking the Array Page After Login..........
20:20:50.779 [main] INFO  - Launch the app URL.........
20:20:52.804 [main] INFO  - Application launched.......
20:20:52.805 [main] INFO  - User clicks the GetStarted Button at start page and clicks the Sign In.. 
20:20:53.342 [main] INFO  - User login with valid username and password..........
20:20:53.950 [main] INFO  - Clicking the Array Page After Login..........
20:20:54.827 [main] INFO  - Launch the app URL.........
20:20:56.772 [main] INFO  - Application launched.......
20:20:56.773 [main] INFO  - User clicks the GetStarted Button at start page and clicks the Sign In.. 
20:20:57.377 [main] INFO  - User login with valid username and password..........
20:20:57.980 [main] INFO  - Clicking the Array Page After Login..........
20:20:58.896 [main] INFO  - Launch the app URL.........
20:21:00.912 [main] INFO  - Application launched.......
20:21:00.912 [main] INFO  - User clicks the GetStarted Button at start page and clicks the Sign In.. 
20:21:01.519 [main] INFO  - User login with valid username and password..........
20:21:02.107 [main] INFO  - Clicking the Array Page After Login..........
20:21:03.105 [main] INFO  - Launch the app URL.........
20:21:05.205 [main] INFO  - Application launched.......
20:21:05.208 [main] INFO  - User clicks the GetStarted Button at start page and clicks the Sign In.. 
20:21:05.854 [main] INFO  - User login with valid username and password..........
20:21:06.425 [main] INFO  - Clicking the Array Page After Login..........
20:21:07.510 [main] INFO  - Launch the app URL.........
20:21:09.438 [main] INFO  - Application launched.......
20:21:09.439 [main] INFO  - User clicks the GetStarted Button at start page and clicks the Sign In.. 
20:21:10.081 [main] INFO  - User login with valid username and password..........
20:21:10.669 [main] INFO  - Clicking the Array Page After Login..........
20:28:25.016 [main] INFO  - Launch the app URL.........
20:33:02.884 [main] INFO  - Launch the app URL.........
20:33:05.774 [main] INFO  - Application launched.......
20:33:05.809 [main] INFO  - User clicks the GetStarted Button at start page and clicks the Sign In.. 
20:33:06.453 [main] INFO  - User login with valid username and password..........
20:33:06.986 [main] INFO  - Clicking the Array Page After Login..........
20:35:47.370 [main] INFO  - Launch the app URL.........
20:35:49.746 [main] INFO  - Application launched.......
20:35:49.769 [main] INFO  - User clicks the GetStarted Button at start page and clicks the Sign In.. 
20:35:50.491 [main] INFO  - User login with valid username and password..........
20:35:51.023 [main] INFO  - Clicking the Array Page After Login..........
20:35:52.114 [main] INFO  - Entering valid python code..........
20:35:52.546 [main] INFO  - Console output.......     Numpy Ninja'Numpy Ninja'
20:35:52.861 [main] INFO  - Launch the app URL.........
20:35:54.620 [main] INFO  - Application launched.......
20:35:54.621 [main] INFO  - User clicks the GetStarted Button at start page and clicks the Sign In.. 
20:35:55.355 [main] INFO  - User login with valid username and password..........
20:35:55.913 [main] INFO  - Clicking the Array Page After Login..........
20:35:57.075 [main] INFO  - Entering valid python code..........
20:35:57.504 [main] INFO  - Console output.......     Numpy Ninja'Numpy Ninja'
20:35:57.818 [main] INFO  - Launch the app URL.........
20:37:56.771 [main] INFO  - Launch the app URL.........
20:38:01.929 [main] INFO  - Application launched.......
20:38:01.940 [main] INFO  - User clicks the GetStarted Button at start page and clicks the Sign In.. 
20:38:02.583 [main] INFO  - User login with valid username and password..........
20:38:03.132 [main] INFO  - Clicking the Array Page After Login..........
20:38:04.066 [main] INFO  - Entering valid python code..........
20:38:04.525 [main] INFO  - Console output.......     Numpy Ninja'Numpy Ninja'
20:38:04.791 [main] INFO  - Launch the app URL.........
20:38:06.588 [main] INFO  - Application launched.......
20:38:06.590 [main] INFO  - User clicks the GetStarted Button at start page and clicks the Sign In.. 
20:38:07.188 [main] INFO  - User login with valid username and password..........
20:38:07.739 [main] INFO  - Clicking the Array Page After Login..........
20:38:08.759 [main] INFO  - Entering valid python code..........
20:38:09.193 [main] INFO  - Console output.......     Numpy Ninja'Numpy Ninja'
20:38:09.447 [main] INFO  - Launch the app URL.........
20:38:11.273 [main] INFO  - Application launched.......
20:38:11.277 [main] INFO  - User clicks the GetStarted Button at start page and clicks the Sign In.. 
20:38:11.948 [main] INFO  - User login with valid username and password..........
20:38:12.481 [main] INFO  - Clicking the Array Page After Login..........
20:42:39.608 [main] INFO  - Launch the app URL.........
20:42:42.434 [main] INFO  - Application launched.......
20:42:42.444 [main] INFO  - User clicks the GetStarted Button at start page and clicks the Sign In.. 
20:42:43.030 [main] INFO  - User login with valid username and password..........
20:42:43.641 [main] INFO  - Clicking the Array Page After Login..........
20:51:53.595 [main] INFO  - Launch the app URL.........
20:51:56.098 [main] INFO  - Application launched.......
20:51:56.113 [main] INFO  - User clicks the GetStarted Button at start page and clicks the Sign In.. 
20:51:56.683 [main] INFO  - User login with valid username and password..........
20:51:57.219 [main] INFO  - Clicking the Array Page After Login..........
20:51:57.694 [main] INFO  - Launch the app URL.........
20:51:59.519 [main] INFO  - Application launched.......
20:51:59.520 [main] INFO  - User clicks the GetStarted Button at start page and clicks the Sign In.. 
20:52:00.051 [main] INFO  - User login with valid username and password..........
20:52:00.602 [main] INFO  - Clicking the Array Page After Login..........
20:52:01.034 [main] INFO  - Launch the app URL.........
20:52:02.860 [main] INFO  - Application launched.......
20:52:02.866 [main] INFO  - User clicks the GetStarted Button at start page and clicks the Sign In.. 
20:52:03.497 [main] INFO  - User login with valid username and password..........
20:52:04.007 [main] INFO  - Clicking the Array Page After Login..........
20:52:04.425 [main] INFO  - Launch the app URL.........
20:52:06.266 [main] INFO  - Application launched.......
20:52:06.267 [main] INFO  - User clicks the GetStarted Button at start page and clicks the Sign In.. 
20:52:06.803 [main] INFO  - User login with valid username and password..........
20:52:07.366 [main] INFO  - Clicking the Array Page After Login..........
20:56:49.866 [main] INFO  - Launch the app URL.........
20:56:54.322 [main] INFO  - Application launched.......
20:56:54.347 [main] INFO  - User clicks the GetStarted Button at start page and clicks the Sign In.. 
20:56:54.942 [main] INFO  - User login with valid username and password..........
20:56:55.415 [main] INFO  - Clicking the Array Page After Login..........
20:56:56.269 [main] INFO  - Entering valid python code..........
20:56:56.726 [main] INFO  - Console output.......     Numpy Ninja'Numpy Ninja'
20:56:57.097 [main] INFO  - Launch the app URL.........
20:56:58.917 [main] INFO  - Application launched.......
20:56:58.918 [main] INFO  - User clicks the GetStarted Button at start page and clicks the Sign In.. 
20:56:59.417 [main] INFO  - User login with valid username and password..........
20:56:59.977 [main] INFO  - Clicking the Array Page After Login..........
20:57:00.784 [main] INFO  - Entering valid python code..........
20:57:01.230 [main] INFO  - Console output.......     Numpy Ninja'Numpy Ninja'
20:57:01.455 [main] INFO  - Launch the app URL.........
20:57:03.271 [main] INFO  - Application launched.......
20:57:03.273 [main] INFO  - User clicks the GetStarted Button at start page and clicks the Sign In.. 
20:57:03.755 [main] INFO  - User login with valid username and password..........
20:57:04.276 [main] INFO  - Clicking the Array Page After Login..........
20:57:05.530 [main] INFO  - Launch the app URL.........
20:58:49.039 [main] INFO  - Launch the app URL.........
20:58:51.308 [main] INFO  - Application launched.......
20:58:51.335 [main] INFO  - User clicks the GetStarted Button at start page and clicks the Sign In.. 
20:58:51.836 [main] INFO  - User login with valid username and password..........
20:58:52.389 [main] INFO  - Clicking the Array Page After Login..........
20:58:53.069 [main] INFO  - Launch the app URL.........
20:58:54.919 [main] INFO  - Application launched.......
20:58:54.921 [main] INFO  - User clicks the GetStarted Button at start page and clicks the Sign In.. 
20:58:55.386 [main] INFO  - User login with valid username and password..........
20:58:55.918 [main] INFO  - Clicking the Array Page After Login..........
20:58:56.540 [main] INFO  - Launch the app URL.........
20:58:58.471 [main] INFO  - Application launched.......
20:58:58.477 [main] INFO  - User clicks the GetStarted Button at start page and clicks the Sign In.. 
20:58:58.970 [main] INFO  - User login with valid username and password..........
20:58:59.501 [main] INFO  - Clicking the Array Page After Login..........
20:59:00.135 [main] INFO  - Launch the app URL.........
20:59:02.015 [main] INFO  - Application launched.......
20:59:02.021 [main] INFO  - User clicks the GetStarted Button at start page and clicks the Sign In.. 
20:59:02.493 [main] INFO  - User login with valid username and password..........
20:59:03.058 [main] INFO  - Clicking the Array Page After Login..........
20:59:03.662 [main] INFO  - Launch the app URL.........
20:59:05.540 [main] INFO  - Application launched.......
20:59:05.542 [main] INFO  - User clicks the GetStarted Button at start page and clicks the Sign In.. 
20:59:05.994 [main] INFO  - User login with valid username and password..........
20:59:06.542 [main] INFO  - Clicking the Array Page After Login..........
20:59:07.194 [main] INFO  - Clicking the TryHere Button......
20:59:07.889 [main] INFO  - Launch the app URL.........
20:59:09.843 [main] INFO  - Application launched.......
20:59:09.848 [main] INFO  - User clicks the GetStarted Button at start page and clicks the Sign In.. 
20:59:10.264 [main] INFO  - User login with valid username and password..........
20:59:10.764 [main] INFO  - Clicking the Array Page After Login..........
20:59:11.591 [main] INFO  - Entering valid python code..........
20:59:12.039 [main] INFO  - Console output.......     Numpy Ninja'Numpy Ninja'
20:59:12.233 [main] INFO  - Launch the app URL.........
20:59:14.275 [main] INFO  - Application launched.......
20:59:14.277 [main] INFO  - User clicks the GetStarted Button at start page and clicks the Sign In.. 
20:59:14.870 [main] INFO  - User login with valid username and password..........
20:59:15.545 [main] INFO  - Clicking the Array Page After Login..........
20:59:17.074 [main] INFO  - Entering valid python code..........
20:59:17.511 [main] INFO  - Console output.......     Numpy Ninja'Numpy Ninja'
20:59:17.759 [main] INFO  - Launch the app URL.........
20:59:19.697 [main] INFO  - Application launched.......
20:59:19.698 [main] INFO  - User clicks the GetStarted Button at start page and clicks the Sign In.. 
20:59:20.252 [main] INFO  - User login with valid username and password..........
20:59:20.808 [main] INFO  - Clicking the Array Page After Login..........
20:59:22.363 [main] INFO  - Launch the app URL.........
20:59:24.267 [main] INFO  - Application launched.......
20:59:24.268 [main] INFO  - User clicks the GetStarted Button at start page and clicks the Sign In.. 
20:59:24.817 [main] INFO  - User login with valid username and password..........
20:59:25.327 [main] INFO  - Clicking the Array Page After Login..........
20:59:26.141 [main] INFO  - Launch the app URL.........
20:59:29.340 [main] INFO  - Launch the app URL.........
20:59:31.949 [main] INFO  - Application launched.......
20:59:31.951 [main] INFO  - User clicks the GetStarted Button at start page and clicks the Sign In.. 
20:59:32.700 [main] INFO  - User login with valid username and password..........
20:59:33.427 [main] INFO  - Clicking the Array Page After Login..........
20:59:34.824 [main] INFO  - Launch the app URL.........
20:59:37.274 [main] INFO  - Application launched.......
20:59:37.275 [main] INFO  - User clicks the GetStarted Button at start page and clicks the Sign In.. 
20:59:37.887 [main] INFO  - User login with valid username and password..........
20:59:38.473 [main] INFO  - Clicking the Array Page After Login..........
20:59:39.429 [main] INFO  - Launch the app URL.........
20:59:41.718 [main] INFO  - Application launched.......
20:59:41.719 [main] INFO  - User clicks the GetStarted Button at start page and clicks the Sign In.. 
20:59:42.292 [main] INFO  - User login with valid username and password..........
20:59:42.872 [main] INFO  - Clicking the Array Page After Login..........
20:59:43.764 [main] INFO  - Launch the app URL.........
20:59:46.644 [main] INFO  - Application launched.......
20:59:46.645 [main] INFO  - User clicks the GetStarted Button at start page and clicks the Sign In.. 
20:59:47.237 [main] INFO  - User login with valid username and password..........
20:59:47.839 [main] INFO  - Clicking the Array Page After Login..........
20:59:48.870 [main] INFO  - Entering valid python code..........
20:59:49.360 [main] INFO  - Console output.......     Numpy Ninja'Numpy Ninja'
20:59:49.697 [main] INFO  - Launch the app URL.........
20:59:51.871 [main] INFO  - Application launched.......
20:59:51.872 [main] INFO  - User clicks the GetStarted Button at start page and clicks the Sign In.. 
20:59:52.462 [main] INFO  - User login with valid username and password..........
20:59:53.078 [main] INFO  - Clicking the Array Page After Login..........
20:59:53.908 [main] INFO  - Entering valid python code..........
20:59:54.392 [main] INFO  - Console output.......     Numpy Ninja'Numpy Ninja'
20:59:54.628 [main] INFO  - Launch the app URL.........
20:59:56.603 [main] INFO  - Application launched.......
20:59:56.604 [main] INFO  - User clicks the GetStarted Button at start page and clicks the Sign In.. 
20:59:57.188 [main] INFO  - User login with valid username and password..........
20:59:57.751 [main] INFO  - Clicking the Array Page After Login..........
20:59:59.119 [main] INFO  - Launch the app URL.........
21:00:01.198 [main] INFO  - Application launched.......
21:00:01.200 [main] INFO  - User clicks the GetStarted Button at start page and clicks the Sign In.. 
21:00:01.848 [main] INFO  - User login with valid username and password..........
21:00:02.484 [main] INFO  - Clicking the Array Page After Login..........
21:00:02.918 [main] INFO  - Clicking the TryHere Button......
21:00:03.819 [main] INFO  - Launch the app URL.........
21:00:06.859 [main] INFO  - Launch the app URL.........
21:00:09.520 [main] INFO  - Application launched.......
21:00:09.521 [main] INFO  - User clicks the GetStarted Button at start page and clicks the Sign In.. 
21:00:10.188 [main] INFO  - User login with valid username and password..........
21:00:10.794 [main] INFO  - Clicking the Array Page After Login..........
21:00:11.825 [main] INFO  - Entering valid python code..........
21:00:12.334 [main] INFO  - Console output.......     Numpy Ninja'Numpy Ninja'
21:00:12.577 [main] INFO  - Launch the app URL.........
21:00:16.187 [main] INFO  - Application launched.......
21:00:16.189 [main] INFO  - User clicks the GetStarted Button at start page and clicks the Sign In.. 
21:00:16.808 [main] INFO  - User login with valid username and password..........
21:00:17.354 [main] INFO  - Clicking the Array Page After Login..........
21:00:18.738 [main] INFO  - Launch the app URL.........
21:00:21.153 [main] INFO  - Application launched.......
21:00:21.154 [main] INFO  - User clicks the GetStarted Button at start page and clicks the Sign In.. 
21:00:21.746 [main] INFO  - User login with valid username and password..........
21:00:22.305 [main] INFO  - Clicking the Array Page After Login..........
21:00:22.675 [main] INFO  - Clicking the TryHere Button......
21:49:19.853 [main] INFO  - Launch the app URL.........
21:49:22.988 [main] INFO  - Application launched.......
21:49:22.999 [main] INFO  - User clicks the GetStarted Button at start page and clicks the Sign In.. 
21:49:23.582 [main] INFO  - User login with valid username and password..........
21:49:24.090 [main] INFO  - Clicking the Array Page After Login..........
21:49:24.849 [main] INFO  - Launch the app URL.........
21:49:26.922 [main] INFO  - Application launched.......
21:49:26.923 [main] INFO  - User clicks the GetStarted Button at start page and clicks the Sign In.. 
21:49:27.460 [main] INFO  - User login with valid username and password..........
21:49:27.981 [main] INFO  - Clicking the Array Page After Login..........
21:49:28.528 [main] INFO  - Launch the app URL.........
21:49:30.486 [main] INFO  - Application launched.......
21:49:30.489 [main] INFO  - User clicks the GetStarted Button at start page and clicks the Sign In.. 
21:49:31.055 [main] INFO  - User login with valid username and password..........
21:49:31.559 [main] INFO  - Clicking the Array Page After Login..........
21:49:32.153 [main] INFO  - Launch the app URL.........
21:49:34.204 [main] INFO  - Application launched.......
21:49:34.205 [main] INFO  - User clicks the GetStarted Button at start page and clicks the Sign In.. 
21:49:34.709 [main] INFO  - User login with valid username and password..........
21:49:35.227 [main] INFO  - Clicking the Array Page After Login..........
22:19:41.040 [main] INFO  - Launch the app URL.........
22:19:44.350 [main] INFO  - Application launched.......
22:19:44.375 [main] INFO  - User clicks the GetStarted Button at start page and clicks the Sign In.. 
22:19:44.942 [main] INFO  - User login with valid username and password..........
22:19:45.468 [main] INFO  - Clicking the Array Page After Login..........
22:19:46.438 [main] INFO  - Launch the app URL.........
22:19:48.586 [main] INFO  - Application launched.......
22:19:48.589 [main] INFO  - User clicks the GetStarted Button at start page and clicks the Sign In.. 
22:19:49.134 [main] INFO  - User login with valid username and password..........
22:19:49.693 [main] INFO  - Clicking the Array Page After Login..........
22:19:50.498 [main] INFO  - Launch the app URL.........
22:19:52.697 [main] INFO  - Application launched.......
22:19:52.700 [main] INFO  - User clicks the GetStarted Button at start page and clicks the Sign In.. 
22:19:53.265 [main] INFO  - User login with valid username and password..........
22:19:53.815 [main] INFO  - Clicking the Array Page After Login..........
22:19:54.621 [main] INFO  - Launch the app URL.........
22:19:56.629 [main] INFO  - Application launched.......
22:19:56.633 [main] INFO  - User clicks the GetStarted Button at start page and clicks the Sign In.. 
22:19:57.134 [main] INFO  - User login with valid username and password..........
22:19:57.720 [main] INFO  - Clicking the Array Page After Login..........
22:19:58.527 [main] INFO  - Launch the app URL.........
22:20:01.254 [main] INFO  - Launch the app URL.........
22:20:03.750 [main] INFO  - Application launched.......
22:20:03.753 [main] INFO  - User clicks the GetStarted Button at start page and clicks the Sign In.. 
22:20:04.302 [main] INFO  - User login with valid username and password..........
22:20:04.820 [main] INFO  - Clicking the Array Page After Login..........
22:20:05.920 [main] INFO  - Entering valid python code..........
22:20:06.381 [main] INFO  - Console output.......     Numpy Ninja'Numpy Ninja'
22:20:06.807 [main] INFO  - Launch the app URL.........
22:20:09.276 [main] INFO  - Application launched.......
22:20:09.276 [main] INFO  - User clicks the GetStarted Button at start page and clicks the Sign In.. 
22:20:09.791 [main] INFO  - User login with valid username and password..........
22:20:10.306 [main] INFO  - Clicking the Array Page After Login..........
22:20:11.379 [main] INFO  - Entering valid python code..........
22:20:11.811 [main] INFO  - Console output.......     Numpy Ninja'Numpy Ninja'
22:20:12.127 [main] INFO  - Launch the app URL.........
22:20:14.683 [main] INFO  - Application launched.......
22:20:14.684 [main] INFO  - User clicks the GetStarted Button at start page and clicks the Sign In.. 
22:20:15.339 [main] INFO  - User login with valid username and password..........
22:20:16.036 [main] INFO  - Clicking the Array Page After Login..........
22:20:17.617 [main] INFO  - Launch the app URL.........
22:20:20.009 [main] INFO  - Application launched.......
22:20:20.010 [main] INFO  - User clicks the GetStarted Button at start page and clicks the Sign In.. 
22:20:20.589 [main] INFO  - User login with valid username and password..........
22:20:21.182 [main] INFO  - Clicking the Array Page After Login..........
22:20:22.070 [main] INFO  - Launch the app URL.........
22:20:24.348 [main] INFO  - Application launched.......
22:20:24.348 [main] INFO  - User clicks the GetStarted Button at start page and clicks the Sign In.. 
22:20:24.953 [main] INFO  - User login with valid username and password..........
22:20:25.546 [main] INFO  - Clicking the Array Page After Login..........
22:20:26.458 [main] INFO  - Launch the app URL.........
22:20:28.689 [main] INFO  - Application launched.......
22:20:28.690 [main] INFO  - User clicks the GetStarted Button at start page and clicks the Sign In.. 
22:20:29.254 [main] INFO  - User login with valid username and password..........
22:20:29.956 [main] INFO  - Clicking the Array Page After Login..........
22:20:30.867 [main] INFO  - Launch the app URL.........
22:20:33.192 [main] INFO  - Application launched.......
22:20:33.193 [main] INFO  - User clicks the GetStarted Button at start page and clicks the Sign In.. 
22:20:33.738 [main] INFO  - User login with valid username and password..........
22:20:34.301 [main] INFO  - Clicking the Array Page After Login..........
22:20:35.181 [main] INFO  - Launch the app URL.........
22:20:37.620 [main] INFO  - Application launched.......
22:20:37.621 [main] INFO  - User clicks the GetStarted Button at start page and clicks the Sign In.. 
22:20:38.237 [main] INFO  - User login with valid username and password..........
22:20:38.776 [main] INFO  - Clicking the Array Page After Login..........
22:20:39.665 [main] INFO  - Launch the app URL.........
22:20:41.883 [main] INFO  - Application launched.......
22:20:41.884 [main] INFO  - User clicks the GetStarted Button at start page and clicks the Sign In.. 
22:20:42.469 [main] INFO  - User login with valid username and password..........
22:20:43.088 [main] INFO  - Clicking the Array Page After Login..........
22:20:43.873 [main] INFO  - Entering valid python code..........
22:20:44.344 [main] INFO  - Console output.......     Numpy Ninja'Numpy Ninja'
22:20:44.637 [main] INFO  - Launch the app URL.........
22:20:54.023 [main] INFO  - Application launched.......
22:20:54.026 [main] INFO  - User clicks the GetStarted Button at start page and clicks the Sign In.. 
22:20:54.880 [main] INFO  - User login with valid username and password..........
22:20:55.754 [main] INFO  - Clicking the Array Page After Login..........
22:20:57.259 [main] INFO  - Entering valid python code..........
22:20:57.834 [main] INFO  - Console output.......     Numpy Ninja'Numpy Ninja'
22:20:58.266 [main] INFO  - Launch the app URL.........
22:21:01.809 [main] INFO  - Application launched.......
22:21:01.811 [main] INFO  - User clicks the GetStarted Button at start page and clicks the Sign In.. 
22:21:02.489 [main] INFO  - User login with valid username and password..........
22:21:03.228 [main] INFO  - Clicking the Array Page After Login..........
22:21:04.864 [main] INFO  - Launch the app URL.........
22:21:07.584 [main] INFO  - Application launched.......
22:21:07.588 [main] INFO  - User clicks the GetStarted Button at start page and clicks the Sign In.. 
22:21:08.270 [main] INFO  - User login with valid username and password..........
22:21:08.840 [main] INFO  - Clicking the Array Page After Login..........
22:21:09.281 [main] INFO  - Clicking the TryHere Button......
22:21:09.970 [main] INFO  - Launch the app URL.........
22:21:12.297 [main] INFO  - Application launched.......
22:21:12.299 [main] INFO  - User clicks the GetStarted Button at start page and clicks the Sign In.. 
22:21:13.014 [main] INFO  - User login with valid username and password..........
22:21:13.684 [main] INFO  - Clicking the Array Page After Login..........
22:21:14.685 [main] INFO  - Entering valid python code..........
22:21:15.232 [main] INFO  - Console output.......     Numpy Ninja'Numpy Ninja'
22:21:15.822 [main] INFO  - Launch the app URL.........
22:21:18.128 [main] INFO  - Application launched.......
22:21:18.129 [main] INFO  - User clicks the GetStarted Button at start page and clicks the Sign In.. 
22:21:18.712 [main] INFO  - User login with valid username and password..........
22:21:19.272 [main] INFO  - Clicking the Array Page After Login..........
22:21:20.195 [main] INFO  - Entering valid python code..........
22:21:20.659 [main] INFO  - Console output.......     Numpy Ninja'Numpy Ninja'
22:21:20.978 [main] INFO  - Launch the app URL.........
22:21:23.270 [main] INFO  - Application launched.......
22:21:23.271 [main] INFO  - User clicks the GetStarted Button at start page and clicks the Sign In.. 
22:21:23.868 [main] INFO  - User login with valid username and password..........
22:21:24.435 [main] INFO  - Clicking the Array Page After Login..........
22:21:25.930 [main] INFO  - Launch the app URL.........
22:21:28.242 [main] INFO  - Application launched.......
22:21:28.245 [main] INFO  - User clicks the GetStarted Button at start page and clicks the Sign In.. 
22:21:28.888 [main] INFO  - User login with valid username and password..........
22:21:29.447 [main] INFO  - Clicking the Array Page After Login..........
22:21:29.896 [main] INFO  - Clicking the TryHere Button......
22:21:30.876 [main] INFO  - Launch the app URL.........
22:21:33.284 [main] INFO  - Application launched.......
22:21:33.284 [main] INFO  - User clicks the GetStarted Button at start page and clicks the Sign In.. 
22:21:33.905 [main] INFO  - User login with valid username and password..........
22:21:34.462 [main] INFO  - Clicking the Array Page After Login..........
22:21:35.363 [main] INFO  - Entering valid python code..........
22:21:35.873 [main] INFO  - Console output.......     Numpy Ninja'Numpy Ninja'
22:21:36.876 [main] INFO  - Launch the app URL.........
22:21:39.597 [main] INFO  - Application launched.......
22:21:39.599 [main] INFO  - User clicks the GetStarted Button at start page and clicks the Sign In.. 
22:21:40.217 [main] INFO  - User login with valid username and password..........
22:21:40.769 [main] INFO  - Clicking the Array Page After Login..........
22:21:41.709 [main] INFO  - Entering valid python code..........
22:21:42.209 [main] INFO  - Console output.......     Numpy Ninja'Numpy Ninja'
22:21:42.683 [main] INFO  - Launch the app URL.........
22:21:45.315 [main] INFO  - Application launched.......
22:21:45.326 [main] INFO  - User clicks the GetStarted Button at start page and clicks the Sign In.. 
22:21:45.940 [main] INFO  - User login with valid username and password..........
22:21:46.459 [main] INFO  - Clicking the Array Page After Login..........
22:21:48.125 [main] INFO  - Launch the app URL.........
22:21:50.545 [main] INFO  - Application launched.......
22:21:50.546 [main] INFO  - User clicks the GetStarted Button at start page and clicks the Sign In.. 
22:21:51.140 [main] INFO  - User login with valid username and password..........
