19:54:12.495 [main] INFO  - Login to test the Queue Page Functionalities.........
19:54:13.009 [main] INFO  - User login with valid username and password..........
19:54:13.519 [main] INFO  - Clicking the Queue Page After Login..........
19:54:14.034 [main] INFO  - Launch the app URL.........
19:54:15.484 [main] INFO  - Application launched.......
19:54:15.488 [main] INFO  - Login to test the Queue Page Functionalities.........
19:54:15.936 [main] INFO  - User login with valid username and password..........
19:54:16.426 [main] INFO  - Clicking the Queue Page After Login..........
19:54:16.998 [main] INFO  - Launch the app URL.........
19:54:18.486 [main] INFO  - Application launched.......
19:54:18.487 [main] INFO  - Login to test the Queue Page Functionalities.........
19:54:18.954 [main] INFO  - User login with valid username and password..........
19:54:19.464 [main] INFO  - Clicking the Queue Page After Login..........
19:54:19.954 [main] INFO  - Launch the app URL.........
20:00:18.873 [main] INFO  - Launch the app URL.........
20:00:20.802 [main] INFO  - Application launched.......
20:00:21.044 [main] INFO  - Launch the app URL.........
20:00:22.910 [main] INFO  - Launch the app URL.........
20:00:24.711 [main] INFO  - Application launched.......
20:00:24.973 [main] INFO  - Launch the app URL.........
20:00:26.694 [main] INFO  - Application launched.......
20:00:26.910 [main] INFO  - Launch the app URL.........
20:00:41.278 [main] INFO  - Application launched.......
20:00:41.440 [main] INFO  - Launch the app URL.........
20:00:43.308 [main] INFO  - Launch the app URL.........
20:00:45.357 [main] INFO  - Application launched.......
20:00:45.651 [main] INFO  - Launch the app URL.........
20:00:47.525 [main] INFO  - Application launched.......
20:00:47.729 [main] INFO  - Launch the app URL.........
20:00:49.307 [main] INFO  - Application launched.......
20:00:49.623 [main] INFO  - Launch the app URL.........
20:00:50.698 [main] INFO  - Launch the app URL.........
20:00:52.201 [main] INFO  - Application launched.......
20:00:52.430 [main] INFO  - Launch the app URL.........
20:00:55.903 [main] INFO  - Application launched.......
20:00:56.317 [main] INFO  - Launch the app URL.........
20:00:57.801 [main] INFO  - Application launched.......
20:00:57.988 [main] INFO  - Launch the app URL.........
20:00:59.497 [main] INFO  - Application launched.......
20:00:59.712 [main] INFO  - Launch the app URL.........
20:01:03.039 [main] INFO  - Application launched.......
20:01:03.280 [main] INFO  - Launch the app URL.........
20:01:05.076 [main] INFO  - Application launched.......
20:01:05.384 [main] INFO  - Launch the app URL.........
20:01:06.893 [main] INFO  - Application launched.......
20:01:07.146 [main] INFO  - Launch the app URL.........
20:01:08.852 [main] INFO  - Application launched.......
20:01:09.122 [main] INFO  - Launch the app URL.........
20:01:10.824 [main] INFO  - Application launched.......
20:01:11.102 [main] INFO  - Launch the app URL.........
20:01:12.733 [main] INFO  - Application launched.......
20:01:13.011 [main] INFO  - Launch the app URL.........
20:01:14.644 [main] INFO  - Application launched.......
20:01:14.845 [main] INFO  - Launch the app URL.........
20:01:16.432 [main] INFO  - Application launched.......
20:01:16.648 [main] INFO  - Launch the app URL.........
20:01:18.518 [main] INFO  - Application launched.......
20:01:18.723 [main] INFO  - Launch the app URL.........
20:01:20.306 [main] INFO  - Application launched.......
20:01:20.552 [main] INFO  - Launch the app URL.........
20:01:22.121 [main] INFO  - Application launched.......
20:35:34.195 [main] INFO  - Launch the app URL.........
20:35:37.717 [main] INFO  - Application launched.......
20:35:37.736 [main] INFO  - User clicks the GetStarted Button at start page and clicks the Sign In.. 
20:35:38.804 [main] INFO  - User login with valid username and password..........
20:38:04.245 [main] INFO  - Launch the app URL.........
20:38:07.363 [main] INFO  - Application launched.......
20:38:07.387 [main] INFO  - User clicks the GetStarted Button at start page and clicks the Sign In.. 
20:38:08.160 [main] INFO  - User login with valid username and password..........
20:46:53.113 [main] INFO  - Launch the app URL.........
20:46:55.304 [main] INFO  - Application launched.......
20:46:55.318 [main] INFO  - User clicks the GetStarted Button at start page and clicks the Sign In.. 
20:46:55.903 [main] INFO  - User login with valid username and password..........
20:57:52.436 [main] INFO  - Launch the app URL.........
20:57:54.900 [main] INFO  - Application launched.......
20:57:54.922 [main] INFO  - User clicks the GetStarted Button at start page and clicks the Sign In.. 
20:57:55.492 [main] INFO  - User login with valid username and password..........
20:57:56.038 [main] INFO  - Clicking the Queue Page After Login..........
20:57:56.282 [main] INFO  - Queue Page URL --->https://dsportalapp.herokuapp.com/queue/
20:57:56.286 [main] INFO  - The user is in the Queue Page
20:59:02.659 [main] INFO  - Launch the app URL.........
20:59:04.689 [main] INFO  - Application launched.......
20:59:04.693 [main] INFO  - User clicks the GetStarted Button at start page and clicks the Sign In.. 
20:59:05.207 [main] INFO  - User login with valid username and password..........
20:59:05.740 [main] INFO  - Clicking the Queue Page After Login..........
20:59:05.966 [main] INFO  - Queue Page URL --->https://dsportalapp.herokuapp.com/queue/
20:59:05.966 [main] INFO  - The user is in the Queue Page
20:59:06.299 [main] INFO  - Launch the app URL.........
20:59:07.753 [main] INFO  - Application launched.......
20:59:07.754 [main] INFO  - User clicks the GetStarted Button at start page and clicks the Sign In.. 
20:59:08.272 [main] INFO  - User login with valid username and password..........
20:59:08.797 [main] INFO  - Clicking the Queue Page After Login..........
20:59:08.980 [main] INFO  - Queue Page URL --->https://dsportalapp.herokuapp.com/queue/
20:59:08.980 [main] INFO  - The user is in the Queue Page
20:59:09.337 [main] INFO  - Launch the app URL.........
20:59:10.783 [main] INFO  - Application launched.......
20:59:10.783 [main] INFO  - User clicks the GetStarted Button at start page and clicks the Sign In.. 
20:59:11.305 [main] INFO  - User login with valid username and password..........
20:59:11.836 [main] INFO  - Clicking the Queue Page After Login..........
20:59:12.043 [main] INFO  - Queue Page URL --->https://dsportalapp.herokuapp.com/queue/
20:59:12.043 [main] INFO  - The user is in the Queue Page
20:59:13.372 [main] INFO  - Launch the app URL.........
20:59:31.353 [main] INFO  - Launch the app URL.........
20:59:33.204 [main] INFO  - Application launched.......
20:59:33.225 [main] INFO  - User clicks the GetStarted Button at start page and clicks the Sign In.. 
20:59:33.743 [main] INFO  - User login with valid username and password..........
20:59:34.271 [main] INFO  - Clicking the Queue Page After Login..........
20:59:34.462 [main] INFO  - Queue Page URL --->https://dsportalapp.herokuapp.com/queue/
20:59:34.472 [main] INFO  - The user is in the Queue Page
21:05:08.773 [main] INFO  - Launch the app URL.........
21:05:10.857 [main] INFO  - Application launched.......
21:05:10.874 [main] INFO  - User clicks the GetStarted Button at start page and clicks the Sign In.. 
21:05:11.387 [main] INFO  - User login with valid username and password..........
21:05:11.896 [main] INFO  - Clicking the Queue Page After Login..........
21:05:12.083 [main] INFO  - Queue Page URL --->https://dsportalapp.herokuapp.com/queue/
21:06:46.142 [main] INFO  - Launch the app URL.........
21:06:48.052 [main] INFO  - Application launched.......
21:06:48.065 [main] INFO  - User clicks the GetStarted Button at start page and clicks the Sign In.. 
21:06:48.584 [main] INFO  - User login with valid username and password..........
21:06:49.099 [main] INFO  - Clicking the Queue Page After Login..........
21:06:49.360 [main] INFO  - Queue Page URL --->https://dsportalapp.herokuapp.com/queue/
21:06:49.365 [main] INFO  - The user is in the Queue Page
21:07:26.489 [main] INFO  - Launch the app URL.........
21:07:28.352 [main] INFO  - Application launched.......
21:07:28.363 [main] INFO  - User clicks the GetStarted Button at start page and clicks the Sign In.. 
21:07:28.862 [main] INFO  - User login with valid username and password..........
21:07:29.405 [main] INFO  - Clicking the Queue Page After Login..........
21:07:29.583 [main] INFO  - Queue Page URL --->https://dsportalapp.herokuapp.com/queue/
21:07:29.592 [main] INFO  - The user is in the Queue Page
21:35:11.850 [main] INFO  - Launch the app URL.........
21:35:14.120 [main] INFO  - Application launched.......
21:35:14.142 [main] INFO  - User clicks the GetStarted Button at start page and clicks the Sign In.. 
21:35:14.717 [main] INFO  - User login with valid username and password..........
21:35:15.286 [main] INFO  - Clicking the Queue Page After Login..........
21:35:15.477 [main] INFO  - Queue Page URL --->https://dsportalapp.herokuapp.com/queue/
21:35:15.482 [main] INFO  - The user is in the Queue Page
21:36:36.418 [main] INFO  - Launch the app URL.........
21:36:40.618 [main] INFO  - Application launched.......
21:36:40.630 [main] INFO  - User clicks the GetStarted Button at start page and clicks the Sign In.. 
21:36:41.184 [main] INFO  - User login with valid username and password..........
21:36:41.710 [main] INFO  - Clicking the Queue Page After Login..........
21:36:41.947 [main] INFO  - Queue Page URL --->https://dsportalapp.herokuapp.com/queue/
21:36:41.950 [main] INFO  - The user is in the Queue Page
21:40:52.856 [main] INFO  - Launch the app URL.........
21:40:55.362 [main] INFO  - Application launched.......
21:40:55.378 [main] INFO  - User clicks the GetStarted Button at start page and clicks the Sign In.. 
21:40:55.965 [main] INFO  - User login with valid username and password..........
21:40:56.564 [main] INFO  - Clicking the Queue Page After Login..........
21:40:56.849 [main] INFO  - Queue Page URL --->https://dsportalapp.herokuapp.com/queue/
21:40:56.851 [main] INFO  - The user is in the Queue Page
21:40:56.864 [main] INFO  - The user clicks the Implementation using collections.queue link ........
21:41:33.602 [main] INFO  - Launch the app URL.........
21:41:36.177 [main] INFO  - Application launched.......
21:41:36.191 [main] INFO  - User clicks the GetStarted Button at start page and clicks the Sign In.. 
21:41:36.806 [main] INFO  - User login with valid username and password..........
21:41:37.442 [main] INFO  - Clicking the Queue Page After Login..........
21:41:37.677 [main] INFO  - Queue Page URL --->https://dsportalapp.herokuapp.com/queue/
21:41:37.684 [main] INFO  - The user is in the Queue Page
21:44:37.186 [main] INFO  - Launch the app URL.........
21:44:39.794 [main] INFO  - Application launched.......
21:44:39.809 [main] INFO  - User clicks the GetStarted Button at start page and clicks the Sign In.. 
21:44:40.630 [main] INFO  - User login with valid username and password..........
21:44:41.325 [main] INFO  - Clicking the Queue Page After Login..........
21:44:41.557 [main] INFO  - Queue Page URL --->https://dsportalapp.herokuapp.com/queue/
21:44:41.561 [main] INFO  - The user is in the Queue Page
21:44:41.573 [main] INFO  - The user clicks the Implementation using Array link ........
21:45:49.143 [main] INFO  - Launch the app URL.........
21:45:51.682 [main] INFO  - Application launched.......
21:45:51.701 [main] INFO  - User clicks the GetStarted Button at start page and clicks the Sign In.. 
21:45:52.323 [main] INFO  - User login with valid username and password..........
21:45:52.944 [main] INFO  - Clicking the Queue Page After Login..........
21:45:53.253 [main] INFO  - Queue Page URL --->https://dsportalapp.herokuapp.com/queue/
21:45:53.256 [main] INFO  - The user is in the Queue Page
21:45:53.270 [main] INFO  - The user clicks the Implementation using Array link ........
21:45:53.515 [main] INFO  - Implementation using Array link Current URL https://dsportalapp.herokuapp.com/queue/Implementation-array/
21:45:53.853 [main] INFO  - Launch the app URL.........
21:45:55.704 [main] INFO  - Application launched.......
21:45:55.706 [main] INFO  - User clicks the GetStarted Button at start page and clicks the Sign In.. 
21:45:56.286 [main] INFO  - User login with valid username and password..........
21:45:56.881 [main] INFO  - Clicking the Queue Page After Login..........
21:45:57.090 [main] INFO  - Queue Page URL --->https://dsportalapp.herokuapp.com/queue/
21:45:57.091 [main] INFO  - The user is in the Queue Page
21:47:40.517 [main] INFO  - Launch the app URL.........
21:47:43.447 [main] INFO  - Application launched.......
21:47:43.452 [main] INFO  - User clicks the GetStarted Button at start page and clicks the Sign In.. 
21:47:44.084 [main] INFO  - User login with valid username and password..........
21:47:44.685 [main] INFO  - Clicking the Queue Page After Login..........
21:47:45.002 [main] INFO  - Queue Page URL --->https://dsportalapp.herokuapp.com/queue/
21:47:45.003 [main] INFO  - The user is in the Queue Page
21:47:45.830 [main] INFO  - Launch the app URL.........
21:47:48.051 [main] INFO  - Application launched.......
21:47:48.053 [main] INFO  - User clicks the GetStarted Button at start page and clicks the Sign In.. 
21:47:48.691 [main] INFO  - User login with valid username and password..........
21:47:49.247 [main] INFO  - Clicking the Queue Page After Login..........
21:47:49.458 [main] INFO  - Queue Page URL --->https://dsportalapp.herokuapp.com/queue/
21:47:49.459 [main] INFO  - The user is in the Queue Page
21:47:49.468 [main] INFO  - The user clicks the Implementation using collections.queue link ........
21:47:49.920 [main] INFO  - Launch the app URL.........
21:47:51.951 [main] INFO  - Application launched.......
21:47:51.952 [main] INFO  - User clicks the GetStarted Button at start page and clicks the Sign In.. 
21:47:52.850 [main] INFO  - User login with valid username and password..........
21:47:53.635 [main] INFO  - Clicking the Queue Page After Login..........
21:47:53.957 [main] INFO  - Queue Page URL --->https://dsportalapp.herokuapp.com/queue/
21:47:53.957 [main] INFO  - The user is in the Queue Page
21:47:53.976 [main] INFO  - The user clicks the Implementation using Array link ........
21:47:54.375 [main] INFO  - Implementation using Array link Current URL https://dsportalapp.herokuapp.com/queue/Implementation-array/
21:47:55.221 [main] INFO  - Launch the app URL.........
21:48:00.661 [main] INFO  - Application launched.......
21:48:00.662 [main] INFO  - User clicks the GetStarted Button at start page and clicks the Sign In.. 
21:48:01.915 [main] INFO  - User login with valid username and password..........
21:48:04.163 [main] INFO  - Launch the app URL.........
21:48:06.634 [main] INFO  - Application launched.......
21:48:06.636 [main] INFO  - User clicks the GetStarted Button at start page and clicks the Sign In.. 
21:48:07.520 [main] INFO  - User login with valid username and password..........
21:48:08.128 [main] INFO  - Clicking the Queue Page After Login..........
21:48:08.383 [main] INFO  - Queue Page URL --->https://dsportalapp.herokuapp.com/queue/
21:48:27.378 [main] INFO  - Launch the app URL.........
21:48:29.332 [main] INFO  - Application launched.......
21:48:29.352 [main] INFO  - User clicks the GetStarted Button at start page and clicks the Sign In.. 
21:48:29.934 [main] INFO  - User login with valid username and password..........
21:48:30.438 [main] INFO  - Clicking the Queue Page After Login..........
21:48:30.646 [main] INFO  - Queue Page URL --->https://dsportalapp.herokuapp.com/queue/
21:48:30.648 [main] INFO  - The user is in the Queue Page
21:49:00.259 [main] INFO  - Launch the app URL.........
21:49:02.334 [main] INFO  - Application launched.......
21:49:02.347 [main] INFO  - User clicks the GetStarted Button at start page and clicks the Sign In.. 
21:49:02.908 [main] INFO  - User login with valid username and password..........
21:49:03.404 [main] INFO  - Clicking the Queue Page After Login..........
21:49:03.607 [main] INFO  - Queue Page URL --->https://dsportalapp.herokuapp.com/queue/
21:51:14.515 [main] INFO  - Launch the app URL.........
21:51:16.457 [main] INFO  - Application launched.......
21:51:16.472 [main] INFO  - User clicks the GetStarted Button at start page and clicks the Sign In.. 
21:51:17.186 [main] INFO  - User login with valid username and password..........
21:51:17.722 [main] INFO  - Clicking the Queue Page After Login..........
21:51:17.919 [main] INFO  - Queue Page URL --->https://dsportalapp.herokuapp.com/queue/
21:51:45.140 [main] INFO  - Launch the app URL.........
21:51:47.058 [main] INFO  - Application launched.......
21:51:47.073 [main] INFO  - User clicks the GetStarted Button at start page and clicks the Sign In.. 
21:51:47.657 [main] INFO  - User login with valid username and password..........
21:51:48.214 [main] INFO  - Clicking the Queue Page After Login..........
21:51:48.412 [main] INFO  - Queue Page URL --->https://dsportalapp.herokuapp.com/queue/
21:52:49.725 [main] INFO  - Launch the app URL.........
21:52:51.715 [main] INFO  - Application launched.......
21:52:51.741 [main] INFO  - User clicks the GetStarted Button at start page and clicks the Sign In.. 
21:52:52.298 [main] INFO  - User login with valid username and password..........
21:52:52.835 [main] INFO  - Clicking the Queue Page After Login..........
21:52:53.025 [main] INFO  - Queue Page URL --->https://dsportalapp.herokuapp.com/queue/
21:53:45.111 [main] INFO  - Launch the app URL.........
21:53:46.953 [main] INFO  - Application launched.......
21:53:46.968 [main] INFO  - User clicks the GetStarted Button at start page and clicks the Sign In.. 
21:53:47.458 [main] INFO  - User login with valid username and password..........
21:53:47.997 [main] INFO  - Clicking the Queue Page After Login..........
21:53:48.178 [main] INFO  - Queue Page URL --->https://dsportalapp.herokuapp.com/queue/
21:54:49.437 [main] INFO  - Launch the app URL.........
21:54:51.384 [main] INFO  - Application launched.......
21:54:51.400 [main] INFO  - User clicks the GetStarted Button at start page and clicks the Sign In.. 
21:54:51.901 [main] INFO  - User login with valid username and password..........
21:54:52.408 [main] INFO  - Clicking the Queue Page After Login..........
21:54:52.594 [main] INFO  - Queue Page URL --->https://dsportalapp.herokuapp.com/queue/
21:55:55.861 [main] INFO  - Launch the app URL.........
21:55:58.085 [main] INFO  - Application launched.......
21:55:58.101 [main] INFO  - User clicks the GetStarted Button at start page and clicks the Sign In.. 
21:55:58.800 [main] INFO  - User login with valid username and password..........
21:55:59.344 [main] INFO  - Clicking the Queue Page After Login..........
21:55:59.534 [main] INFO  - Queue Page URL --->https://dsportalapp.herokuapp.com/queue/
21:55:59.901 [main] INFO  - Implementation using Array link Current URL https://dsportalapp.herokuapp.com/queue/Implementation-array/
21:56:24.329 [main] INFO  - Launch the app URL.........
21:56:26.227 [main] INFO  - Application launched.......
21:56:26.239 [main] INFO  - User clicks the GetStarted Button at start page and clicks the Sign In.. 
21:56:26.714 [main] INFO  - User login with valid username and password..........
21:56:27.251 [main] INFO  - Clicking the Queue Page After Login..........
21:56:27.435 [main] INFO  - Queue Page URL --->https://dsportalapp.herokuapp.com/queue/
21:57:18.680 [main] INFO  - Launch the app URL.........
21:57:20.521 [main] INFO  - Application launched.......
21:57:20.533 [main] INFO  - User clicks the GetStarted Button at start page and clicks the Sign In.. 
21:57:21.011 [main] INFO  - User login with valid username and password..........
21:57:21.567 [main] INFO  - Clicking the Queue Page After Login..........
21:57:21.747 [main] INFO  - Queue Page URL --->https://dsportalapp.herokuapp.com/queue/
21:57:39.981 [main] INFO  - Launch the app URL.........
21:57:41.854 [main] INFO  - Application launched.......
21:57:41.865 [main] INFO  - User clicks the GetStarted Button at start page and clicks the Sign In.. 
21:57:42.366 [main] INFO  - User login with valid username and password..........
21:57:42.901 [main] INFO  - Clicking the Queue Page After Login..........
21:57:43.093 [main] INFO  - Queue Page URL --->https://dsportalapp.herokuapp.com/queue/
21:59:04.276 [main] INFO  - Launch the app URL.........
21:59:06.409 [main] INFO  - Application launched.......
21:59:06.433 [main] INFO  - User clicks the GetStarted Button at start page and clicks the Sign In.. 
21:59:06.962 [main] INFO  - User login with valid username and password..........
21:59:07.499 [main] INFO  - Clicking the Queue Page After Login..........
21:59:07.682 [main] INFO  - Queue Page URL --->https://dsportalapp.herokuapp.com/queue/
21:59:44.382 [main] INFO  - Launch the app URL.........
22:00:26.233 [main] INFO  - Launch the app URL.........
22:00:28.136 [main] INFO  - Application launched.......
22:00:28.157 [main] INFO  - User clicks the GetStarted Button at start page and clicks the Sign In.. 
22:00:28.693 [main] INFO  - User login with valid username and password..........
22:00:29.206 [main] INFO  - Clicking the Queue Page After Login..........
22:00:29.396 [main] INFO  - Queue Page URL --->https://dsportalapp.herokuapp.com/queue/
22:01:52.786 [main] INFO  - Launch the app URL.........
22:01:54.738 [main] INFO  - Application launched.......
22:01:54.758 [main] INFO  - User clicks the GetStarted Button at start page and clicks the Sign In.. 
22:01:55.333 [main] INFO  - User login with valid username and password..........
22:01:55.862 [main] INFO  - Clicking the Queue Page After Login..........
22:01:56.042 [main] INFO  - Queue Page URL --->https://dsportalapp.herokuapp.com/queue/
22:03:42.553 [main] INFO  - Launch the app URL.........
22:03:44.562 [main] INFO  - Application launched.......
22:03:44.575 [main] INFO  - User clicks the GetStarted Button at start page and clicks the Sign In.. 
22:03:45.284 [main] INFO  - User login with valid username and password..........
22:03:45.814 [main] INFO  - Clicking the Queue Page After Login..........
22:03:46.008 [main] INFO  - Queue Page URL --->https://dsportalapp.herokuapp.com/queue/
22:03:46.206 [main] INFO  - Clicking the TryHere Button......
22:04:35.760 [main] INFO  - Launch the app URL.........
22:04:37.672 [main] INFO  - Application launched.......
22:04:37.685 [main] INFO  - User clicks the GetStarted Button at start page and clicks the Sign In.. 
22:04:38.260 [main] INFO  - User login with valid username and password..........
22:04:38.806 [main] INFO  - Clicking the Queue Page After Login..........
22:04:39.057 [main] INFO  - Queue Page URL --->https://dsportalapp.herokuapp.com/queue/
22:06:16.547 [main] INFO  - Launch the app URL.........
22:06:18.490 [main] INFO  - Application launched.......
22:06:18.501 [main] INFO  - User clicks the GetStarted Button at start page and clicks the Sign In.. 
22:06:19.055 [main] INFO  - User login with valid username and password..........
22:06:19.620 [main] INFO  - Clicking the Queue Page After Login..........
22:06:19.801 [main] INFO  - Queue Page URL --->https://dsportalapp.herokuapp.com/queue/
22:06:20.051 [main] INFO  - Entering valid python code..........
22:09:26.882 [main] INFO  - Launch the app URL.........
22:09:28.822 [main] INFO  - Application launched.......
22:09:28.839 [main] INFO  - User clicks the GetStarted Button at start page and clicks the Sign In.. 
22:09:29.572 [main] INFO  - User login with valid username and password..........
22:09:30.196 [main] INFO  - Clicking the Queue Page After Login..........
22:09:30.653 [main] INFO  - Queue Page URL --->https://dsportalapp.herokuapp.com/queue/
22:09:32.674 [main] INFO  - Entering valid python code..........
22:09:33.145 [main] INFO  - Console output.......     Numpy Ninja'Numpy Ninja'
22:09:58.198 [main] INFO  - Launch the app URL.........
22:10:00.170 [main] INFO  - Application launched.......
22:10:00.183 [main] INFO  - User clicks the GetStarted Button at start page and clicks the Sign In.. 
22:10:00.744 [main] INFO  - User login with valid username and password..........
22:10:01.259 [main] INFO  - Clicking the Queue Page After Login..........
22:10:01.469 [main] INFO  - Queue Page URL --->https://dsportalapp.herokuapp.com/queue/
22:10:54.097 [main] INFO  - Launch the app URL.........
22:10:56.121 [main] INFO  - Application launched.......
22:10:56.136 [main] INFO  - User clicks the GetStarted Button at start page and clicks the Sign In.. 
22:10:56.867 [main] INFO  - User login with valid username and password..........
22:10:57.389 [main] INFO  - Clicking the Queue Page After Login..........
22:10:57.581 [main] INFO  - Queue Page URL --->https://dsportalapp.herokuapp.com/queue/
22:11:19.824 [main] INFO  - Launch the app URL.........
22:11:21.816 [main] INFO  - Application launched.......
22:11:21.836 [main] INFO  - User clicks the GetStarted Button at start page and clicks the Sign In.. 
22:11:22.455 [main] INFO  - User login with valid username and password..........
22:11:22.961 [main] INFO  - Clicking the Queue Page After Login..........
22:11:23.152 [main] INFO  - Queue Page URL --->https://dsportalapp.herokuapp.com/queue/
22:12:15.210 [main] INFO  - Launch the app URL.........
22:12:17.160 [main] INFO  - Application launched.......
22:12:17.182 [main] INFO  - User clicks the GetStarted Button at start page and clicks the Sign In.. 
22:12:17.754 [main] INFO  - User login with valid username and password..........
22:12:18.373 [main] INFO  - Clicking the Queue Page After Login..........
22:12:18.619 [main] INFO  - Queue Page URL --->https://dsportalapp.herokuapp.com/queue/
22:12:19.520 [main] INFO  - Entering valid python code..........
22:12:19.997 [main] INFO  - Console output.......     Numpy Ninja'Numpy Ninja'
22:13:26.509 [main] INFO  - Launch the app URL.........
22:13:28.950 [main] INFO  - Application launched.......
22:13:28.962 [main] INFO  - User clicks the GetStarted Button at start page and clicks the Sign In.. 
22:13:29.742 [main] INFO  - User login with valid username and password..........
22:13:30.469 [main] INFO  - Clicking the Queue Page After Login..........
22:13:30.664 [main] INFO  - Queue Page URL --->https://dsportalapp.herokuapp.com/queue/
22:16:02.711 [main] INFO  - Launch the app URL.........
22:16:04.588 [main] INFO  - Application launched.......
22:16:04.608 [main] INFO  - User clicks the GetStarted Button at start page and clicks the Sign In.. 
22:16:05.158 [main] INFO  - User login with valid username and password..........
22:16:05.717 [main] INFO  - Clicking the Queue Page After Login..........
22:16:05.896 [main] INFO  - Queue Page URL --->https://dsportalapp.herokuapp.com/queue/
22:16:05.900 [main] INFO  - Clicking the Try here in Implementation using collections.queue Page......
22:16:06.466 [main] INFO  - Clicking the TryHere Button......
22:19:13.894 [main] INFO  - Launch the app URL.........
22:19:15.783 [main] INFO  - Application launched.......
22:19:15.795 [main] INFO  - User clicks the GetStarted Button at start page and clicks the Sign In.. 
22:19:16.268 [main] INFO  - User login with valid username and password..........
22:19:16.814 [main] INFO  - Clicking the Queue Page After Login..........
22:19:16.993 [main] INFO  - Queue Page URL --->https://dsportalapp.herokuapp.com/queue/
22:19:16.997 [main] INFO  - Clicking the Try here in Implementation using collections.queue Page......
22:19:17.730 [main] INFO  - Clicking the TryHere Button......
22:21:26.927 [main] INFO  - Launch the app URL.........
22:21:29.000 [main] INFO  - Application launched.......
22:21:29.027 [main] INFO  - User clicks the GetStarted Button at start page and clicks the Sign In.. 
22:21:29.521 [main] INFO  - User login with valid username and password..........
22:21:30.077 [main] INFO  - Clicking the Queue Page After Login..........
22:21:30.280 [main] INFO  - Queue Page URL --->https://dsportalapp.herokuapp.com/queue/
22:21:30.283 [main] INFO  - Clicking the Try here in Implementation using collections.queue Page......
22:21:30.901 [main] INFO  - Clicking the TryHere Button......
22:22:44.114 [main] INFO  - Launch the app URL.........
22:22:45.985 [main] INFO  - Application launched.......
22:22:46.008 [main] INFO  - User clicks the GetStarted Button at start page and clicks the Sign In.. 
22:22:46.540 [main] INFO  - User login with valid username and password..........
22:22:47.058 [main] INFO  - Clicking the Queue Page After Login..........
22:22:47.258 [main] INFO  - Queue Page URL --->https://dsportalapp.herokuapp.com/queue/
22:22:47.261 [main] INFO  - Clicking the Try here in Implementation using collections.queue Page......
22:22:47.824 [main] INFO  - Clicking the TryHere Button......
22:30:07.394 [main] INFO  - Launch the app URL.........
22:30:09.960 [main] INFO  - Application launched.......
22:30:09.989 [main] INFO  - User clicks the GetStarted Button at start page and clicks the Sign In.. 
22:30:10.578 [main] INFO  - User login with valid username and password..........
22:30:11.210 [main] INFO  - Clicking the Queue Page After Login..........
22:30:11.393 [main] INFO  - Queue Page URL --->https://dsportalapp.herokuapp.com/queue/
22:30:11.398 [main] INFO  - Clicking the Try here in Implementation using collections.queue Page......
22:30:11.582 [main] INFO  - Clicking the TryHere Button......
22:30:54.557 [main] INFO  - Launch the app URL.........
22:30:56.862 [main] INFO  - Application launched.......
22:30:56.877 [main] INFO  - User clicks the GetStarted Button at start page and clicks the Sign In.. 
22:30:57.478 [main] INFO  - User login with valid username and password..........
22:30:58.098 [main] INFO  - Clicking the Queue Page After Login..........
22:30:58.364 [main] INFO  - Queue Page URL --->https://dsportalapp.herokuapp.com/queue/
22:36:29.677 [main] INFO  - Launch the app URL.........
22:36:31.837 [main] INFO  - Application launched.......
22:36:31.850 [main] INFO  - User clicks the GetStarted Button at start page and clicks the Sign In.. 
22:36:32.437 [main] INFO  - User login with valid username and password..........
22:36:32.996 [main] INFO  - Clicking the Queue Page After Login..........
22:36:33.224 [main] INFO  - Queue Page URL --->https://dsportalapp.herokuapp.com/queue/
22:36:33.846 [main] INFO  - Entering valid python code..........
22:36:34.306 [main] INFO  - Console output.......     Numpy Ninja'Numpy Ninja'
22:37:12.239 [main] INFO  - Launch the app URL.........
22:37:14.423 [main] INFO  - Application launched.......
22:37:14.442 [main] INFO  - User clicks the GetStarted Button at start page and clicks the Sign In.. 
22:37:14.994 [main] INFO  - User login with valid username and password..........
22:37:15.528 [main] INFO  - Clicking the Queue Page After Login..........
22:37:15.725 [main] INFO  - Queue Page URL --->https://dsportalapp.herokuapp.com/queue/
22:38:48.363 [main] INFO  - Launch the app URL.........
22:38:50.696 [main] INFO  - Application launched.......
22:38:50.707 [main] INFO  - User clicks the GetStarted Button at start page and clicks the Sign In.. 
22:38:51.209 [main] INFO  - User login with valid username and password..........
22:38:51.763 [main] INFO  - Clicking the Queue Page After Login..........
22:38:51.953 [main] INFO  - Queue Page URL --->https://dsportalapp.herokuapp.com/queue/
22:40:02.250 [main] INFO  - Launch the app URL.........
22:40:04.493 [main] INFO  - Application launched.......
22:40:04.516 [main] INFO  - User clicks the GetStarted Button at start page and clicks the Sign In.. 
22:40:05.017 [main] INFO  - User login with valid username and password..........
22:40:05.634 [main] INFO  - Clicking the Queue Page After Login..........
22:40:05.818 [main] INFO  - Queue Page URL --->https://dsportalapp.herokuapp.com/queue/
22:40:06.469 [main] INFO  - User Entering invalid pythod code on the editor ..... 
22:40:06.719 [main] INFO  - Alert Message in Python Editor SyntaxError: bad input on line 1
22:41:16.304 [main] INFO  - Launch the app URL.........
22:41:19.218 [main] INFO  - Application launched.......
22:41:19.231 [main] INFO  - User clicks the GetStarted Button at start page and clicks the Sign In.. 
22:41:19.852 [main] INFO  - User login with valid username and password..........
22:41:20.500 [main] INFO  - Clicking the Queue Page After Login..........
22:41:20.768 [main] INFO  - Queue Page URL --->https://dsportalapp.herokuapp.com/queue/
22:43:41.072 [main] INFO  - Launch the app URL.........
22:43:43.246 [main] INFO  - Application launched.......
22:43:43.260 [main] INFO  - User clicks the GetStarted Button at start page and clicks the Sign In.. 
22:43:43.862 [main] INFO  - User login with valid username and password..........
22:43:44.412 [main] INFO  - Clicking the Queue Page After Login..........
22:43:44.610 [main] INFO  - Queue Page URL --->https://dsportalapp.herokuapp.com/queue/
22:43:44.812 [main] INFO  - Clicking the TryHere Button......
22:45:14.668 [main] INFO  - Launch the app URL.........
22:45:16.781 [main] INFO  - Application launched.......
22:45:16.802 [main] INFO  - User clicks the GetStarted Button at start page and clicks the Sign In.. 
22:45:17.361 [main] INFO  - User login with valid username and password..........
22:45:17.919 [main] INFO  - Clicking the Queue Page After Login..........
22:45:18.138 [main] INFO  - Queue Page URL --->https://dsportalapp.herokuapp.com/queue/
22:46:52.208 [main] INFO  - Launch the app URL.........
22:46:54.301 [main] INFO  - Application launched.......
22:46:54.318 [main] INFO  - User clicks the GetStarted Button at start page and clicks the Sign In.. 
22:46:54.841 [main] INFO  - User login with valid username and password..........
22:46:55.409 [main] INFO  - Clicking the Queue Page After Login..........
22:46:55.591 [main] INFO  - Queue Page URL --->https://dsportalapp.herokuapp.com/queue/
22:46:56.356 [main] INFO  - Entering valid python code..........
22:46:56.804 [main] INFO  - Console output.......     Numpy Ninja'Numpy Ninja'
22:47:43.993 [main] INFO  - Launch the app URL.........
22:47:46.274 [main] INFO  - Application launched.......
22:47:46.295 [main] INFO  - User clicks the GetStarted Button at start page and clicks the Sign In.. 
22:47:46.811 [main] INFO  - User login with valid username and password..........
22:47:47.385 [main] INFO  - Clicking the Queue Page After Login..........
22:47:47.571 [main] INFO  - Queue Page URL --->https://dsportalapp.herokuapp.com/queue/
22:48:48.937 [main] INFO  - Launch the app URL.........
22:48:51.326 [main] INFO  - Application launched.......
22:48:51.338 [main] INFO  - User clicks the GetStarted Button at start page and clicks the Sign In.. 
22:48:51.871 [main] INFO  - User login with valid username and password..........
22:48:52.477 [main] INFO  - Clicking the Queue Page After Login..........
22:48:52.688 [main] INFO  - Queue Page URL --->https://dsportalapp.herokuapp.com/queue/
22:49:30.195 [main] INFO  - Launch the app URL.........
22:49:32.774 [main] INFO  - Application launched.......
22:49:32.791 [main] INFO  - User clicks the GetStarted Button at start page and clicks the Sign In.. 
22:49:33.355 [main] INFO  - User login with valid username and password..........
22:49:33.893 [main] INFO  - Clicking the Queue Page After Login..........
22:49:34.080 [main] INFO  - Queue Page URL --->https://dsportalapp.herokuapp.com/queue/
22:49:34.778 [main] INFO  - User Entering invalid pythod code on the editor ..... 
22:49:35.048 [main] INFO  - Alert Message in Python Editor SyntaxError: bad input on line 1
22:50:47.868 [main] INFO  - Launch the app URL.........
22:50:50.230 [main] INFO  - Application launched.......
22:50:50.251 [main] INFO  - User clicks the GetStarted Button at start page and clicks the Sign In.. 
22:50:50.837 [main] INFO  - User login with valid username and password..........
22:50:51.331 [main] INFO  - Clicking the Queue Page After Login..........
22:50:51.538 [main] INFO  - Queue Page URL --->https://dsportalapp.herokuapp.com/queue/
22:53:01.425 [main] INFO  - Launch the app URL.........
22:53:03.751 [main] INFO  - Application launched.......
22:53:03.775 [main] INFO  - User clicks the GetStarted Button at start page and clicks the Sign In.. 
22:53:04.300 [main] INFO  - User login with valid username and password..........
22:53:04.897 [main] INFO  - Clicking the Queue Page After Login..........
22:53:05.091 [main] INFO  - Queue Page URL --->https://dsportalapp.herokuapp.com/queue/
22:53:05.267 [main] INFO  - Clicking the TryHere Button......
22:53:31.441 [main] INFO  - Launch the app URL.........
22:53:33.811 [main] INFO  - Application launched.......
22:53:33.827 [main] INFO  - User clicks the GetStarted Button at start page and clicks the Sign In.. 
22:53:34.409 [main] INFO  - User login with valid username and password..........
22:53:34.910 [main] INFO  - Clicking the Queue Page After Login..........
22:53:35.100 [main] INFO  - Queue Page URL --->https://dsportalapp.herokuapp.com/queue/
22:54:37.810 [main] INFO  - Launch the app URL.........
22:54:40.196 [main] INFO  - Application launched.......
22:54:40.206 [main] INFO  - User clicks the GetStarted Button at start page and clicks the Sign In.. 
22:54:40.820 [main] INFO  - User login with valid username and password..........
22:54:41.463 [main] INFO  - Clicking the Queue Page After Login..........
22:54:41.679 [main] INFO  - Queue Page URL --->https://dsportalapp.herokuapp.com/queue/
22:54:42.415 [main] INFO  - Entering valid python code..........
22:54:42.881 [main] INFO  - Console output.......     Numpy Ninja'Numpy Ninja'
22:55:40.242 [main] INFO  - Launch the app URL.........
22:55:42.542 [main] INFO  - Application launched.......
22:55:42.557 [main] INFO  - User clicks the GetStarted Button at start page and clicks the Sign In.. 
22:55:43.119 [main] INFO  - User login with valid username and password..........
22:55:43.721 [main] INFO  - Clicking the Queue Page After Login..........
22:55:43.906 [main] INFO  - Queue Page URL --->https://dsportalapp.herokuapp.com/queue/
22:56:37.996 [main] INFO  - Launch the app URL.........
22:56:40.310 [main] INFO  - Application launched.......
22:56:40.330 [main] INFO  - User clicks the GetStarted Button at start page and clicks the Sign In.. 
22:56:40.867 [main] INFO  - User login with valid username and password..........
22:56:41.438 [main] INFO  - Clicking the Queue Page After Login..........
22:56:41.625 [main] INFO  - Queue Page URL --->https://dsportalapp.herokuapp.com/queue/
22:56:42.318 [main] INFO  - User Entering invalid pythod code on the editor ..... 
22:56:42.562 [main] INFO  - Alert Message in Python Editor SyntaxError: bad input on line 1
22:57:21.144 [main] INFO  - Launch the app URL.........
22:57:23.536 [main] INFO  - Application launched.......
22:57:23.551 [main] INFO  - User clicks the GetStarted Button at start page and clicks the Sign In.. 
22:57:24.096 [main] INFO  - User login with valid username and password..........
22:57:24.660 [main] INFO  - Clicking the Queue Page After Login..........
22:57:24.891 [main] INFO  - Queue Page URL --->https://dsportalapp.herokuapp.com/queue/
22:57:25.522 [main] INFO  - User Entering invalid pythod code on the editor ..... 
22:57:25.768 [main] INFO  - Alert Message in Python Editor SyntaxError: bad input on line 1
22:58:02.571 [main] INFO  - Launch the app URL.........
22:58:04.848 [main] INFO  - Application launched.......
22:58:04.867 [main] INFO  - User clicks the GetStarted Button at start page and clicks the Sign In.. 
22:58:05.429 [main] INFO  - User login with valid username and password..........
22:58:05.941 [main] INFO  - Clicking the Queue Page After Login..........
22:58:06.128 [main] INFO  - Queue Page URL --->https://dsportalapp.herokuapp.com/queue/
22:58:06.132 [main] INFO  - The user is in the Queue Page
22:58:06.899 [main] INFO  - Launch the app URL.........
22:58:08.898 [main] INFO  - Application launched.......
22:58:08.900 [main] INFO  - User clicks the GetStarted Button at start page and clicks the Sign In.. 
22:58:09.373 [main] INFO  - User login with valid username and password..........
22:58:10.074 [main] INFO  - Clicking the Queue Page After Login..........
22:58:10.250 [main] INFO  - Queue Page URL --->https://dsportalapp.herokuapp.com/queue/
22:58:10.251 [main] INFO  - The user is in the Queue Page
22:58:10.258 [main] INFO  - The user clicks the Implementation using collections.queue link ........
22:58:10.843 [main] INFO  - Launch the app URL.........
22:58:15.914 [main] INFO  - Launch the app URL.........
22:58:18.785 [main] INFO  - Application launched.......
22:58:18.786 [main] INFO  - User clicks the GetStarted Button at start page and clicks the Sign In.. 
22:58:19.363 [main] INFO  - User login with valid username and password..........
22:58:19.937 [main] INFO  - Clicking the Queue Page After Login..........
22:58:20.115 [main] INFO  - Queue Page URL --->https://dsportalapp.herokuapp.com/queue/
22:58:20.119 [main] INFO  - The user is in the Queue Page
22:58:20.446 [main] INFO  - After clicking Queue Operations link URL ... https://dsportalapp.herokuapp.com/queue/QueueOp/
22:58:20.763 [main] INFO  - Launch the app URL.........
22:58:22.504 [main] INFO  - Application launched.......
22:58:22.505 [main] INFO  - User clicks the GetStarted Button at start page and clicks the Sign In.. 
22:58:23.026 [main] INFO  - User login with valid username and password..........
22:58:23.620 [main] INFO  - Clicking the Queue Page After Login..........
22:58:23.841 [main] INFO  - Queue Page URL --->https://dsportalapp.herokuapp.com/queue/
22:58:24.501 [main] INFO  - Launch the app URL.........
22:58:26.474 [main] INFO  - Application launched.......
22:58:26.476 [main] INFO  - User clicks the GetStarted Button at start page and clicks the Sign In.. 
22:58:26.995 [main] INFO  - User login with valid username and password..........
22:58:27.566 [main] INFO  - Clicking the Queue Page After Login..........
22:58:27.760 [main] INFO  - Queue Page URL --->https://dsportalapp.herokuapp.com/queue/
22:58:27.946 [main] INFO  - Clicking the Implementation using collections.queue  from the left panel links........ 
22:58:28.410 [main] INFO  - Launch the app URL.........
22:58:30.180 [main] INFO  - Application launched.......
22:58:30.182 [main] INFO  - User clicks the GetStarted Button at start page and clicks the Sign In.. 
22:58:30.688 [main] INFO  - User login with valid username and password..........
22:58:31.174 [main] INFO  - Clicking the Queue Page After Login..........
22:58:31.364 [main] INFO  - Queue Page URL --->https://dsportalapp.herokuapp.com/queue/
22:58:31.589 [main] INFO  - Clicking the Implementation using Array link  from the left panel links........ 
22:58:31.738 [main] INFO  - Implementation using Array link Current URL https://dsportalapp.herokuapp.com/queue/Implementation-array/
22:58:32.099 [main] INFO  - Launch the app URL.........
22:58:33.967 [main] INFO  - Application launched.......
22:58:33.970 [main] INFO  - User clicks the GetStarted Button at start page and clicks the Sign In.. 
22:58:34.451 [main] INFO  - User login with valid username and password..........
22:58:34.938 [main] INFO  - Clicking the Queue Page After Login..........
22:58:35.126 [main] INFO  - Queue Page URL --->https://dsportalapp.herokuapp.com/queue/
22:58:35.322 [main] INFO  - Clicking the Queue Operations link from the left panel links........ 
22:58:35.482 [main] INFO  - After clicking Queue Operations link URL ... https://dsportalapp.herokuapp.com/queue/QueueOp/
22:58:35.804 [main] INFO  - Launch the app URL.........
22:58:37.639 [main] INFO  - Application launched.......
22:58:37.641 [main] INFO  - User clicks the GetStarted Button at start page and clicks the Sign In.. 
22:58:38.157 [main] INFO  - User login with valid username and password..........
22:58:38.682 [main] INFO  - Clicking the Queue Page After Login..........
22:58:38.896 [main] INFO  - Queue Page URL --->https://dsportalapp.herokuapp.com/queue/
22:58:39.097 [main] INFO  - Clicking the Practice Questions  from the left panel links........ 
22:58:39.575 [main] INFO  - Launch the app URL.........
22:58:41.371 [main] INFO  - Application launched.......
22:58:41.376 [main] INFO  - User clicks the GetStarted Button at start page and clicks the Sign In.. 
22:58:41.903 [main] INFO  - User login with valid username and password..........
22:58:42.503 [main] INFO  - Clicking the Queue Page After Login..........
22:58:42.745 [main] INFO  - Queue Page URL --->https://dsportalapp.herokuapp.com/queue/
22:58:42.932 [main] INFO  - Clicking the TryHere Button......
22:58:43.627 [main] INFO  - Launch the app URL.........
22:58:45.624 [main] INFO  - Application launched.......
22:58:45.624 [main] INFO  - User clicks the GetStarted Button at start page and clicks the Sign In.. 
22:58:46.123 [main] INFO  - User login with valid username and password..........
22:58:46.649 [main] INFO  - Clicking the Queue Page After Login..........
22:58:46.847 [main] INFO  - Queue Page URL --->https://dsportalapp.herokuapp.com/queue/
22:58:47.556 [main] INFO  - Entering valid python code..........
22:58:48.018 [main] INFO  - Console output.......     Numpy Ninja'Numpy Ninja'
22:58:48.426 [main] INFO  - Launch the app URL.........
22:58:50.792 [main] INFO  - Launch the app URL.........
22:58:53.514 [main] INFO  - Launch the app URL.........
22:58:56.367 [main] INFO  - Application launched.......
22:58:56.368 [main] INFO  - User clicks the GetStarted Button at start page and clicks the Sign In.. 
22:58:56.976 [main] INFO  - User login with valid username and password..........
22:58:57.588 [main] INFO  - Clicking the Queue Page After Login..........
22:58:58.138 [main] INFO  - Queue Page URL --->https://dsportalapp.herokuapp.com/queue/
22:58:58.140 [main] INFO  - Clicking the Try here in Implementation using collections.queue Page......
22:58:58.503 [main] INFO  - Clicking the TryHere Button......
22:58:59.818 [main] INFO  - Launch the app URL.........
22:59:01.917 [main] INFO  - Application launched.......
22:59:01.930 [main] INFO  - User clicks the GetStarted Button at start page and clicks the Sign In.. 
22:59:02.450 [main] INFO  - User login with valid username and password..........
22:59:02.962 [main] INFO  - Clicking the Queue Page After Login..........
22:59:03.159 [main] INFO  - Queue Page URL --->https://dsportalapp.herokuapp.com/queue/
22:59:03.806 [main] INFO  - Entering valid python code..........
22:59:04.236 [main] INFO  - Console output.......     Numpy Ninja'Numpy Ninja'
22:59:04.677 [main] INFO  - Launch the app URL.........
22:59:06.902 [main] INFO  - Application launched.......
22:59:06.903 [main] INFO  - User clicks the GetStarted Button at start page and clicks the Sign In.. 
22:59:07.401 [main] INFO  - User login with valid username and password..........
22:59:07.912 [main] INFO  - Clicking the Queue Page After Login..........
22:59:08.144 [main] INFO  - Queue Page URL --->https://dsportalapp.herokuapp.com/queue/
22:59:09.185 [main] INFO  - Launch the app URL.........
22:59:11.177 [main] INFO  - Application launched.......
22:59:11.178 [main] INFO  - User clicks the GetStarted Button at start page and clicks the Sign In.. 
22:59:11.672 [main] INFO  - User login with valid username and password..........
22:59:12.207 [main] INFO  - Clicking the Queue Page After Login..........
22:59:12.399 [main] INFO  - Queue Page URL --->https://dsportalapp.herokuapp.com/queue/
22:59:13.076 [main] INFO  - User Entering invalid pythod code on the editor ..... 
22:59:13.330 [main] INFO  - Alert Message in Python Editor SyntaxError: bad input on line 1
22:59:13.615 [main] INFO  - Launch the app URL.........
22:59:15.445 [main] INFO  - Application launched.......
22:59:15.446 [main] INFO  - User clicks the GetStarted Button at start page and clicks the Sign In.. 
22:59:15.928 [main] INFO  - User login with valid username and password..........
22:59:16.494 [main] INFO  - Clicking the Queue Page After Login..........
22:59:16.665 [main] INFO  - Queue Page URL --->https://dsportalapp.herokuapp.com/queue/
22:59:16.885 [main] INFO  - Clicking the TryHere Button......
22:59:17.812 [main] INFO  - Launch the app URL.........
22:59:19.720 [main] INFO  - Application launched.......
22:59:19.726 [main] INFO  - User clicks the GetStarted Button at start page and clicks the Sign In.. 
22:59:20.248 [main] INFO  - User login with valid username and password..........
22:59:20.749 [main] INFO  - Clicking the Queue Page After Login..........
22:59:20.945 [main] INFO  - Queue Page URL --->https://dsportalapp.herokuapp.com/queue/
22:59:21.631 [main] INFO  - Entering valid python code..........
22:59:22.076 [main] INFO  - Console output.......     Numpy Ninja'Numpy Ninja'
22:59:22.409 [main] INFO  - Launch the app URL.........
22:59:24.273 [main] INFO  - Application launched.......
22:59:24.274 [main] INFO  - User clicks the GetStarted Button at start page and clicks the Sign In.. 
22:59:24.777 [main] INFO  - User login with valid username and password..........
22:59:25.322 [main] INFO  - Clicking the Queue Page After Login..........
