11:38:55.034 [main] INFO  - Launch the app URL.........
11:39:12.950 [main] INFO  - Application launched.......
11:39:12.952 [main] INFO  - User clicks the GetStarted Button at start page and clicks the Sign In.. 
11:39:13.460 [main] INFO  - User login with valid username and password..........
12:10:07.409 [main] INFO  - Launch the app URL.........
12:10:09.584 [main] INFO  - Application launched.......
12:10:09.586 [main] INFO  - User clicks the GetStarted Button at start page and clicks the Sign In.. 
12:10:10.034 [main] INFO  - User login with valid username and password..........
12:10:10.627 [main] INFO  - Getstarted button clicked............
12:10:10.655 [main] INFO  - Graph home page dispalyed.........
12:15:11.240 [main] INFO  - Launch the app URL.........
12:15:13.167 [main] INFO  - Application launched.......
12:15:13.170 [main] INFO  - User clicks the GetStarted Button at start page and clicks the Sign In.. 
12:15:13.716 [main] INFO  - User login with valid username and password..........
12:15:14.312 [main] INFO  - Getstarted button clicked............
12:15:14.322 [main] INFO  - Graph home page dispalyed.........
12:15:14.482 [main] INFO  - Graph link  clicked............
12:15:14.505 [main] INFO  - Graph  page dispalyed.........
16:30:20.084 [main] INFO  - Launch the app URL.........
16:30:23.659 [main] INFO  - Application launched.......
16:30:23.878 [main] INFO  - User clicks the GetStarted Button at start page and clicks the Sign In.. 
16:30:24.716 [main] INFO  - User login with valid username and password..........
16:30:25.610 [main] INFO  - Redirecting to the Stack Home Page.....
16:30:25.640 [main] INFO  - Stack Home page is displayed
16:30:25.644 [main] INFO  - Clicking the Operations page link.....
16:30:25.878 [main] INFO  - Redirecting to the OPerations Page.....
16:30:25.898 [main] INFO  - Operations page is displayed.........
16:30:26.925 [main] INFO  - Launch the app URL.........
16:30:29.436 [main] INFO  - Application launched.......
16:30:29.439 [main] INFO  - User clicks the GetStarted Button at start page and clicks the Sign In.. 
16:30:30.103 [main] INFO  - User login with valid username and password..........
16:30:31.282 [main] INFO  - Redirecting to the Stack Home Page.....
16:30:31.307 [main] INFO  - Stack Home page is displayed
16:30:31.314 [main] INFO  - Clicking the Operations page link.....
16:30:32.128 [main] INFO  - Clicking the try here of operations page........
16:30:32.134 [main] INFO  - Redirecting to try editor page........
16:30:32.143 [main] INFO  - editor page displayed......
16:30:32.668 [main] INFO  - Launch the app URL.........
16:30:34.475 [main] INFO  - Application launched.......
16:30:34.478 [main] INFO  - User clicks the GetStarted Button at start page and clicks the Sign In.. 
16:30:35.052 [main] INFO  - User login with valid username and password..........
16:30:35.969 [main] INFO  - Redirecting to the Stack Home Page.....
16:30:35.986 [main] INFO  - Stack Home page is displayed
16:30:35.988 [main] INFO  - the Try editor of Operations page link.....
16:30:36.969 [main] INFO  - Entering valid python code..........
16:30:37.489 [main] INFO  - Console output.......     Numpy Ninja'Numpy Ninja'
16:30:37.907 [main] INFO  - Launch the app URL.........
16:30:39.556 [main] INFO  - Application launched.......
16:30:39.562 [main] INFO  - User clicks the GetStarted Button at start page and clicks the Sign In.. 
16:30:40.248 [main] INFO  - User login with valid username and password..........
16:30:41.214 [main] INFO  - Redirecting to the Stack Home Page.....
16:30:41.228 [main] INFO  - Stack Home page is displayed
16:30:41.230 [main] INFO  - the Try editor of Operations page link.....
16:30:41.543 [main] INFO  - User Entering invalid pythod code on the editor ..... 
16:30:52.431 [main] INFO  - Launch the app URL.........
16:30:54.174 [main] INFO  - Application launched.......
16:30:54.174 [main] INFO  - User clicks the GetStarted Button at start page and clicks the Sign In.. 
16:30:54.847 [main] INFO  - User login with valid username and password..........
16:30:55.646 [main] INFO  - Redirecting to the Stack Home Page.....
16:30:55.684 [main] INFO  - Stack Home page is displayed
16:30:55.684 [main] INFO  - the Try editor of Operations page link.....
16:30:57.020 [main] INFO  - Launch the app URL.........
16:30:58.659 [main] INFO  - Application launched.......
16:30:58.662 [main] INFO  - User clicks the GetStarted Button at start page and clicks the Sign In.. 
16:30:59.201 [main] INFO  - User login with valid username and password..........
16:31:00.043 [main] INFO  - Redirecting to the Stack Home Page.....
16:31:00.060 [main] INFO  - Stack Home page is displayed
16:31:00.062 [main] INFO  - Clicking the Implementations page link.....
16:31:00.427 [main] INFO  - Redirecting to the Implementations Page.....
16:31:00.467 [main] INFO  - Implementations page is displayed.........
16:31:00.846 [main] INFO  - Launch the app URL.........
16:31:02.611 [main] INFO  - Application launched.......
16:31:02.614 [main] INFO  - User clicks the GetStarted Button at start page and clicks the Sign In.. 
16:31:03.245 [main] INFO  - User login with valid username and password..........
16:31:04.064 [main] INFO  - Redirecting to the Stack Home Page.....
16:31:04.083 [main] INFO  - Stack Home page is displayed
16:31:04.085 [main] INFO  - Clicking the Implementations page link.....
16:31:04.896 [main] INFO  - clicking the try here of implementations page............
16:31:04.898 [main] INFO  - Redirecting to try editor page........
16:31:04.908 [main] INFO  - editor page displayed......
16:31:05.303 [main] INFO  - Launch the app URL.........
16:31:06.843 [main] INFO  - Application launched.......
16:31:06.853 [main] INFO  - User clicks the GetStarted Button at start page and clicks the Sign In.. 
16:31:07.458 [main] INFO  - User login with valid username and password..........
16:31:08.414 [main] INFO  - Redirecting to the Stack Home Page.....
16:31:08.423 [main] INFO  - Stack Home page is displayed
16:31:08.425 [main] INFO  - the try editor of  the Implementations page link.....
16:31:09.102 [main] INFO  - Entering valid python code..........
16:31:09.585 [main] INFO  - Console output.......     Numpy Ninja'Numpy Ninja'
16:31:10.061 [main] INFO  - Launch the app URL.........
16:31:11.940 [main] INFO  - Application launched.......
16:31:11.943 [main] INFO  - User clicks the GetStarted Button at start page and clicks the Sign In.. 
16:31:12.482 [main] INFO  - User login with valid username and password..........
16:31:13.289 [main] INFO  - Redirecting to the Stack Home Page.....
16:31:13.305 [main] INFO  - Stack Home page is displayed
16:31:13.306 [main] INFO  - the try editor of  the Implementations page link.....
16:31:14.011 [main] INFO  - User Entering invalid pythod code on the editor ..... 
16:31:14.404 [main] INFO  - Alert Message in Python Editor SyntaxError: bad input on line 1
16:31:14.795 [main] INFO  - Launch the app URL.........
16:31:16.314 [main] INFO  - Application launched.......
16:31:16.318 [main] INFO  - User clicks the GetStarted Button at start page and clicks the Sign In.. 
16:31:16.954 [main] INFO  - User login with valid username and password..........
16:31:17.697 [main] INFO  - Redirecting to the Stack Home Page.....
16:31:17.710 [main] INFO  - Stack Home page is displayed
16:31:17.711 [main] INFO  - the try editor of  the Implementations page link.....
16:31:19.037 [main] INFO  - Launch the app URL.........
16:31:20.771 [main] INFO  - Application launched.......
16:31:20.774 [main] INFO  - User clicks the GetStarted Button at start page and clicks the Sign In.. 
16:31:21.376 [main] INFO  - User login with valid username and password..........
16:31:22.178 [main] INFO  - Redirecting to the Stack Home Page.....
16:31:22.215 [main] INFO  - Stack Home page is displayed
16:31:22.217 [main] INFO  - Clicking the APplications page link.....
16:31:22.439 [main] INFO  - Redirecting to the Applications Page.....
16:31:22.450 [main] INFO  - Applications page is displayed.........
16:31:22.905 [main] INFO  - Launch the app URL.........
16:31:24.297 [main] INFO  - Application launched.......
16:31:24.299 [main] INFO  - User clicks the GetStarted Button at start page and clicks the Sign In.. 
16:31:24.873 [main] INFO  - User login with valid username and password..........
16:31:25.695 [main] INFO  - Redirecting to the Stack Home Page.....
16:31:25.704 [main] INFO  - Stack Home page is displayed
16:31:25.705 [main] INFO  - User is in the APplications page link.....
16:31:26.417 [main] INFO  - clicking the try here of applications page............
16:31:26.418 [main] INFO  - Redirecting to try editor page........
16:31:26.423 [main] INFO  - editor page displayed......
16:31:26.841 [main] INFO  - Launch the app URL.........
16:31:28.532 [main] INFO  - Application launched.......
16:31:28.534 [main] INFO  - User clicks the GetStarted Button at start page and clicks the Sign In.. 
16:31:29.004 [main] INFO  - User login with valid username and password..........
16:31:29.888 [main] INFO  - Redirecting to the Stack Home Page.....
16:31:29.929 [main] INFO  - Stack Home page is displayed
16:31:29.931 [main] INFO  - the try editor of  the Applications page link.....
16:31:30.755 [main] INFO  - Entering valid python code..........
16:31:31.243 [main] INFO  - Console output.......     Numpy Ninja'Numpy Ninja'
16:31:31.705 [main] INFO  - Launch the app URL.........
16:31:33.159 [main] INFO  - Application launched.......
16:31:33.162 [main] INFO  - User clicks the GetStarted Button at start page and clicks the Sign In.. 
16:31:33.679 [main] INFO  - User login with valid username and password..........
16:31:34.533 [main] INFO  - Redirecting to the Stack Home Page.....
16:31:34.549 [main] INFO  - Stack Home page is displayed
16:31:34.549 [main] INFO  - the try editor of  the Applications page link.....
16:31:35.573 [main] INFO  - User Entering invalid pythod code on the editor ..... 
16:31:35.895 [main] INFO  - Alert Message in Python Editor SyntaxError: bad input on line 1
16:31:36.228 [main] INFO  - Launch the app URL.........
16:31:37.980 [main] INFO  - Application launched.......
16:31:37.983 [main] INFO  - User clicks the GetStarted Button at start page and clicks the Sign In.. 
16:31:38.691 [main] INFO  - User login with valid username and password..........
16:31:39.446 [main] INFO  - Redirecting to the Stack Home Page.....
16:31:39.456 [main] INFO  - Stack Home page is displayed
16:31:39.457 [main] INFO  - the try editor of  the Applications page link.....
16:31:41.043 [main] INFO  - Launch the app URL.........
16:31:42.497 [main] INFO  - Application launched.......
16:31:42.501 [main] INFO  - User clicks the GetStarted Button at start page and clicks the Sign In.. 
16:31:43.088 [main] INFO  - User login with valid username and password..........
16:31:43.871 [main] INFO  - Redirecting to the Stack Home Page.....
16:31:43.922 [main] INFO  - Stack Home page is displayed
16:31:43.924 [main] INFO  - Clicking the Operations page link.....
16:31:44.165 [main] INFO  - Clicking the Practice question link ..... 
10:06:28.245 [main] INFO  - Launch the app URL.........
10:06:32.477 [main] INFO  - Application launched.......
10:06:32.571 [main] INFO  - User clicks the GetStarted Button at start page and clicks the Sign In.. 
10:06:33.292 [main] INFO  - User login with valid username and password..........
10:06:34.444 [main] INFO  - Redirecting to the Stack Home Page.....
10:06:34.468 [main] INFO  - Stack Home page is displayed
10:06:34.471 [main] INFO  - Clicking the Operations page link.....
10:06:34.739 [main] INFO  - Redirecting to the OPerations Page.....
10:06:34.750 [main] INFO  - Operations page is displayed.........
10:06:35.414 [main] INFO  - Launch the app URL.........
10:06:37.275 [main] INFO  - Application launched.......
10:06:37.278 [main] INFO  - User clicks the GetStarted Button at start page and clicks the Sign In.. 
10:06:37.878 [main] INFO  - User login with valid username and password..........
10:06:38.914 [main] INFO  - Redirecting to the Stack Home Page.....
10:06:38.933 [main] INFO  - Stack Home page is displayed
10:06:38.938 [main] INFO  - Clicking the Operations page link.....
10:06:40.294 [main] INFO  - Clicking the try here of operations page........
10:06:40.325 [main] INFO  - Redirecting to try editor page........
10:06:40.335 [main] INFO  - editor page displayed......
10:06:40.683 [main] INFO  - Launch the app URL.........
10:06:42.526 [main] INFO  - Application launched.......
10:06:42.531 [main] INFO  - User clicks the GetStarted Button at start page and clicks the Sign In.. 
10:06:43.212 [main] INFO  - User login with valid username and password..........
10:06:44.038 [main] INFO  - Redirecting to the Stack Home Page.....
10:06:44.067 [main] INFO  - Stack Home page is displayed
10:06:44.070 [main] INFO  - the Try editor of Operations page link.....
10:06:44.980 [main] INFO  - Entering valid python code..........
10:06:45.735 [main] INFO  - Console output.......     Numpy Ninja'Numpy Ninja'
10:06:46.285 [main] INFO  - Launch the app URL.........
10:06:48.126 [main] INFO  - Application launched.......
10:06:48.129 [main] INFO  - User clicks the GetStarted Button at start page and clicks the Sign In.. 
10:06:48.763 [main] INFO  - User login with valid username and password..........
10:06:49.883 [main] INFO  - Redirecting to the Stack Home Page.....
10:06:49.907 [main] INFO  - Stack Home page is displayed
10:06:49.909 [main] INFO  - the Try editor of Operations page link.....
10:06:50.679 [main] INFO  - User Entering invalid pythod code on the editor ..... 
10:06:51.118 [main] INFO  - Alert Message in Python Editor SyntaxError: bad input on line 1
10:06:51.476 [main] INFO  - Launch the app URL.........
10:06:53.055 [main] INFO  - Application launched.......
10:06:53.059 [main] INFO  - User clicks the GetStarted Button at start page and clicks the Sign In.. 
10:06:53.673 [main] INFO  - User login with valid username and password..........
10:06:54.704 [main] INFO  - Redirecting to the Stack Home Page.....
10:06:54.733 [main] INFO  - Stack Home page is displayed
10:06:54.734 [main] INFO  - the Try editor of Operations page link.....
10:06:56.058 [main] INFO  - Launch the app URL.........
10:06:57.731 [main] INFO  - Application launched.......
10:06:57.733 [main] INFO  - User clicks the GetStarted Button at start page and clicks the Sign In.. 
10:06:58.442 [main] INFO  - User login with valid username and password..........
10:06:59.409 [main] INFO  - Redirecting to the Stack Home Page.....
10:06:59.431 [main] INFO  - Stack Home page is displayed
10:06:59.433 [main] INFO  - Clicking the Implementations page link.....
10:06:59.637 [main] INFO  - Redirecting to the Implementations Page.....
10:06:59.660 [main] INFO  - Implementations page is displayed.........
10:07:00.009 [main] INFO  - Launch the app URL.........
10:07:01.466 [main] INFO  - Application launched.......
10:07:01.468 [main] INFO  - User clicks the GetStarted Button at start page and clicks the Sign In.. 
10:07:02.116 [main] INFO  - User login with valid username and password..........
10:07:02.941 [main] INFO  - Redirecting to the Stack Home Page.....
10:07:02.959 [main] INFO  - Stack Home page is displayed
10:07:02.961 [main] INFO  - Clicking the Implementations page link.....
10:07:03.643 [main] INFO  - clicking the try here of implementations page............
10:07:03.646 [main] INFO  - Redirecting to try editor page........
10:07:03.655 [main] INFO  - editor page displayed......
10:07:04.086 [main] INFO  - Launch the app URL.........
10:07:05.841 [main] INFO  - Application launched.......
10:07:05.843 [main] INFO  - User clicks the GetStarted Button at start page and clicks the Sign In.. 
10:07:06.483 [main] INFO  - User login with valid username and password..........
10:07:07.520 [main] INFO  - Redirecting to the Stack Home Page.....
10:07:07.534 [main] INFO  - Stack Home page is displayed
10:07:07.536 [main] INFO  - the try editor of  the Implementations page link.....
10:07:08.239 [main] INFO  - Entering valid python code..........
10:07:09.057 [main] INFO  - Console output.......     Numpy Ninja'Numpy Ninja'
10:07:09.512 [main] INFO  - Launch the app URL.........
10:07:11.391 [main] INFO  - Application launched.......
10:07:11.393 [main] INFO  - User clicks the GetStarted Button at start page and clicks the Sign In.. 
10:07:12.001 [main] INFO  - User login with valid username and password..........
10:07:12.785 [main] INFO  - Redirecting to the Stack Home Page.....
10:07:12.807 [main] INFO  - Stack Home page is displayed
10:07:12.809 [main] INFO  - the try editor of  the Implementations page link.....
10:07:13.765 [main] INFO  - User Entering invalid pythod code on the editor ..... 
10:07:14.189 [main] INFO  - Alert Message in Python Editor SyntaxError: bad input on line 1
10:07:14.484 [main] INFO  - Launch the app URL.........
10:07:15.906 [main] INFO  - Application launched.......
10:07:15.910 [main] INFO  - User clicks the GetStarted Button at start page and clicks the Sign In.. 
10:07:16.518 [main] INFO  - User login with valid username and password..........
10:07:17.516 [main] INFO  - Redirecting to the Stack Home Page.....
10:07:17.538 [main] INFO  - Stack Home page is displayed
10:07:17.539 [main] INFO  - the try editor of  the Implementations page link.....
10:07:18.894 [main] INFO  - Launch the app URL.........
10:07:20.681 [main] INFO  - Application launched.......
10:07:20.684 [main] INFO  - User clicks the GetStarted Button at start page and clicks the Sign In.. 
10:07:21.335 [main] INFO  - User login with valid username and password..........
10:07:22.193 [main] INFO  - Redirecting to the Stack Home Page.....
10:07:22.210 [main] INFO  - Stack Home page is displayed
10:07:22.212 [main] INFO  - Clicking the APplications page link.....
10:07:22.435 [main] INFO  - Redirecting to the Applications Page.....
10:07:22.482 [main] INFO  - Applications page is displayed.........
10:07:22.785 [main] INFO  - Launch the app URL.........
10:07:24.339 [main] INFO  - Application launched.......
10:07:24.339 [main] INFO  - User clicks the GetStarted Button at start page and clicks the Sign In.. 
10:07:25.122 [main] INFO  - User login with valid username and password..........
10:07:26.215 [main] INFO  - Redirecting to the Stack Home Page.....
10:07:26.234 [main] INFO  - Stack Home page is displayed
10:07:26.234 [main] INFO  - User is in the APplications page link.....
10:07:26.946 [main] INFO  - clicking the try here of applications page............
10:07:26.946 [main] INFO  - Redirecting to try editor page........
10:07:26.957 [main] INFO  - editor page displayed......
10:07:27.257 [main] INFO  - Launch the app URL.........
10:07:29.021 [main] INFO  - Application launched.......
10:07:29.024 [main] INFO  - User clicks the GetStarted Button at start page and clicks the Sign In.. 
10:07:29.703 [main] INFO  - User login with valid username and password..........
10:07:30.616 [main] INFO  - Redirecting to the Stack Home Page.....
10:07:30.680 [main] INFO  - Stack Home page is displayed
10:07:30.682 [main] INFO  - the try editor of  the Applications page link.....
10:07:31.444 [main] INFO  - Entering valid python code..........
10:07:32.023 [main] INFO  - Console output.......     Numpy Ninja'Numpy Ninja'
10:07:32.423 [main] INFO  - Launch the app URL.........
10:07:33.917 [main] INFO  - Application launched.......
10:07:33.921 [main] INFO  - User clicks the GetStarted Button at start page and clicks the Sign In.. 
10:07:34.696 [main] INFO  - User login with valid username and password..........
10:07:35.557 [main] INFO  - Redirecting to the Stack Home Page.....
10:07:35.591 [main] INFO  - Stack Home page is displayed
10:07:35.592 [main] INFO  - the try editor of  the Applications page link.....
10:07:36.333 [main] INFO  - User Entering invalid pythod code on the editor ..... 
10:07:36.703 [main] INFO  - Alert Message in Python Editor SyntaxError: bad input on line 1
10:07:37.146 [main] INFO  - Launch the app URL.........
10:07:38.862 [main] INFO  - Application launched.......
10:07:38.866 [main] INFO  - User clicks the GetStarted Button at start page and clicks the Sign In.. 
10:07:39.569 [main] INFO  - User login with valid username and password..........
10:07:40.456 [main] INFO  - Redirecting to the Stack Home Page.....
10:07:40.519 [main] INFO  - Stack Home page is displayed
10:07:40.521 [main] INFO  - the try editor of  the Applications page link.....
10:07:41.926 [main] INFO  - Launch the app URL.........
10:07:43.362 [main] INFO  - Application launched.......
10:07:43.365 [main] INFO  - User clicks the GetStarted Button at start page and clicks the Sign In.. 
10:07:44.006 [main] INFO  - User login with valid username and password..........
10:07:45.250 [main] INFO  - Redirecting to the Stack Home Page.....
10:07:45.258 [main] INFO  - Stack Home page is displayed
10:07:45.266 [main] INFO  - Clicking the Operations page link.....
10:07:45.723 [main] INFO  - Clicking the Practice question link ..... 
15:55:52.581 [main] INFO  - Launch the app URL.........
15:55:54.806 [main] INFO  - Application launched.......
15:55:54.861 [main] INFO  - User clicks the GetStarted Button at start page and clicks the Sign In.. 
15:55:55.268 [main] INFO  - User login with valid username and password..........
15:55:56.041 [main] INFO  - Redirecting to the Stack Home Page.....
15:55:56.060 [main] INFO  - Stack Home page is displayed
15:55:56.061 [main] INFO  - Clicking the Operations page link.....
15:55:56.287 [main] INFO  - Redirecting to the OPerations Page.....
15:55:56.295 [main] INFO  - Operations page is displayed.........
15:55:57.176 [main] INFO  - Launch the app URL.........
15:55:58.615 [main] INFO  - Application launched.......
15:55:58.616 [main] INFO  - User clicks the GetStarted Button at start page and clicks the Sign In.. 
15:55:59.064 [main] INFO  - User login with valid username and password..........
15:55:59.773 [main] INFO  - Redirecting to the Stack Home Page.....
15:55:59.787 [main] INFO  - Stack Home page is displayed
15:55:59.790 [main] INFO  - Clicking the Operations page link.....
15:56:00.387 [main] INFO  - Clicking the try here of operations page........
15:56:00.390 [main] INFO  - Redirecting to try editor page........
15:56:00.395 [main] INFO  - editor page displayed......
15:56:00.950 [main] INFO  - Launch the app URL.........
15:56:02.525 [main] INFO  - Application launched.......
15:56:02.528 [main] INFO  - User clicks the GetStarted Button at start page and clicks the Sign In.. 
15:56:03.102 [main] INFO  - User login with valid username and password..........
15:56:03.876 [main] INFO  - Redirecting to the Stack Home Page.....
15:56:03.886 [main] INFO  - Stack Home page is displayed
15:56:03.888 [main] INFO  - the Try editor of Operations page link.....
15:56:04.386 [main] INFO  - Entering valid python code..........
15:56:04.810 [main] INFO  - Console output.......     Numpy Ninja'Numpy Ninja'
15:56:05.298 [main] INFO  - Launch the app URL.........
15:56:06.720 [main] INFO  - Application launched.......
15:56:06.722 [main] INFO  - User clicks the GetStarted Button at start page and clicks the Sign In.. 
15:56:07.244 [main] INFO  - User login with valid username and password..........
15:56:07.894 [main] INFO  - Redirecting to the Stack Home Page.....
15:56:07.899 [main] INFO  - Stack Home page is displayed
15:56:07.900 [main] INFO  - the Try editor of Operations page link.....
15:56:08.394 [main] INFO  - User Entering invalid pythod code on the editor ..... 
15:56:08.595 [main] INFO  - Alert Message in Python Editor SyntaxError: bad input on line 1
15:56:08.791 [main] INFO  - Launch the app URL.........
15:56:10.147 [main] INFO  - Application launched.......
15:56:10.151 [main] INFO  - User clicks the GetStarted Button at start page and clicks the Sign In.. 
15:56:10.681 [main] INFO  - User login with valid username and password..........
15:56:11.388 [main] INFO  - Redirecting to the Stack Home Page.....
15:56:11.417 [main] INFO  - Stack Home page is displayed
15:56:11.418 [main] INFO  - the Try editor of Operations page link.....
15:56:12.459 [main] INFO  - Launch the app URL.........
15:56:13.799 [main] INFO  - Application launched.......
15:56:13.800 [main] INFO  - User clicks the GetStarted Button at start page and clicks the Sign In.. 
15:56:14.245 [main] INFO  - User login with valid username and password..........
15:56:14.915 [main] INFO  - Redirecting to the Stack Home Page.....
15:56:14.928 [main] INFO  - Stack Home page is displayed
15:56:14.929 [main] INFO  - Clicking the Implementations page link.....
15:56:15.121 [main] INFO  - Redirecting to the Implementations Page.....
15:56:15.127 [main] INFO  - Implementations page is displayed.........
15:56:15.398 [main] INFO  - Launch the app URL.........
15:56:16.903 [main] INFO  - Application launched.......
15:56:16.905 [main] INFO  - User clicks the GetStarted Button at start page and clicks the Sign In.. 
15:56:17.462 [main] INFO  - User login with valid username and password..........
15:56:18.074 [main] INFO  - Redirecting to the Stack Home Page.....
15:56:18.082 [main] INFO  - Stack Home page is displayed
15:56:18.083 [main] INFO  - Clicking the Implementations page link.....
15:56:18.749 [main] INFO  - clicking the try here of implementations page............
15:56:18.750 [main] INFO  - Redirecting to try editor page........
15:56:18.763 [main] INFO  - editor page displayed......
15:56:19.314 [main] INFO  - Launch the app URL.........
15:56:20.671 [main] INFO  - Application launched.......
15:56:20.673 [main] INFO  - User clicks the GetStarted Button at start page and clicks the Sign In.. 
15:56:21.114 [main] INFO  - User login with valid username and password..........
15:56:21.946 [main] INFO  - Redirecting to the Stack Home Page.....
15:56:21.949 [main] INFO  - Stack Home page is displayed
15:56:21.951 [main] INFO  - the try editor of  the Implementations page link.....
15:56:22.429 [main] INFO  - Entering valid python code..........
15:56:22.754 [main] INFO  - Console output.......     Numpy Ninja'Numpy Ninja'
15:56:23.039 [main] INFO  - Launch the app URL.........
15:56:24.185 [main] INFO  - Application launched.......
15:56:24.188 [main] INFO  - User clicks the GetStarted Button at start page and clicks the Sign In.. 
15:56:24.593 [main] INFO  - User login with valid username and password..........
15:56:25.200 [main] INFO  - Redirecting to the Stack Home Page.....
15:56:25.208 [main] INFO  - Stack Home page is displayed
15:56:25.209 [main] INFO  - the try editor of  the Implementations page link.....
15:56:25.812 [main] INFO  - User Entering invalid pythod code on the editor ..... 
15:56:25.973 [main] INFO  - Alert Message in Python Editor SyntaxError: bad input on line 1
15:56:26.146 [main] INFO  - Launch the app URL.........
15:56:27.224 [main] INFO  - Application launched.......
15:56:27.227 [main] INFO  - User clicks the GetStarted Button at start page and clicks the Sign In.. 
15:56:27.650 [main] INFO  - User login with valid username and password..........
15:56:28.321 [main] INFO  - Redirecting to the Stack Home Page.....
15:56:28.348 [main] INFO  - Stack Home page is displayed
15:56:28.349 [main] INFO  - the try editor of  the Implementations page link.....
15:56:29.189 [main] INFO  - Launch the app URL.........
15:56:30.406 [main] INFO  - Application launched.......
15:56:30.408 [main] INFO  - User clicks the GetStarted Button at start page and clicks the Sign In.. 
15:56:30.793 [main] INFO  - User login with valid username and password..........
15:56:31.346 [main] INFO  - Redirecting to the Stack Home Page.....
15:56:31.362 [main] INFO  - Stack Home page is displayed
15:56:31.363 [main] INFO  - Clicking the APplications page link.....
15:56:31.490 [main] INFO  - Redirecting to the Applications Page.....
15:56:31.501 [main] INFO  - Applications page is displayed.........
15:56:31.739 [main] INFO  - Launch the app URL.........
15:56:32.787 [main] INFO  - Application launched.......
15:56:32.788 [main] INFO  - User clicks the GetStarted Button at start page and clicks the Sign In.. 
15:56:33.266 [main] INFO  - User login with valid username and password..........
15:56:33.901 [main] INFO  - Redirecting to the Stack Home Page.....
15:56:33.909 [main] INFO  - Stack Home page is displayed
15:56:33.909 [main] INFO  - User is in the APplications page link.....
15:56:34.402 [main] INFO  - clicking the try here of applications page............
15:56:34.402 [main] INFO  - Redirecting to try editor page........
15:56:34.409 [main] INFO  - editor page displayed......
15:56:34.637 [main] INFO  - Launch the app URL.........
15:56:35.945 [main] INFO  - Application launched.......
15:56:35.946 [main] INFO  - User clicks the GetStarted Button at start page and clicks the Sign In.. 
15:56:36.382 [main] INFO  - User login with valid username and password..........
15:56:37.090 [main] INFO  - Redirecting to the Stack Home Page.....
15:56:37.099 [main] INFO  - Stack Home page is displayed
15:56:37.100 [main] INFO  - the try editor of  the Applications page link.....
15:56:37.894 [main] INFO  - Entering valid python code..........
15:56:38.201 [main] INFO  - Console output.......     Numpy Ninja'Numpy Ninja'
15:56:38.481 [main] INFO  - Launch the app URL.........
15:56:39.632 [main] INFO  - Application launched.......
15:56:39.634 [main] INFO  - User clicks the GetStarted Button at start page and clicks the Sign In.. 
15:56:40.137 [main] INFO  - User login with valid username and password..........
15:56:40.764 [main] INFO  - Redirecting to the Stack Home Page.....
15:56:40.777 [main] INFO  - Stack Home page is displayed
15:56:40.778 [main] INFO  - the try editor of  the Applications page link.....
15:56:41.284 [main] INFO  - User Entering invalid pythod code on the editor ..... 
15:56:41.559 [main] INFO  - Alert Message in Python Editor SyntaxError: bad input on line 1
15:56:41.880 [main] INFO  - Launch the app URL.........
15:56:43.162 [main] INFO  - Application launched.......
15:56:43.164 [main] INFO  - User clicks the GetStarted Button at start page and clicks the Sign In.. 
15:56:43.625 [main] INFO  - User login with valid username and password..........
15:56:44.265 [main] INFO  - Redirecting to the Stack Home Page.....
15:56:44.275 [main] INFO  - Stack Home page is displayed
15:56:44.275 [main] INFO  - the try editor of  the Applications page link.....
15:56:45.057 [main] INFO  - Launch the app URL.........
15:56:46.143 [main] INFO  - Application launched.......
15:56:46.144 [main] INFO  - User clicks the GetStarted Button at start page and clicks the Sign In.. 
15:56:46.668 [main] INFO  - User login with valid username and password..........
15:56:47.334 [main] INFO  - Redirecting to the Stack Home Page.....
15:56:47.341 [main] INFO  - Stack Home page is displayed
15:56:47.341 [main] INFO  - Clicking the Operations page link.....
15:56:47.512 [main] INFO  - Clicking the Practice question link ..... 
16:43:56.059 [main] INFO  - Launch the app URL.........
16:43:57.879 [main] INFO  - Application launched.......
16:43:57.934 [main] INFO  - User clicks the GetStarted Button at start page and clicks the Sign In.. 
16:43:58.317 [main] INFO  - User login with valid username and password..........
16:43:59.019 [main] INFO  - Redirecting to the Stack Home Page.....
16:43:59.039 [main] INFO  - Stack Home page is displayed
16:43:59.041 [main] INFO  - Clicking the Operations page link.....
16:43:59.272 [main] INFO  - Redirecting to the OPerations Page.....
16:43:59.281 [main] INFO  - Operations page is displayed.........
16:44:00.224 [main] INFO  - Launch the app URL.........
16:44:01.399 [main] INFO  - Application launched.......
16:44:01.402 [main] INFO  - User clicks the GetStarted Button at start page and clicks the Sign In.. 
16:44:01.896 [main] INFO  - User login with valid username and password..........
16:44:02.604 [main] INFO  - Redirecting to the Stack Home Page.....
16:44:02.632 [main] INFO  - Stack Home page is displayed
16:44:02.634 [main] INFO  - Clicking the Operations page link.....
16:44:03.160 [main] INFO  - Clicking the try here of operations page........
16:44:03.172 [main] INFO  - Redirecting to try editor page........
16:44:03.190 [main] INFO  - editor page displayed......
16:44:03.465 [main] INFO  - Launch the app URL.........
16:44:04.651 [main] INFO  - Application launched.......
16:44:04.653 [main] INFO  - User clicks the GetStarted Button at start page and clicks the Sign In.. 
16:44:05.165 [main] INFO  - User login with valid username and password..........
16:44:05.916 [main] INFO  - Redirecting to the Stack Home Page.....
16:44:05.924 [main] INFO  - Stack Home page is displayed
16:44:05.925 [main] INFO  - the Try editor of Operations page link.....
16:44:06.556 [main] INFO  - Entering valid python code..........
16:44:06.986 [main] INFO  - Console output.......     Numpy Ninja'Numpy Ninja'
16:44:07.242 [main] INFO  - Launch the app URL.........
16:44:08.226 [main] INFO  - Application launched.......
16:44:08.228 [main] INFO  - User clicks the GetStarted Button at start page and clicks the Sign In.. 
16:44:08.641 [main] INFO  - User login with valid username and password..........
16:44:09.317 [main] INFO  - Redirecting to the Stack Home Page.....
16:44:09.332 [main] INFO  - Stack Home page is displayed
16:44:09.334 [main] INFO  - the Try editor of Operations page link.....
16:44:09.820 [main] INFO  - User Entering invalid pythod code on the editor ..... 
16:44:10.011 [main] INFO  - Alert Message in Python Editor SyntaxError: bad input on line 1
16:44:10.178 [main] INFO  - Launch the app URL.........
16:44:11.342 [main] INFO  - Application launched.......
16:44:11.344 [main] INFO  - User clicks the GetStarted Button at start page and clicks the Sign In.. 
16:44:11.674 [main] INFO  - User login with valid username and password..........
16:44:12.210 [main] INFO  - Redirecting to the Stack Home Page.....
16:44:12.216 [main] INFO  - Stack Home page is displayed
16:44:12.216 [main] INFO  - the Try editor of Operations page link.....
16:44:13.047 [main] INFO  - Launch the app URL.........
16:44:14.064 [main] INFO  - Application launched.......
16:44:14.066 [main] INFO  - User clicks the GetStarted Button at start page and clicks the Sign In.. 
16:44:14.413 [main] INFO  - User login with valid username and password..........
16:44:14.962 [main] INFO  - Redirecting to the Stack Home Page.....
16:44:14.966 [main] INFO  - Stack Home page is displayed
16:44:14.966 [main] INFO  - Clicking the Implementations page link.....
16:44:15.112 [main] INFO  - Redirecting to the Implementations Page.....
16:44:15.116 [main] INFO  - Implementations page is displayed.........
16:44:15.379 [main] INFO  - Launch the app URL.........
16:44:16.465 [main] INFO  - Application launched.......
16:44:16.467 [main] INFO  - User clicks the GetStarted Button at start page and clicks the Sign In.. 
16:44:16.793 [main] INFO  - User login with valid username and password..........
16:44:17.336 [main] INFO  - Redirecting to the Stack Home Page.....
16:44:17.351 [main] INFO  - Stack Home page is displayed
16:44:17.352 [main] INFO  - Clicking the Implementations page link.....
16:44:17.817 [main] INFO  - clicking the try here of implementations page............
16:44:17.818 [main] INFO  - Redirecting to try editor page........
16:44:17.823 [main] INFO  - editor page displayed......
16:44:18.078 [main] INFO  - Launch the app URL.........
16:44:19.134 [main] INFO  - Application launched.......
16:44:19.135 [main] INFO  - User clicks the GetStarted Button at start page and clicks the Sign In.. 
16:44:19.500 [main] INFO  - User login with valid username and password..........
16:44:20.052 [main] INFO  - Redirecting to the Stack Home Page.....
16:44:20.056 [main] INFO  - Stack Home page is displayed
16:44:20.057 [main] INFO  - the try editor of  the Implementations page link.....
16:44:20.535 [main] INFO  - Entering valid python code..........
16:44:20.876 [main] INFO  - Console output.......     Numpy Ninja'Numpy Ninja'
16:44:21.141 [main] INFO  - Launch the app URL.........
16:44:22.364 [main] INFO  - Application launched.......
16:44:22.366 [main] INFO  - User clicks the GetStarted Button at start page and clicks the Sign In.. 
16:44:22.675 [main] INFO  - User login with valid username and password..........
16:44:23.241 [main] INFO  - Redirecting to the Stack Home Page.....
16:44:23.248 [main] INFO  - Stack Home page is displayed
16:44:23.249 [main] INFO  - the try editor of  the Implementations page link.....
16:44:23.691 [main] INFO  - User Entering invalid pythod code on the editor ..... 
16:44:23.875 [main] INFO  - Alert Message in Python Editor SyntaxError: bad input on line 1
16:44:24.062 [main] INFO  - Launch the app URL.........
16:44:25.118 [main] INFO  - Application launched.......
16:44:25.119 [main] INFO  - User clicks the GetStarted Button at start page and clicks the Sign In.. 
16:44:25.494 [main] INFO  - User login with valid username and password..........
16:44:26.027 [main] INFO  - Redirecting to the Stack Home Page.....
16:44:26.034 [main] INFO  - Stack Home page is displayed
16:44:26.036 [main] INFO  - the try editor of  the Implementations page link.....
16:44:26.797 [main] INFO  - Launch the app URL.........
16:44:28.029 [main] INFO  - Application launched.......
16:44:28.030 [main] INFO  - User clicks the GetStarted Button at start page and clicks the Sign In.. 
16:44:28.344 [main] INFO  - User login with valid username and password..........
16:44:28.879 [main] INFO  - Redirecting to the Stack Home Page.....
16:44:28.885 [main] INFO  - Stack Home page is displayed
16:44:28.887 [main] INFO  - Clicking the APplications page link.....
16:44:29.031 [main] INFO  - Redirecting to the Applications Page.....
16:44:29.035 [main] INFO  - Applications page is displayed.........
16:44:29.218 [main] INFO  - Launch the app URL.........
16:44:30.302 [main] INFO  - Application launched.......
16:44:30.303 [main] INFO  - User clicks the GetStarted Button at start page and clicks the Sign In.. 
16:44:30.639 [main] INFO  - User login with valid username and password..........
16:44:31.204 [main] INFO  - Redirecting to the Stack Home Page.....
16:44:31.223 [main] INFO  - Stack Home page is displayed
16:44:31.224 [main] INFO  - User is in the APplications page link.....
16:44:31.707 [main] INFO  - clicking the try here of applications page............
16:44:31.708 [main] INFO  - Redirecting to try editor page........
16:44:31.714 [main] INFO  - editor page displayed......
16:44:31.885 [main] INFO  - Launch the app URL.........
16:44:32.850 [main] INFO  - Application launched.......
16:44:32.852 [main] INFO  - User clicks the GetStarted Button at start page and clicks the Sign In.. 
16:44:33.211 [main] INFO  - User login with valid username and password..........
16:44:33.751 [main] INFO  - Redirecting to the Stack Home Page.....
16:44:33.768 [main] INFO  - Stack Home page is displayed
16:44:33.768 [main] INFO  - the try editor of  the Applications page link.....
16:44:34.259 [main] INFO  - Entering valid python code..........
16:44:34.593 [main] INFO  - Console output.......     Numpy Ninja'Numpy Ninja'
16:44:34.813 [main] INFO  - Launch the app URL.........
16:44:36.033 [main] INFO  - Application launched.......
16:44:36.035 [main] INFO  - User clicks the GetStarted Button at start page and clicks the Sign In.. 
16:44:36.330 [main] INFO  - User login with valid username and password..........
16:44:36.882 [main] INFO  - Redirecting to the Stack Home Page.....
16:44:36.886 [main] INFO  - Stack Home page is displayed
16:44:36.887 [main] INFO  - the try editor of  the Applications page link.....
16:44:37.367 [main] INFO  - User Entering invalid pythod code on the editor ..... 
16:44:37.559 [main] INFO  - Alert Message in Python Editor SyntaxError: bad input on line 1
16:44:37.734 [main] INFO  - Launch the app URL.........
16:44:38.725 [main] INFO  - Application launched.......
16:44:38.728 [main] INFO  - User clicks the GetStarted Button at start page and clicks the Sign In.. 
16:44:39.217 [main] INFO  - User login with valid username and password..........
16:44:39.870 [main] INFO  - Redirecting to the Stack Home Page.....
16:44:39.895 [main] INFO  - Stack Home page is displayed
16:44:39.898 [main] INFO  - the try editor of  the Applications page link.....
16:44:40.829 [main] INFO  - Launch the app URL.........
16:44:42.040 [main] INFO  - Application launched.......
16:44:42.042 [main] INFO  - User clicks the GetStarted Button at start page and clicks the Sign In.. 
16:44:42.408 [main] INFO  - User login with valid username and password..........
16:44:42.996 [main] INFO  - Redirecting to the Stack Home Page.....
16:44:43.017 [main] INFO  - Stack Home page is displayed
16:44:43.018 [main] INFO  - Clicking the Operations page link.....
16:44:43.186 [main] INFO  - Clicking the Practice question link ..... 
21:08:25.068 [main] INFO  - Launch the app URL.........
21:08:29.275 [main] INFO  - Application launched.......
21:08:29.426 [main] INFO  - User clicks the GetStarted Button at start page and clicks the Sign In.. 
21:08:30.261 [main] INFO  - User login with valid username and password..........
21:08:31.424 [main] INFO  - Redirecting to the Stack Home Page.....
21:08:31.453 [main] INFO  - Stack Home page is displayed
21:08:31.456 [main] INFO  - Clicking the Operations page link.....
21:08:31.809 [main] INFO  - Redirecting to the OPerations Page.....
21:08:31.820 [main] INFO  - Operations page is displayed.........
21:08:32.396 [main] INFO  - Launch the app URL.........
21:08:35.283 [main] INFO  - Application launched.......
21:08:35.286 [main] INFO  - User clicks the GetStarted Button at start page and clicks the Sign In.. 
21:08:36.158 [main] INFO  - User login with valid username and password..........
21:08:37.294 [main] INFO  - Redirecting to the Stack Home Page.....
21:08:37.346 [main] INFO  - Stack Home page is displayed
21:08:37.349 [main] INFO  - Clicking the Operations page link.....
21:08:38.424 [main] INFO  - Clicking the try here of operations page........
21:08:38.433 [main] INFO  - Redirecting to try editor page........
21:08:38.442 [main] INFO  - editor page displayed......
21:08:39.139 [main] INFO  - Launch the app URL.........
21:08:41.389 [main] INFO  - Application launched.......
21:08:41.397 [main] INFO  - User clicks the GetStarted Button at start page and clicks the Sign In.. 
21:08:42.401 [main] INFO  - User login with valid username and password..........
21:08:43.646 [main] INFO  - Redirecting to the Stack Home Page.....
21:08:43.661 [main] INFO  - Stack Home page is displayed
21:08:43.664 [main] INFO  - the Try editor of Operations page link.....
21:08:44.662 [main] INFO  - Entering valid python code..........
21:08:45.348 [main] INFO  - Console output.......     Numpy Ninja'Numpy Ninja'
21:08:46.033 [main] INFO  - Launch the app URL.........
21:08:48.187 [main] INFO  - Application launched.......
21:08:48.193 [main] INFO  - User clicks the GetStarted Button at start page and clicks the Sign In.. 
21:08:49.023 [main] INFO  - User login with valid username and password..........
21:08:50.019 [main] INFO  - Redirecting to the Stack Home Page.....
21:08:50.034 [main] INFO  - Stack Home page is displayed
21:08:50.036 [main] INFO  - the Try editor of Operations page link.....
21:08:50.914 [main] INFO  - User Entering invalid pythod code on the editor ..... 
21:08:51.364 [main] INFO  - Alert Message in Python Editor SyntaxError: bad input on line 1
21:08:51.856 [main] INFO  - Launch the app URL.........
21:08:54.127 [main] INFO  - Application launched.......
21:08:54.133 [main] INFO  - User clicks the GetStarted Button at start page and clicks the Sign In.. 
21:08:54.862 [main] INFO  - User login with valid username and password..........
21:08:55.941 [main] INFO  - Redirecting to the Stack Home Page.....
21:08:56.128 [main] INFO  - Stack Home page is displayed
21:08:56.132 [main] INFO  - the Try editor of Operations page link.....
21:08:57.828 [main] INFO  - Launch the app URL.........
21:08:59.836 [main] INFO  - Application launched.......
21:08:59.842 [main] INFO  - User clicks the GetStarted Button at start page and clicks the Sign In.. 
21:09:01.021 [main] INFO  - User login with valid username and password..........
21:09:02.206 [main] INFO  - Redirecting to the Stack Home Page.....
21:09:02.221 [main] INFO  - Stack Home page is displayed
21:09:02.224 [main] INFO  - Clicking the Implementations page link.....
21:09:02.490 [main] INFO  - Redirecting to the Implementations Page.....
21:09:02.506 [main] INFO  - Implementations page is displayed.........
21:09:03.191 [main] INFO  - Launch the app URL.........
21:09:05.413 [main] INFO  - Application launched.......
21:09:05.421 [main] INFO  - User clicks the GetStarted Button at start page and clicks the Sign In.. 
21:09:06.410 [main] INFO  - User login with valid username and password..........
21:09:07.351 [main] INFO  - Redirecting to the Stack Home Page.....
21:09:07.365 [main] INFO  - Stack Home page is displayed
21:09:07.368 [main] INFO  - Clicking the Implementations page link.....
21:09:08.135 [main] INFO  - clicking the try here of implementations page............
21:09:08.139 [main] INFO  - Redirecting to try editor page........
21:09:08.189 [main] INFO  - editor page displayed......
21:09:08.923 [main] INFO  - Launch the app URL.........
21:09:11.267 [main] INFO  - Application launched.......
21:09:11.273 [main] INFO  - User clicks the GetStarted Button at start page and clicks the Sign In.. 
21:09:12.087 [main] INFO  - User login with valid username and password..........
21:09:13.416 [main] INFO  - Redirecting to the Stack Home Page.....
21:09:13.467 [main] INFO  - Stack Home page is displayed
21:09:13.469 [main] INFO  - the try editor of  the Implementations page link.....
21:09:14.325 [main] INFO  - Entering valid python code..........
21:09:15.234 [main] INFO  - Console output.......     Numpy Ninja'Numpy Ninja'
21:09:15.800 [main] INFO  - Launch the app URL.........
21:09:17.690 [main] INFO  - Application launched.......
21:09:17.698 [main] INFO  - User clicks the GetStarted Button at start page and clicks the Sign In.. 
21:09:18.715 [main] INFO  - User login with valid username and password..........
21:09:19.818 [main] INFO  - Redirecting to the Stack Home Page.....
21:09:19.875 [main] INFO  - Stack Home page is displayed
21:09:19.878 [main] INFO  - the try editor of  the Implementations page link.....
21:09:20.808 [main] INFO  - User Entering invalid pythod code on the editor ..... 
21:09:21.251 [main] INFO  - Alert Message in Python Editor SyntaxError: bad input on line 1
21:09:21.746 [main] INFO  - Launch the app URL.........
21:09:23.770 [main] INFO  - Application launched.......
21:09:23.776 [main] INFO  - User clicks the GetStarted Button at start page and clicks the Sign In.. 
21:09:24.737 [main] INFO  - User login with valid username and password..........
21:09:25.635 [main] INFO  - Redirecting to the Stack Home Page.....
21:09:25.650 [main] INFO  - Stack Home page is displayed
21:09:25.654 [main] INFO  - the try editor of  the Implementations page link.....
21:09:27.165 [main] INFO  - Launch the app URL.........
21:09:29.090 [main] INFO  - Application launched.......
21:09:29.094 [main] INFO  - User clicks the GetStarted Button at start page and clicks the Sign In.. 
21:09:29.950 [main] INFO  - User login with valid username and password..........
21:09:30.935 [main] INFO  - Redirecting to the Stack Home Page.....
21:09:30.971 [main] INFO  - Stack Home page is displayed
21:09:30.973 [main] INFO  - Clicking the APplications page link.....
21:09:31.263 [main] INFO  - Redirecting to the Applications Page.....
21:09:31.383 [main] INFO  - Applications page is displayed.........
21:09:31.914 [main] INFO  - Launch the app URL.........
21:09:33.551 [main] INFO  - Application launched.......
21:09:33.556 [main] INFO  - User clicks the GetStarted Button at start page and clicks the Sign In.. 
21:09:34.499 [main] INFO  - User login with valid username and password..........
21:09:35.498 [main] INFO  - Redirecting to the Stack Home Page.....
21:09:35.540 [main] INFO  - Stack Home page is displayed
21:09:35.542 [main] INFO  - User is in the APplications page link.....
21:09:36.518 [main] INFO  - clicking the try here of applications page............
21:09:36.524 [main] INFO  - Redirecting to try editor page........
21:09:36.569 [main] INFO  - editor page displayed......
21:09:37.274 [main] INFO  - Launch the app URL.........
21:09:39.368 [main] INFO  - Application launched.......
21:09:39.375 [main] INFO  - User clicks the GetStarted Button at start page and clicks the Sign In.. 
21:09:40.073 [main] INFO  - User login with valid username and password..........
21:09:41.038 [main] INFO  - Redirecting to the Stack Home Page.....
21:09:41.062 [main] INFO  - Stack Home page is displayed
21:09:41.063 [main] INFO  - the try editor of  the Applications page link.....
21:09:41.811 [main] INFO  - Entering valid python code..........
21:09:42.428 [main] INFO  - Console output.......     Numpy Ninja'Numpy Ninja'
