22:21:51.739 [main] INFO  - Clicking the Array Page After Login..........
22:21:52.203 [main] INFO  - Clicking the TryHere Button......
12:50:33.282 [main] INFO  - Launch the app URL.........
12:51:34.192 [main] INFO  - Launch the app URL.........
12:51:37.137 [main] INFO  - Application launched.......
12:51:37.157 [main] INFO  - User clicks the GetStarted Button at start page and clicks the Sign In.. 
12:51:38.110 [main] INFO  - User login with valid username and password..........
12:51:38.724 [main] INFO  - Clicking the Array Page After Login..........
13:21:05.151 [main] INFO  - Launch the app URL.........
13:21:08.737 [main] INFO  - Application launched.......
13:21:08.758 [main] INFO  - User clicks the GetStarted Button at start page and clicks the Sign In.. 
13:21:09.899 [main] INFO  - User login with valid username and password..........
13:21:10.567 [main] INFO  - Clicking the Array Page After Login..........
13:34:13.200 [main] INFO  - Launch the app URL.........
13:34:16.373 [main] INFO  - Application launched.......
13:34:16.389 [main] INFO  - User clicks the GetStarted Button at start page and clicks the Sign In.. 
13:34:17.217 [main] INFO  - User login with valid username and password..........
13:34:17.948 [main] INFO  - Clicking the Array Page After Login..........
13:35:31.115 [main] INFO  - Launch the app URL.........
13:35:34.012 [main] INFO  - Application launched.......
13:35:34.025 [main] INFO  - User clicks the GetStarted Button at start page and clicks the Sign In.. 
13:35:34.909 [main] INFO  - User login with valid username and password..........
13:35:35.552 [main] INFO  - Clicking the Array Page After Login..........
13:36:36.391 [main] INFO  - Launch the app URL.........
13:36:38.972 [main] INFO  - Application launched.......
13:36:38.988 [main] INFO  - User clicks the GetStarted Button at start page and clicks the Sign In.. 
13:36:39.869 [main] INFO  - User login with valid username and password..........
13:36:40.482 [main] INFO  - Clicking the Array Page After Login..........
13:37:40.028 [main] INFO  - Launch the app URL.........
13:37:42.854 [main] INFO  - Application launched.......
13:37:42.877 [main] INFO  - User clicks the GetStarted Button at start page and clicks the Sign In.. 
13:37:43.804 [main] INFO  - User login with valid username and password..........
13:37:44.417 [main] INFO  - Clicking the Array Page After Login..........
13:38:49.308 [main] INFO  - Launch the app URL.........
13:38:51.923 [main] INFO  - Application launched.......
13:38:51.939 [main] INFO  - User clicks the GetStarted Button at start page and clicks the Sign In.. 
13:38:52.712 [main] INFO  - User login with valid username and password..........
13:38:53.409 [main] INFO  - Clicking the Array Page After Login..........
13:39:54.720 [main] INFO  - Launch the app URL.........
13:39:57.306 [main] INFO  - Application launched.......
13:39:57.326 [main] INFO  - User clicks the GetStarted Button at start page and clicks the Sign In.. 
13:39:58.212 [main] INFO  - User login with valid username and password..........
13:39:58.818 [main] INFO  - Clicking the Array Page After Login..........
13:41:27.669 [main] INFO  - Launch the app URL.........
13:41:30.536 [main] INFO  - Application launched.......
13:41:30.557 [main] INFO  - User clicks the GetStarted Button at start page and clicks the Sign In.. 
13:41:31.432 [main] INFO  - User login with valid username and password..........
13:41:32.112 [main] INFO  - Clicking the Array Page After Login..........
13:45:58.607 [main] INFO  - Launch the app URL.........
13:46:01.597 [main] INFO  - Application launched.......
13:46:01.617 [main] INFO  - User clicks the GetStarted Button at start page and clicks the Sign In.. 
13:46:02.632 [main] INFO  - User login with valid username and password..........
13:46:03.345 [main] INFO  - Clicking the Array Page After Login..........
13:48:28.141 [main] INFO  - Launch the app URL.........
13:48:31.040 [main] INFO  - Application launched.......
13:48:31.062 [main] INFO  - User clicks the GetStarted Button at start page and clicks the Sign In.. 
13:48:32.095 [main] INFO  - User login with valid username and password..........
13:48:32.742 [main] INFO  - Clicking the Array Page After Login..........
13:51:47.416 [main] INFO  - Launch the app URL.........
13:51:50.857 [main] INFO  - Application launched.......
13:51:50.873 [main] INFO  - User clicks the GetStarted Button at start page and clicks the Sign In.. 
13:51:51.795 [main] INFO  - User login with valid username and password..........
13:51:52.453 [main] INFO  - Clicking the Array Page After Login..........
14:59:37.715 [main] INFO  - Launch the app URL.........
14:59:41.156 [main] INFO  - Application launched.......
14:59:41.172 [main] INFO  - User clicks the GetStarted Button at start page and clicks the Sign In.. 
14:59:42.066 [main] INFO  - User login with valid username and password..........
14:59:43.062 [main] INFO  - Clicking the Array Page After Login..........
15:43:08.675 [main] INFO  - Launch the app URL.........
15:43:11.318 [main] INFO  - Application launched.......
15:43:11.337 [main] INFO  - User clicks the GetStarted Button at start page and clicks the Sign In.. 
15:43:11.900 [main] INFO  - User login with valid username and password..........
15:43:12.445 [main] INFO  - Clicking the Array Page After Login..........
15:43:55.216 [main] INFO  - Launch the app URL.........
15:43:57.559 [main] INFO  - Application launched.......
15:43:57.576 [main] INFO  - User clicks the GetStarted Button at start page and clicks the Sign In.. 
15:43:58.099 [main] INFO  - User login with valid username and password..........
15:43:58.660 [main] INFO  - Clicking the Array Page After Login..........
15:52:58.991 [main] INFO  - Launch the app URL.........
15:54:37.517 [main] INFO  - Launch the app URL.........
15:54:43.587 [main] INFO  - Application launched.......
15:54:43.609 [main] INFO  - User clicks the GetStarted Button at start page and clicks the Sign In.. 
15:54:44.632 [main] INFO  - User login with valid username and password..........
15:54:45.244 [main] INFO  - Clicking the Array Page After Login..........
20:41:36.087 [main] INFO  - Launch the app URL.........
20:41:59.991 [main] INFO  - Launch the app URL.........
20:42:41.497 [main] INFO  - Launch the app URL.........
20:42:43.882 [main] INFO  - Application launched.......
20:42:43.905 [main] INFO  - User clicks the GetStarted Button at start page and clicks the Sign In.. 
20:42:44.497 [main] INFO  - User login with valid username and password..........
20:42:45.024 [main] INFO  - Clicking the Array Page After Login..........
20:49:25.694 [main] INFO  - Launch the app URL.........
20:49:28.277 [main] INFO  - Application launched.......
20:49:28.295 [main] INFO  - User clicks the GetStarted Button at start page and clicks the Sign In.. 
20:49:28.987 [main] INFO  - User login with valid username and password..........
20:49:29.528 [main] INFO  - Clicking the Array Page After Login..........
20:50:26.106 [main] INFO  - Launch the app URL.........
20:50:28.390 [main] INFO  - Application launched.......
20:50:28.415 [main] INFO  - User clicks the GetStarted Button at start page and clicks the Sign In.. 
20:50:29.070 [main] INFO  - User login with valid username and password..........
20:50:29.590 [main] INFO  - Clicking the Array Page After Login..........
20:50:38.686 [main] INFO  - Alert Message SyntaxError: bad input on line 4
20:54:50.515 [main] INFO  - Launch the app URL.........
20:54:52.749 [main] INFO  - Application launched.......
20:54:52.769 [main] INFO  - User clicks the GetStarted Button at start page and clicks the Sign In.. 
20:54:53.358 [main] INFO  - User login with valid username and password..........
20:54:53.909 [main] INFO  - Clicking the Array Page After Login..........
20:55:56.520 [main] INFO  - Launch the app URL.........
20:55:58.471 [main] INFO  - Application launched.......
20:55:58.487 [main] INFO  - User clicks the GetStarted Button at start page and clicks the Sign In.. 
20:55:59.010 [main] INFO  - User login with valid username and password..........
20:55:59.534 [main] INFO  - Clicking the Array Page After Login..........
20:58:49.699 [main] INFO  - Launch the app URL.........
20:58:51.695 [main] INFO  - Application launched.......
20:58:51.716 [main] INFO  - User clicks the GetStarted Button at start page and clicks the Sign In.. 
20:58:52.209 [main] INFO  - User login with valid username and password..........
20:58:52.761 [main] INFO  - Clicking the Array Page After Login..........
21:01:51.301 [main] INFO  - Launch the app URL.........
21:01:53.447 [main] INFO  - Application launched.......
21:01:53.472 [main] INFO  - User clicks the GetStarted Button at start page and clicks the Sign In.. 
21:01:54.010 [main] INFO  - User login with valid username and password..........
21:01:54.557 [main] INFO  - Clicking the Array Page After Login..........
21:03:21.630 [main] INFO  - Launch the app URL.........
21:03:24.110 [main] INFO  - Application launched.......
21:03:24.121 [main] INFO  - User clicks the GetStarted Button at start page and clicks the Sign In.. 
21:03:24.839 [main] INFO  - User login with valid username and password..........
21:03:25.385 [main] INFO  - Clicking the Array Page After Login..........
21:04:36.376 [main] INFO  - Launch the app URL.........
21:04:38.523 [main] INFO  - Application launched.......
21:04:38.553 [main] INFO  - User clicks the GetStarted Button at start page and clicks the Sign In.. 
21:04:39.196 [main] INFO  - User login with valid username and password..........
21:04:39.731 [main] INFO  - Clicking the Array Page After Login..........
21:05:15.956 [main] INFO  - Launch the app URL.........
21:05:18.176 [main] INFO  - Application launched.......
21:05:18.205 [main] INFO  - User clicks the GetStarted Button at start page and clicks the Sign In.. 
21:05:18.766 [main] INFO  - User login with valid username and password..........
21:05:19.277 [main] INFO  - Clicking the Array Page After Login..........
21:09:04.902 [main] INFO  - Launch the app URL.........
21:09:08.396 [main] INFO  - Application launched.......
21:09:08.422 [main] INFO  - User clicks the GetStarted Button at start page and clicks the Sign In.. 
21:09:09.462 [main] INFO  - User login with valid username and password..........
21:09:10.207 [main] INFO  - Clicking the Array Page After Login..........
21:14:13.344 [main] INFO  - Launch the app URL.........
21:14:17.223 [main] INFO  - Application launched.......
21:14:17.244 [main] INFO  - User clicks the GetStarted Button at start page and clicks the Sign In.. 
21:14:18.028 [main] INFO  - User login with valid username and password..........
21:14:18.805 [main] INFO  - Clicking the Array Page After Login..........
21:16:25.268 [main] INFO  - Launch the app URL.........
21:16:28.778 [main] INFO  - Application launched.......
21:16:28.793 [main] INFO  - User clicks the GetStarted Button at start page and clicks the Sign In.. 
21:16:29.762 [main] INFO  - User login with valid username and password..........
21:16:30.440 [main] INFO  - Clicking the Array Page After Login..........
21:18:30.047 [main] INFO  - Launch the app URL.........
21:18:33.928 [main] INFO  - Application launched.......
21:18:33.947 [main] INFO  - User clicks the GetStarted Button at start page and clicks the Sign In.. 
21:18:34.713 [main] INFO  - User login with valid username and password..........
21:18:35.398 [main] INFO  - Clicking the Array Page After Login..........
21:20:47.664 [main] INFO  - Launch the app URL.........
21:21:04.416 [main] INFO  - Application launched.......
21:21:04.453 [main] INFO  - User clicks the GetStarted Button at start page and clicks the Sign In.. 
21:21:05.216 [main] INFO  - User login with valid username and password..........
21:21:05.898 [main] INFO  - Clicking the Array Page After Login..........
21:23:59.171 [main] INFO  - Launch the app URL.........
21:24:02.231 [main] INFO  - Application launched.......
21:24:02.252 [main] INFO  - User clicks the GetStarted Button at start page and clicks the Sign In.. 
21:24:03.095 [main] INFO  - User login with valid username and password..........
21:24:03.745 [main] INFO  - Clicking the Array Page After Login..........
21:25:46.617 [main] INFO  - Launch the app URL.........
21:25:49.604 [main] INFO  - Application launched.......
21:25:49.631 [main] INFO  - User clicks the GetStarted Button at start page and clicks the Sign In.. 
21:25:50.377 [main] INFO  - User login with valid username and password..........
21:25:51.060 [main] INFO  - Clicking the Array Page After Login..........
16:30:18.767 [main] INFO  - Launch the app URL.........
16:30:37.478 [main] INFO  - Launch the app URL.........
16:31:29.358 [main] INFO  - Launch the app URL.........
16:31:31.517 [main] INFO  - Application launched.......
16:31:31.539 [main] INFO  - User clicks the GetStarted Button at start page and clicks the Sign In.. 
16:31:32.083 [main] INFO  - User login with valid username and password..........
16:31:32.679 [main] INFO  - Clicking the Array Page After Login..........
16:34:46.001 [main] INFO  - Launch the app URL.........
16:34:48.137 [main] INFO  - Application launched.......
16:34:48.175 [main] INFO  - User clicks the GetStarted Button at start page and clicks the Sign In.. 
16:34:48.738 [main] INFO  - User login with valid username and password..........
16:34:49.257 [main] INFO  - Clicking the Array Page After Login..........
16:37:20.024 [main] INFO  - Launch the app URL.........
16:37:22.094 [main] INFO  - Application launched.......
16:37:22.108 [main] INFO  - User clicks the GetStarted Button at start page and clicks the Sign In.. 
16:37:22.684 [main] INFO  - User login with valid username and password..........
16:37:23.172 [main] INFO  - Clicking the Array Page After Login..........
16:37:58.841 [main] INFO  - Launch the app URL.........
16:38:00.770 [main] INFO  - Application launched.......
16:38:00.781 [main] INFO  - User clicks the GetStarted Button at start page and clicks the Sign In.. 
16:38:01.296 [main] INFO  - User login with valid username and password..........
16:38:01.847 [main] INFO  - Clicking the Array Page After Login..........
16:38:55.398 [main] INFO  - Launch the app URL.........
16:38:57.338 [main] INFO  - Application launched.......
16:38:57.360 [main] INFO  - User clicks the GetStarted Button at start page and clicks the Sign In.. 
16:38:57.862 [main] INFO  - User login with valid username and password..........
16:38:58.409 [main] INFO  - Clicking the Array Page After Login..........
16:44:34.677 [main] INFO  - Launch the app URL.........
16:44:36.665 [main] INFO  - Application launched.......
16:44:36.683 [main] INFO  - User clicks the GetStarted Button at start page and clicks the Sign In.. 
16:44:37.193 [main] INFO  - User login with valid username and password..........
16:44:37.727 [main] INFO  - Clicking the Array Page After Login..........
16:48:19.828 [main] INFO  - Launch the app URL.........
16:48:26.610 [main] INFO  - Application launched.......
16:48:26.654 [main] INFO  - User clicks the GetStarted Button at start page and clicks the Sign In.. 
16:48:27.243 [main] INFO  - User login with valid username and password..........
16:48:27.790 [main] INFO  - Clicking the Array Page After Login..........
16:50:59.729 [main] INFO  - Launch the app URL.........
16:51:08.277 [main] INFO  - Application launched.......
16:51:08.290 [main] INFO  - User clicks the GetStarted Button at start page and clicks the Sign In.. 
16:51:08.880 [main] INFO  - User login with valid username and password..........
16:51:09.456 [main] INFO  - Clicking the Array Page After Login..........
16:53:02.557 [main] INFO  - Launch the app URL.........
16:53:09.925 [main] INFO  - Application launched.......
16:53:09.946 [main] INFO  - User clicks the GetStarted Button at start page and clicks the Sign In.. 
16:53:10.495 [main] INFO  - User login with valid username and password..........
16:53:11.144 [main] INFO  - Clicking the Array Page After Login..........
19:40:53.786 [main] INFO  - Launch the app URL.........
19:40:59.952 [main] INFO  - Application launched.......
19:40:59.969 [main] INFO  - User clicks the GetStarted Button at start page and clicks the Sign In.. 
19:41:00.899 [main] INFO  - User login with valid username and password..........
19:41:01.864 [main] INFO  - Clicking the Array Page After Login..........
19:43:47.848 [main] INFO  - Launch the app URL.........
19:43:50.898 [main] INFO  - Application launched.......
19:43:50.909 [main] INFO  - User clicks the GetStarted Button at start page and clicks the Sign In.. 
19:43:51.614 [main] INFO  - User login with valid username and password..........
19:43:52.172 [main] INFO  - Clicking the Array Page After Login..........
19:47:19.656 [main] INFO  - Launch the app URL.........
19:47:22.985 [main] INFO  - Application launched.......
19:47:23.006 [main] INFO  - User clicks the GetStarted Button at start page and clicks the Sign In.. 
19:47:23.780 [main] INFO  - User login with valid username and password..........
19:47:24.517 [main] INFO  - Clicking the Array Page After Login..........
19:51:33.216 [main] INFO  - Launch the app URL.........
19:51:37.155 [main] INFO  - Application launched.......
19:51:37.176 [main] INFO  - User clicks the GetStarted Button at start page and clicks the Sign In.. 
19:51:38.372 [main] INFO  - User login with valid username and password..........
19:51:39.240 [main] INFO  - Clicking the Array Page After Login..........
19:52:50.739 [main] INFO  - Launch the app URL.........
19:52:53.623 [main] INFO  - Application launched.......
19:52:53.651 [main] INFO  - User clicks the GetStarted Button at start page and clicks the Sign In.. 
19:52:54.605 [main] INFO  - User login with valid username and password..........
19:52:55.251 [main] INFO  - Clicking the Array Page After Login..........
20:01:28.706 [main] INFO  - Launch the app URL.........
20:01:31.530 [main] INFO  - Application launched.......
20:01:31.563 [main] INFO  - User clicks the GetStarted Button at start page and clicks the Sign In.. 
20:01:32.399 [main] INFO  - User login with valid username and password..........
20:01:33.052 [main] INFO  - Clicking the Array Page After Login..........
20:02:54.185 [main] INFO  - Launch the app URL.........
20:02:56.766 [main] INFO  - Application launched.......
20:02:56.784 [main] INFO  - User clicks the GetStarted Button at start page and clicks the Sign In.. 
20:02:57.561 [main] INFO  - User login with valid username and password..........
20:02:58.229 [main] INFO  - Clicking the Array Page After Login..........
20:10:20.247 [main] INFO  - Launch the app URL.........
20:11:02.311 [main] INFO  - Launch the app URL.........
20:11:44.632 [main] INFO  - Launch the app URL.........
20:11:46.889 [main] INFO  - Application launched.......
20:11:46.908 [main] INFO  - User clicks the GetStarted Button at start page and clicks the Sign In.. 
20:11:47.626 [main] INFO  - User login with valid username and password..........
20:11:48.200 [main] INFO  - Clicking the Array Page After Login..........
20:12:24.853 [main] INFO  - Launch the app URL.........
20:12:27.070 [main] INFO  - Application launched.......
20:12:27.091 [main] INFO  - User clicks the GetStarted Button at start page and clicks the Sign In.. 
20:12:27.790 [main] INFO  - User login with valid username and password..........
20:12:28.330 [main] INFO  - Clicking the Array Page After Login..........
20:13:33.491 [main] INFO  - Launch the app URL.........
20:13:36.351 [main] INFO  - Application launched.......
20:13:36.364 [main] INFO  - User clicks the GetStarted Button at start page and clicks the Sign In.. 
20:13:37.091 [main] INFO  - User login with valid username and password..........
20:13:37.755 [main] INFO  - Clicking the Array Page After Login..........
20:17:26.766 [main] INFO  - Launch the app URL.........
20:17:29.681 [main] INFO  - Application launched.......
20:17:29.700 [main] INFO  - User clicks the GetStarted Button at start page and clicks the Sign In.. 
20:17:30.479 [main] INFO  - User login with valid username and password..........
20:17:31.240 [main] INFO  - Clicking the Array Page After Login..........
20:18:59.444 [main] INFO  - Launch the app URL.........
20:19:03.219 [main] INFO  - Application launched.......
20:19:03.241 [main] INFO  - User clicks the GetStarted Button at start page and clicks the Sign In.. 
20:19:04.099 [main] INFO  - User login with valid username and password..........
20:19:04.951 [main] INFO  - Clicking the Array Page After Login..........
20:24:21.568 [main] INFO  - Launch the app URL.........
20:24:53.990 [main] INFO  - Launch the app URL.........
20:24:56.054 [main] INFO  - Application launched.......
20:24:56.068 [main] INFO  - User clicks the GetStarted Button at start page and clicks the Sign In.. 
20:24:56.689 [main] INFO  - User login with valid username and password..........
20:24:57.190 [main] INFO  - Clicking the Array Page After Login..........
20:25:59.848 [main] INFO  - Launch the app URL.........
20:26:01.857 [main] INFO  - Application launched.......
20:26:01.869 [main] INFO  - User clicks the GetStarted Button at start page and clicks the Sign In.. 
20:26:02.465 [main] INFO  - User login with valid username and password..........
20:26:02.993 [main] INFO  - Clicking the Array Page After Login..........
20:29:10.897 [main] INFO  - Launch the app URL.........
20:29:13.148 [main] INFO  - Application launched.......
20:29:13.162 [main] INFO  - User clicks the GetStarted Button at start page and clicks the Sign In.. 
20:29:13.768 [main] INFO  - User login with valid username and password..........
20:29:14.276 [main] INFO  - Clicking the Array Page After Login..........
20:44:41.401 [main] INFO  - Launch the app URL.........
20:44:44.192 [main] INFO  - Application launched.......
20:44:44.219 [main] INFO  - User clicks the GetStarted Button at start page and clicks the Sign In.. 
20:44:45.072 [main] INFO  - User login with valid username and password..........
20:44:45.638 [main] INFO  - Clicking the Array Page After Login..........
20:47:24.877 [main] INFO  - Launch the app URL.........
20:47:27.894 [main] INFO  - Application launched.......
20:47:27.906 [main] INFO  - User clicks the GetStarted Button at start page and clicks the Sign In.. 
20:47:28.548 [main] INFO  - User login with valid username and password..........
20:47:29.115 [main] INFO  - Clicking the Array Page After Login..........
20:47:48.305 [main] INFO  - Launch the app URL.........
20:47:50.475 [main] INFO  - Application launched.......
20:47:50.502 [main] INFO  - User clicks the GetStarted Button at start page and clicks the Sign In.. 
20:47:51.141 [main] INFO  - User login with valid username and password..........
20:47:51.673 [main] INFO  - Clicking the Array Page After Login..........
20:49:02.486 [main] INFO  - Launch the app URL.........
20:49:04.482 [main] INFO  - Application launched.......
20:49:04.521 [main] INFO  - User clicks the GetStarted Button at start page and clicks the Sign In.. 
20:49:05.351 [main] INFO  - User login with valid username and password..........
20:49:05.885 [main] INFO  - Clicking the Array Page After Login..........
20:50:53.016 [main] INFO  - Launch the app URL.........
20:50:55.277 [main] INFO  - Application launched.......
20:50:55.290 [main] INFO  - User clicks the GetStarted Button at start page and clicks the Sign In.. 
20:50:55.961 [main] INFO  - User login with valid username and password..........
20:50:56.596 [main] INFO  - Clicking the Array Page After Login..........
21:07:15.821 [main] INFO  - Launch the app URL.........
21:07:24.130 [main] INFO  - Application launched.......
21:07:24.142 [main] INFO  - User clicks the GetStarted Button at start page and clicks the Sign In.. 
21:07:24.827 [main] INFO  - User login with valid username and password..........
21:07:25.343 [main] INFO  - Clicking the Array Page After Login..........
21:08:36.348 [main] INFO  - Launch the app URL.........
21:08:38.704 [main] INFO  - Application launched.......
21:08:38.719 [main] INFO  - User clicks the GetStarted Button at start page and clicks the Sign In.. 
21:08:39.272 [main] INFO  - User login with valid username and password..........
21:08:39.818 [main] INFO  - Clicking the Array Page After Login..........
21:35:19.826 [main] INFO  - Launch the app URL.........
21:35:22.359 [main] INFO  - Application launched.......
21:35:22.374 [main] INFO  - User clicks the GetStarted Button at start page and clicks the Sign In.. 
21:35:22.985 [main] INFO  - User login with valid username and password..........
21:35:24.280 [main] INFO  - Clicking the Array Page After Login..........
21:40:04.382 [main] INFO  - Launch the app URL.........
21:40:07.041 [main] INFO  - Application launched.......
21:40:07.056 [main] INFO  - User clicks the GetStarted Button at start page and clicks the Sign In.. 
21:40:07.806 [main] INFO  - User login with valid username and password..........
21:40:08.539 [main] INFO  - Clicking the Array Page After Login..........
22:32:48.047 [main] INFO  - Launch the app URL.........
22:33:17.025 [main] INFO  - Launch the app URL.........
22:33:20.347 [main] INFO  - Application launched.......
22:33:20.362 [main] INFO  - User clicks the GetStarted Button at start page and clicks the Sign In.. 
22:33:21.212 [main] INFO  - User login with valid username and password..........
22:33:21.931 [main] INFO  - Clicking the Array Page After Login..........
22:34:50.022 [main] INFO  - Launch the app URL.........
22:34:52.574 [main] INFO  - Application launched.......
22:34:52.586 [main] INFO  - User clicks the GetStarted Button at start page and clicks the Sign In.. 
22:34:53.261 [main] INFO  - User login with valid username and password..........
22:34:53.923 [main] INFO  - Clicking the Array Page After Login..........
22:37:53.067 [main] INFO  - Launch the app URL.........
22:38:55.060 [main] INFO  - Launch the app URL.........
22:38:57.614 [main] INFO  - Application launched.......
22:38:57.628 [main] INFO  - User clicks the GetStarted Button at start page and clicks the Sign In.. 
22:38:58.338 [main] INFO  - User login with valid username and password..........
22:38:59.101 [main] INFO  - Clicking the Array Page After Login..........
22:42:39.181 [main] INFO  - Launch the app URL.........
22:42:41.681 [main] INFO  - Application launched.......
22:42:41.693 [main] INFO  - User clicks the GetStarted Button at start page and clicks the Sign In.. 
22:42:42.270 [main] INFO  - User login with valid username and password..........
22:42:42.922 [main] INFO  - Clicking the Array Page After Login..........
22:59:37.677 [main] INFO  - Launch the app URL.........
22:59:40.015 [main] INFO  - Application launched.......
22:59:40.036 [main] INFO  - User clicks the GetStarted Button at start page and clicks the Sign In.. 
22:59:40.729 [main] INFO  - User login with valid username and password..........
22:59:41.278 [main] INFO  - Clicking the Array Page After Login..........
23:09:10.402 [main] INFO  - Launch the app URL.........
23:09:33.876 [main] INFO  - Launch the app URL.........
23:09:36.408 [main] INFO  - Application launched.......
23:09:36.435 [main] INFO  - User clicks the GetStarted Button at start page and clicks the Sign In.. 
23:09:37.712 [main] INFO  - User login with valid username and password..........
23:09:38.413 [main] INFO  - Clicking the Array Page After Login..........
23:14:54.002 [main] INFO  - Launch the app URL.........
23:14:56.957 [main] INFO  - Application launched.......
23:14:56.969 [main] INFO  - User clicks the GetStarted Button at start page and clicks the Sign In.. 
23:14:57.667 [main] INFO  - User login with valid username and password..........
23:14:58.221 [main] INFO  - Clicking the Array Page After Login..........
23:15:00.982 [main] INFO  - Alert Message SyntaxError: bad input on line 1
23:16:51.148 [main] INFO  - Launch the app URL.........
23:17:10.298 [main] INFO  - Launch the app URL.........
23:17:12.853 [main] INFO  - Application launched.......
23:17:12.887 [main] INFO  - User clicks the GetStarted Button at start page and clicks the Sign In.. 
23:17:13.557 [main] INFO  - User login with valid username and password..........
23:17:14.106 [main] INFO  - Clicking the Array Page After Login..........
23:20:02.198 [main] INFO  - Launch the app URL.........
23:20:04.639 [main] INFO  - Application launched.......
23:20:04.651 [main] INFO  - User clicks the GetStarted Button at start page and clicks the Sign In.. 
23:20:05.288 [main] INFO  - User login with valid username and password..........
23:20:05.856 [main] INFO  - Clicking the Array Page After Login..........
23:29:13.449 [main] INFO  - Launch the app URL.........
23:29:15.768 [main] INFO  - Application launched.......
23:29:15.780 [main] INFO  - User clicks the GetStarted Button at start page and clicks the Sign In.. 
23:29:16.363 [main] INFO  - User login with valid username and password..........
23:29:16.995 [main] INFO  - Clicking the Array Page After Login..........
23:29:44.287 [main] INFO  - Launch the app URL.........
23:29:46.662 [main] INFO  - Application launched.......
23:29:46.673 [main] INFO  - User clicks the GetStarted Button at start page and clicks the Sign In.. 
23:29:47.406 [main] INFO  - User login with valid username and password..........
23:29:48.034 [main] INFO  - Clicking the Array Page After Login..........
23:30:52.685 [main] INFO  - Launch the app URL.........
23:30:54.937 [main] INFO  - Application launched.......
23:30:54.958 [main] INFO  - User clicks the GetStarted Button at start page and clicks the Sign In.. 
23:30:55.538 [main] INFO  - User login with valid username and password..........
23:30:56.128 [main] INFO  - Clicking the Array Page After Login..........
23:32:11.889 [main] INFO  - Launch the app URL.........
23:32:14.386 [main] INFO  - Application launched.......
23:32:14.400 [main] INFO  - User clicks the GetStarted Button at start page and clicks the Sign In.. 
23:32:14.974 [main] INFO  - User login with valid username and password..........
23:32:15.611 [main] INFO  - Clicking the Array Page After Login..........
23:32:52.842 [main] INFO  - Launch the app URL.........
23:32:55.595 [main] INFO  - Application launched.......
23:32:55.606 [main] INFO  - User clicks the GetStarted Button at start page and clicks the Sign In.. 
23:32:56.198 [main] INFO  - User login with valid username and password..........
23:32:56.788 [main] INFO  - Clicking the Array Page After Login..........
10:27:18.013 [main] INFO  - Launch the app URL.........
10:27:21.587 [main] INFO  - Application launched.......
10:27:21.613 [main] INFO  - User clicks the GetStarted Button at start page and clicks the Sign In.. 
10:27:22.288 [main] INFO  - User login with valid username and password..........
10:27:22.854 [main] INFO  - Clicking the Array Page After Login..........
10:29:25.265 [main] INFO  - Launch the app URL.........
10:29:27.453 [main] INFO  - Application launched.......
10:29:27.469 [main] INFO  - User clicks the GetStarted Button at start page and clicks the Sign In.. 
10:29:28.156 [main] INFO  - User login with valid username and password..........
10:29:28.801 [main] INFO  - Clicking the Array Page After Login..........
10:30:07.021 [main] INFO  - Launch the app URL.........
10:30:09.213 [main] INFO  - Application launched.......
10:30:09.237 [main] INFO  - User clicks the GetStarted Button at start page and clicks the Sign In.. 
10:30:09.962 [main] INFO  - User login with valid username and password..........
10:30:10.527 [main] INFO  - Clicking the Array Page After Login..........
11:11:58.301 [main] INFO  - Launch the app URL.........
11:12:00.751 [main] INFO  - Application launched.......
11:12:00.759 [main] INFO  - User clicks the GetStarted Button at start page and clicks the Sign In.. 
11:12:01.315 [main] INFO  - User login with valid username and password..........
11:12:01.854 [main] INFO  - Clicking the Array Page After Login..........
11:15:01.447 [main] INFO  - Launch the app URL.........
11:15:04.524 [main] INFO  - Application launched.......
11:15:04.535 [main] INFO  - User clicks the GetStarted Button at start page and clicks the Sign In.. 
11:15:05.155 [main] INFO  - User login with valid username and password..........
11:15:05.770 [main] INFO  - Clicking the Array Page After Login..........
11:16:02.007 [main] INFO  - Launch the app URL.........
11:16:04.917 [main] INFO  - Application launched.......
11:16:04.933 [main] INFO  - User clicks the GetStarted Button at start page and clicks the Sign In.. 
11:16:05.609 [main] INFO  - User login with valid username and password..........
11:16:06.217 [main] INFO  - Clicking the Array Page After Login..........
11:16:32.727 [main] INFO  - Launch the app URL.........
11:16:34.972 [main] INFO  - Application launched.......
11:16:34.997 [main] INFO  - User clicks the GetStarted Button at start page and clicks the Sign In.. 
11:16:35.630 [main] INFO  - User login with valid username and password..........
11:16:36.156 [main] INFO  - Clicking the Array Page After Login..........
11:18:15.895 [main] INFO  - Launch the app URL.........
11:18:17.986 [main] INFO  - Application launched.......
11:18:18.004 [main] INFO  - User clicks the GetStarted Button at start page and clicks the Sign In.. 
11:18:18.626 [main] INFO  - User login with valid username and password..........
11:18:19.220 [main] INFO  - Clicking the Array Page After Login..........
11:20:25.616 [main] INFO  - Launch the app URL.........
11:20:28.288 [main] INFO  - Application launched.......
11:20:28.316 [main] INFO  - User clicks the GetStarted Button at start page and clicks the Sign In.. 
11:20:29.308 [main] INFO  - User login with valid username and password..........
11:20:29.987 [main] INFO  - Clicking the Array Page After Login..........
12:12:33.586 [main] INFO  - Launch the app URL.........
12:12:36.176 [main] INFO  - Application launched.......
12:12:36.198 [main] INFO  - User clicks the GetStarted Button at start page and clicks the Sign In.. 
12:12:36.908 [main] INFO  - User login with valid username and password..........
12:12:37.474 [main] INFO  - Clicking the Array Page After Login..........
12:14:41.774 [main] INFO  - Launch the app URL.........
12:14:43.876 [main] INFO  - Application launched.......
12:14:43.886 [main] INFO  - User clicks the GetStarted Button at start page and clicks the Sign In.. 
12:14:44.392 [main] INFO  - User login with valid username and password..........
12:14:44.908 [main] INFO  - Clicking the Array Page After Login..........
12:22:38.836 [main] INFO  - Launch the app URL.........
12:22:40.762 [main] INFO  - Application launched.......
12:22:40.779 [main] INFO  - User clicks the GetStarted Button at start page and clicks the Sign In.. 
12:22:41.302 [main] INFO  - User login with valid username and password..........
12:22:41.826 [main] INFO  - Clicking the Array Page After Login..........
12:22:44.095 [main] INFO  - Alert Message SyntaxError: bad input on line 1
12:23:17.139 [main] INFO  - Launch the app URL.........
12:23:18.971 [main] INFO  - Application launched.......
12:23:18.984 [main] INFO  - User clicks the GetStarted Button at start page and clicks the Sign In.. 
12:23:19.535 [main] INFO  - User login with valid username and password..........
12:23:20.119 [main] INFO  - Clicking the Array Page After Login..........
12:23:57.323 [main] INFO  - Launch the app URL.........
12:23:59.412 [main] INFO  - Application launched.......
12:23:59.427 [main] INFO  - User clicks the GetStarted Button at start page and clicks the Sign In.. 
12:23:59.937 [main] INFO  - User login with valid username and password..........
12:24:00.464 [main] INFO  - Clicking the Array Page After Login..........
14:19:32.946 [main] INFO  - Launch the app URL.........
14:19:35.438 [main] INFO  - Application launched.......
14:19:35.454 [main] INFO  - User clicks the GetStarted Button at start page and clicks the Sign In.. 
14:19:36.015 [main] INFO  - User login with valid username and password..........
14:19:36.557 [main] INFO  - Clicking the Array Page After Login..........
14:20:35.419 [main] INFO  - Launch the app URL.........
14:20:37.456 [main] INFO  - Application launched.......
14:20:37.476 [main] INFO  - User clicks the GetStarted Button at start page and clicks the Sign In.. 
14:20:38.042 [main] INFO  - User login with valid username and password..........
14:20:38.558 [main] INFO  - Clicking the Array Page After Login..........
14:21:25.558 [main] INFO  - Launch the app URL.........
14:21:27.423 [main] INFO  - Application launched.......
14:21:27.436 [main] INFO  - User clicks the GetStarted Button at start page and clicks the Sign In.. 
14:21:28.012 [main] INFO  - User login with valid username and password..........
14:21:28.527 [main] INFO  - Clicking the Array Page After Login..........
14:26:53.415 [main] INFO  - Launch the app URL.........
14:26:55.411 [main] INFO  - Application launched.......
14:26:55.425 [main] INFO  - User clicks the GetStarted Button at start page and clicks the Sign In.. 
14:26:55.989 [main] INFO  - User login with valid username and password..........
14:26:56.489 [main] INFO  - Clicking the Array Page After Login..........
14:28:38.670 [main] INFO  - Launch the app URL.........
14:28:40.671 [main] INFO  - Application launched.......
14:28:40.686 [main] INFO  - User clicks the GetStarted Button at start page and clicks the Sign In.. 
14:28:41.215 [main] INFO  - User login with valid username and password..........
14:28:41.751 [main] INFO  - Clicking the Array Page After Login..........
14:32:20.282 [main] INFO  - Launch the app URL.........
14:32:22.325 [main] INFO  - Application launched.......
14:32:22.344 [main] INFO  - User clicks the GetStarted Button at start page and clicks the Sign In.. 
14:32:22.902 [main] INFO  - User login with valid username and password..........
14:32:23.434 [main] INFO  - Clicking the Array Page After Login..........
09:32:07.911 [main] INFO  - Launch the app URL.........
09:32:28.066 [main] INFO  - Launch the app URL.........
09:32:58.556 [main] INFO  - Launch the app URL.........
09:33:06.038 [main] INFO  - Application launched.......
09:33:06.054 [main] INFO  - User clicks the GetStarted Button at start page and clicks the Sign In.. 
09:33:07.320 [main] INFO  - User login with valid username and password..........
09:33:08.397 [main] INFO  - Clicking the Array Page After Login..........
09:35:59.102 [main] INFO  - Launch the app URL.........
09:36:01.423 [main] INFO  - Application launched.......
09:36:01.443 [main] INFO  - User clicks the GetStarted Button at start page and clicks the Sign In.. 
09:36:02.064 [main] INFO  - User login with valid username and password..........
09:36:02.581 [main] INFO  - Clicking the Array Page After Login..........
09:37:49.796 [main] INFO  - Launch the app URL.........
09:37:51.904 [main] INFO  - Application launched.......
09:37:51.915 [main] INFO  - User clicks the GetStarted Button at start page and clicks the Sign In.. 
09:37:52.647 [main] INFO  - User login with valid username and password..........
09:37:53.153 [main] INFO  - Clicking the Array Page After Login..........
09:38:33.691 [main] INFO  - Launch the app URL.........
09:38:35.668 [main] INFO  - Application launched.......
09:38:35.681 [main] INFO  - User clicks the GetStarted Button at start page and clicks the Sign In.. 
09:38:36.256 [main] INFO  - User login with valid username and password..........
09:38:36.762 [main] INFO  - Clicking the Array Page After Login..........
09:42:32.676 [main] INFO  - Launch the app URL.........
09:42:34.697 [main] INFO  - Application launched.......
09:42:34.715 [main] INFO  - User clicks the GetStarted Button at start page and clicks the Sign In.. 
09:42:35.297 [main] INFO  - User login with valid username and password..........
09:42:35.806 [main] INFO  - Clicking the Array Page After Login..........
09:46:35.941 [main] INFO  - Launch the app URL.........
09:46:37.904 [main] INFO  - Application launched.......
09:46:37.933 [main] INFO  - User clicks the GetStarted Button at start page and clicks the Sign In.. 
09:46:38.522 [main] INFO  - User login with valid username and password..........
09:46:39.021 [main] INFO  - Clicking the Array Page After Login..........
09:48:32.884 [main] INFO  - Launch the app URL.........
09:48:34.911 [main] INFO  - Application launched.......
09:48:34.939 [main] INFO  - User clicks the GetStarted Button at start page and clicks the Sign In.. 
09:48:35.527 [main] INFO  - User login with valid username and password..........
09:48:36.066 [main] INFO  - Clicking the Array Page After Login..........
09:50:50.064 [main] INFO  - Launch the app URL.........
09:50:51.970 [main] INFO  - Application launched.......
09:50:51.988 [main] INFO  - User clicks the GetStarted Button at start page and clicks the Sign In.. 
09:50:52.609 [main] INFO  - User login with valid username and password..........
09:50:53.102 [main] INFO  - Clicking the Array Page After Login..........
09:51:13.034 [main] INFO  - Launch the app URL.........
09:51:15.099 [main] INFO  - Application launched.......
09:51:15.112 [main] INFO  - User clicks the GetStarted Button at start page and clicks the Sign In.. 
09:51:15.645 [main] INFO  - User login with valid username and password..........
09:51:16.165 [main] INFO  - Clicking the Array Page After Login..........
09:51:18.636 [main] INFO  - Alert Message SyntaxError: bad input on line 1
09:52:06.126 [main] INFO  - Launch the app URL.........
09:52:08.168 [main] INFO  - Application launched.......
09:52:08.179 [main] INFO  - User clicks the GetStarted Button at start page and clicks the Sign In.. 
09:52:08.785 [main] INFO  - User login with valid username and password..........
09:52:09.281 [main] INFO  - Clicking the Array Page After Login..........
09:54:53.860 [main] INFO  - Launch the app URL.........
09:54:56.031 [main] INFO  - Application launched.......
09:54:56.041 [main] INFO  - User clicks the GetStarted Button at start page and clicks the Sign In.. 
09:54:56.611 [main] INFO  - User login with valid username and password..........
09:54:57.129 [main] INFO  - Clicking the Array Page After Login..........
09:55:51.596 [main] INFO  - Launch the app URL.........
09:55:53.671 [main] INFO  - Application launched.......
09:55:53.684 [main] INFO  - User clicks the GetStarted Button at start page and clicks the Sign In.. 
09:55:54.249 [main] INFO  - User login with valid username and password..........
09:55:54.780 [main] INFO  - Clicking the Array Page After Login..........
09:57:19.242 [main] INFO  - Launch the app URL.........
09:57:21.203 [main] INFO  - Application launched.......
09:57:21.223 [main] INFO  - User clicks the GetStarted Button at start page and clicks the Sign In.. 
09:57:21.817 [main] INFO  - User login with valid username and password..........
09:57:22.328 [main] INFO  - Clicking the Array Page After Login..........
09:59:15.389 [main] INFO  - Launch the app URL.........
09:59:17.439 [main] INFO  - Application launched.......
09:59:17.449 [main] INFO  - User clicks the GetStarted Button at start page and clicks the Sign In.. 
09:59:18.039 [main] INFO  - User login with valid username and password..........
09:59:18.590 [main] INFO  - Clicking the Array Page After Login..........
10:00:11.622 [main] INFO  - Launch the app URL.........
10:00:13.495 [main] INFO  - Application launched.......
10:00:13.510 [main] INFO  - User clicks the GetStarted Button at start page and clicks the Sign In.. 
10:00:14.071 [main] INFO  - User login with valid username and password..........
10:00:14.576 [main] INFO  - Clicking the Array Page After Login..........
10:05:01.677 [main] INFO  - Launch the app URL.........
10:05:03.961 [main] INFO  - Application launched.......
10:05:03.973 [main] INFO  - User clicks the GetStarted Button at start page and clicks the Sign In.. 
10:05:04.492 [main] INFO  - User login with valid username and password..........
10:05:04.994 [main] INFO  - Clicking the Array Page After Login..........
10:11:55.323 [main] INFO  - Launch the app URL.........
10:11:57.369 [main] INFO  - Application launched.......
10:11:57.390 [main] INFO  - User clicks the GetStarted Button at start page and clicks the Sign In.. 
10:11:58.154 [main] INFO  - User login with valid username and password..........
10:11:58.709 [main] INFO  - Clicking the Array Page After Login..........
10:13:34.423 [main] INFO  - Launch the app URL.........
10:14:08.858 [main] INFO  - Launch the app URL.........
10:14:10.662 [main] INFO  - Application launched.......
10:14:10.683 [main] INFO  - User clicks the GetStarted Button at start page and clicks the Sign In.. 
10:14:11.293 [main] INFO  - User login with valid username and password..........
10:14:11.874 [main] INFO  - Clicking the Array Page After Login..........
10:15:48.287 [main] INFO  - Launch the app URL.........
10:15:50.239 [main] INFO  - Application launched.......
10:15:50.265 [main] INFO  - User clicks the GetStarted Button at start page and clicks the Sign In.. 
10:15:50.864 [main] INFO  - User login with valid username and password..........
10:15:51.404 [main] INFO  - Clicking the Array Page After Login..........
10:16:36.074 [main] INFO  - Launch the app URL.........
10:16:38.050 [main] INFO  - Application launched.......
10:16:38.093 [main] INFO  - User clicks the GetStarted Button at start page and clicks the Sign In.. 
10:16:38.631 [main] INFO  - User login with valid username and password..........
10:16:39.150 [main] INFO  - Clicking the Array Page After Login..........
10:17:12.670 [main] INFO  - Launch the app URL.........
10:17:14.626 [main] INFO  - Application launched.......
10:17:14.647 [main] INFO  - User clicks the GetStarted Button at start page and clicks the Sign In.. 
10:17:15.177 [main] INFO  - User login with valid username and password..........
10:17:15.700 [main] INFO  - Clicking the Array Page After Login..........
10:22:37.706 [main] INFO  - Launch the app URL.........
10:22:39.781 [main] INFO  - Application launched.......
10:22:39.805 [main] INFO  - User clicks the GetStarted Button at start page and clicks the Sign In.. 
10:22:40.368 [main] INFO  - User login with valid username and password..........
10:22:40.895 [main] INFO  - Clicking the Array Page After Login..........
10:24:17.029 [main] INFO  - Launch the app URL.........
10:24:18.981 [main] INFO  - Application launched.......
10:24:19.010 [main] INFO  - User clicks the GetStarted Button at start page and clicks the Sign In.. 
10:24:19.577 [main] INFO  - User login with valid username and password..........
10:24:20.074 [main] INFO  - Clicking the Array Page After Login..........
10:31:24.569 [main] INFO  - Launch the app URL.........
10:31:33.722 [main] INFO  - Application launched.......
10:31:33.745 [main] INFO  - User clicks the GetStarted Button at start page and clicks the Sign In.. 
10:31:34.284 [main] INFO  - User login with valid username and password..........
10:31:34.821 [main] INFO  - Clicking the Array Page After Login..........
10:31:44.869 [main] INFO  - Launch the app URL.........
10:31:46.519 [main] INFO  - Application launched.......
10:31:46.519 [main] INFO  - User clicks the GetStarted Button at start page and clicks the Sign In.. 
10:31:47.127 [main] INFO  - User login with valid username and password..........
10:31:47.753 [main] INFO  - Clicking the Array Page After Login..........
10:35:41.970 [main] INFO  - Launch the app URL.........
10:36:16.169 [main] INFO  - Launch the app URL.........
10:36:18.227 [main] INFO  - Application launched.......
10:36:18.247 [main] INFO  - User clicks the GetStarted Button at start page and clicks the Sign In.. 
10:36:18.822 [main] INFO  - User login with valid username and password..........
10:36:19.359 [main] INFO  - Clicking the Array Page After Login..........
10:36:22.375 [main] INFO  - Alert Message SyntaxError: bad input on line 3
10:36:58.234 [main] INFO  - Launch the app URL.........
10:37:00.151 [main] INFO  - Application launched.......
10:37:00.174 [main] INFO  - User clicks the GetStarted Button at start page and clicks the Sign In.. 
10:37:00.753 [main] INFO  - User login with valid username and password..........
10:37:01.254 [main] INFO  - Clicking the Array Page After Login..........
10:37:06.237 [main] INFO  - Alert Message SyntaxError: bad input on line 3
10:37:31.386 [main] INFO  - Launch the app URL.........
10:37:33.329 [main] INFO  - Application launched.......
10:37:33.348 [main] INFO  - User clicks the GetStarted Button at start page and clicks the Sign In.. 
10:37:33.903 [main] INFO  - User login with valid username and password..........
10:37:34.402 [main] INFO  - Clicking the Array Page After Login..........
10:41:02.405 [main] INFO  - Launch the app URL.........
10:41:04.364 [main] INFO  - Application launched.......
10:41:04.387 [main] INFO  - User clicks the GetStarted Button at start page and clicks the Sign In.. 
10:41:04.939 [main] INFO  - User login with valid username and password..........
10:41:05.442 [main] INFO  - Clicking the Array Page After Login..........
10:41:40.464 [main] INFO  - Launch the app URL.........
10:41:42.395 [main] INFO  - Application launched.......
