20:56:06.725 [TestNG-PoolService-1] INFO  - User clicks Register button....
20:56:06.835 [TestNG-PoolService-4] INFO  - Launch the app URL.........
20:56:06.920 [TestNG-PoolService-1] INFO  - Verify the error message pointing improper password given ....
20:56:06.926 [TestNG-PoolService-3] INFO  - Launch the app URL.........
20:56:07.297 [TestNG-PoolService-1] INFO  - Launch the app URL.........
20:56:08.069 [TestNG-PoolService-2] INFO  - Application launched.......
20:56:08.072 [TestNG-PoolService-2] INFO  - Clicking the GetStarted Button.............
20:56:08.851 [TestNG-PoolService-2] INFO  - User clicks Register link at home page.............
20:56:09.120 [TestNG-PoolService-2] INFO  - Provides valid username but an INVALID password to register ....
20:56:09.431 [TestNG-PoolService-3] INFO  - Application launched.......
20:56:09.433 [TestNG-PoolService-3] INFO  - Clicking the GetStarted Button.............
20:56:09.476 [TestNG-PoolService-2] INFO  - User clicks Register button....
20:56:09.575 [TestNG-PoolService-2] INFO  - Verify whether Validation message Please Fill Out This Field is displayed at missed field ....
20:56:09.713 [TestNG-PoolService-4] INFO  - Application launched.......
20:56:09.716 [TestNG-PoolService-4] INFO  - Clicking the GetStarted Button.............
20:56:09.792 [TestNG-PoolService-3] INFO  - User clicks Register link at home page.............
20:56:10.128 [TestNG-PoolService-3] INFO  - Provides valid username but an INVALID password to register ....
20:56:10.424 [TestNG-PoolService-3] INFO  - User clicks Register button....
20:56:10.500 [TestNG-PoolService-4] INFO  - User clicks Register link at home page.............
20:56:10.571 [TestNG-PoolService-3] INFO  - Verify whether Validation message Please Fill Out This Field is displayed at missed field ....
20:56:10.918 [TestNG-PoolService-4] INFO  - Provides valid username but an INVALID password to register ....
20:56:11.120 [TestNG-PoolService-1] INFO  - Application launched.......
20:56:11.121 [TestNG-PoolService-1] INFO  - Clicking the GetStarted Button.............
20:56:11.160 [TestNG-PoolService-4] INFO  - User clicks Register button....
20:56:11.261 [TestNG-PoolService-4] INFO  - Verify whether Validation message Please Fill Out This Field is displayed at missed field ....
20:56:11.520 [TestNG-PoolService-1] INFO  - Clicking the Sign In Link at home page.............
20:56:11.585 [TestNG-PoolService-2] INFO  - Launch the app URL.........
20:56:11.610 [TestNG-PoolService-3] INFO  - Launch the app URL.........
20:56:11.831 [TestNG-PoolService-1] INFO  - Enter valid username and password at login page.............
20:56:12.073 [TestNG-PoolService-1] INFO  - click the Login Button.............
20:56:12.403 [TestNG-PoolService-4] INFO  - Launch the app URL.........
20:56:12.450 [TestNG-PoolService-1] INFO  - Verify the display of 'You are logged in' message at home page.............
20:56:13.076 [TestNG-PoolService-1] INFO  - Launch the app URL.........
20:56:14.241 [TestNG-PoolService-3] INFO  - Application launched.......
20:56:14.243 [TestNG-PoolService-3] INFO  - Clicking the GetStarted Button.............
20:56:14.387 [TestNG-PoolService-2] INFO  - Application launched.......
20:56:14.389 [TestNG-PoolService-2] INFO  - Clicking the GetStarted Button.............
20:56:14.647 [TestNG-PoolService-3] INFO  - Clicking the Sign In Link at home page.............
20:56:14.786 [TestNG-PoolService-2] INFO  - Clicking the Sign In Link at home page.............
20:56:14.888 [TestNG-PoolService-3] INFO  - Enter the username at login page.............
20:56:15.110 [TestNG-PoolService-3] INFO  - Enter the password at login page.............
20:56:15.152 [TestNG-PoolService-2] INFO  - Enter valid username and password at login page.............
20:56:15.219 [TestNG-PoolService-3] INFO  - click the Login Button.............
20:56:15.369 [TestNG-PoolService-2] INFO  - click the Login Button.............
20:56:15.455 [TestNG-PoolService-3] INFO  - Verify the display of Invalid Username and password error message....
20:56:15.507 [TestNG-PoolService-4] INFO  - Application launched.......
20:56:15.511 [TestNG-PoolService-4] INFO  - Clicking the GetStarted Button.............
20:56:15.797 [TestNG-PoolService-2] INFO  - Check name displayed in Username link at home page....
20:56:16.109 [TestNG-PoolService-4] INFO  - Clicking the Sign In Link at home page.............
20:56:16.410 [TestNG-PoolService-4] INFO  - Enter the username at login page.............
20:56:16.506 [TestNG-PoolService-4] INFO  - Enter the password at login page.............
20:56:16.639 [TestNG-PoolService-4] INFO  - click the Login Button.............
20:56:16.700 [TestNG-PoolService-3] INFO  - Launch the app URL.........
20:56:16.909 [TestNG-PoolService-2] INFO  - Launch the app URL.........
20:56:16.943 [TestNG-PoolService-4] INFO  - Verify the display of Invalid Username and password error message....
20:56:17.154 [TestNG-PoolService-1] INFO  - Application launched.......
20:56:17.157 [TestNG-PoolService-1] INFO  - Clicking the GetStarted Button.............
20:56:17.536 [TestNG-PoolService-4] INFO  - Launch the app URL.........
20:56:17.613 [TestNG-PoolService-1] INFO  - Clicking the Sign In Link at home page.............
20:56:17.835 [TestNG-PoolService-1] INFO  - Enter the username at login page.............
20:56:17.926 [TestNG-PoolService-1] INFO  - Enter the password at login page.............
20:56:18.056 [TestNG-PoolService-1] INFO  - click the Login Button.............
20:56:18.316 [TestNG-PoolService-1] INFO  - Verify the display of Invalid Username and password error message....
20:56:19.340 [TestNG-PoolService-2] INFO  - Application launched.......
20:56:19.343 [TestNG-PoolService-2] INFO  - Clicking the GetStarted Button.............
20:56:19.403 [TestNG-PoolService-4] INFO  - Application launched.......
20:56:19.404 [TestNG-PoolService-4] INFO  - Clicking the GetStarted Button.............
20:56:19.422 [TestNG-PoolService-3] INFO  - Application launched.......
20:56:19.426 [TestNG-PoolService-3] INFO  - Clicking the GetStarted Button.............
20:56:19.800 [TestNG-PoolService-2] INFO  - Clicking the Sign In Link at home page.............
20:56:19.885 [TestNG-PoolService-3] INFO  - Clicking the Sign In Link at home page.............
20:56:19.987 [TestNG-PoolService-4] INFO  - Clicking the Sign In Link at home page.............
20:56:20.011 [TestNG-PoolService-2] INFO  - Enter the username at login page.............
20:56:20.116 [TestNG-PoolService-3] INFO  - Enter the username at login page.............
20:56:20.140 [TestNG-PoolService-2] INFO  - Enter the password at login page.............
20:56:20.258 [TestNG-PoolService-3] INFO  - Enter the password at login page.............
20:56:20.271 [TestNG-PoolService-2] INFO  - click the Login Button.............
20:56:20.295 [TestNG-PoolService-4] INFO  - Enter the username at login page.............
20:56:20.360 [TestNG-PoolService-3] INFO  - click the Login Button.............
20:56:20.368 [TestNG-PoolService-2] INFO  - Verify whether Validation message Please Fill Out This Field is displayed at missed field ....
20:56:20.369 [TestNG-PoolService-4] INFO  - Enter the password at login page.............
20:56:20.467 [TestNG-PoolService-3] INFO  - Verify whether Validation message Please Fill Out This Field is displayed at missed field ....
20:56:20.481 [TestNG-PoolService-4] INFO  - click the Login Button.............
20:56:20.594 [TestNG-PoolService-4] INFO  - Verify whether Validation message Please Fill Out This Field is displayed at missed field ....
20:56:21.023 [TestNG-PoolService-3] INFO  - Launch the app URL.........
20:56:21.567 [TestNG-PoolService-1] INFO  - Launch the app URL.........
20:56:21.576 [TestNG-PoolService-4] INFO  - Launch the app URL.........
20:56:21.589 [TestNG-PoolService-2] INFO  - Launch the app URL.........
20:56:22.773 [TestNG-PoolService-3] INFO  - Application launched.......
20:56:22.774 [TestNG-PoolService-3] INFO  - Clicking the GetStarted Button.............
20:56:23.199 [TestNG-PoolService-3] INFO  - Clicking the Sign In Link at home page.............
20:56:23.633 [TestNG-PoolService-3] INFO  - Clicking the Register Link at Sign In page....
20:56:23.850 [TestNG-PoolService-4] INFO  - Application launched.......
20:56:23.855 [TestNG-PoolService-4] INFO  - User clicks the GetStarted Button at start page and clicks the Sign In.. 
20:56:23.901 [TestNG-PoolService-3] INFO  - Verify the display of register page....
20:56:24.418 [TestNG-PoolService-1] INFO  - Application launched.......
20:56:24.421 [TestNG-PoolService-1] INFO  - User clicks the GetStarted Button at start page and clicks the Sign In.. 
20:56:24.666 [TestNG-PoolService-2] INFO  - Application launched.......
20:56:24.667 [TestNG-PoolService-4] INFO  - User login with valid username and password..........
20:56:24.670 [TestNG-PoolService-2] INFO  - User clicks the GetStarted Button at start page and clicks the Sign In.. 
20:56:25.181 [TestNG-PoolService-1] INFO  - User login with valid username and password..........
20:56:25.411 [TestNG-PoolService-2] INFO  - User login with valid username and password..........
20:56:25.826 [TestNG-PoolService-4] INFO  - Redirecting to the Stack Home Page.....
20:56:25.848 [TestNG-PoolService-4] INFO  - Stack Home page is displayed
20:56:25.849 [TestNG-PoolService-4] INFO  - Clicking the Operations page link.....
20:56:26.407 [TestNG-PoolService-1] INFO  - Redirecting to the Stack Home Page.....
20:56:26.475 [TestNG-PoolService-1] INFO  - Stack Home page is displayed
20:56:26.476 [TestNG-PoolService-1] INFO  - Clicking the Operations page link.....
20:56:26.899 [TestNG-PoolService-1] INFO  - Redirecting to the OPerations Page.....
20:56:26.911 [TestNG-PoolService-2] INFO  - Redirecting to the Stack Home Page.....
20:56:26.932 [TestNG-PoolService-1] INFO  - Operations page is displayed.........
20:56:26.966 [TestNG-PoolService-2] INFO  - Stack Home page is displayed
20:56:26.967 [TestNG-PoolService-2] INFO  - the Try editor of Operations page link.....
20:56:26.977 [TestNG-PoolService-4] INFO  - Clicking the try here of operations page........
20:56:26.978 [TestNG-PoolService-4] INFO  - Redirecting to try editor page........
20:56:26.994 [TestNG-PoolService-4] INFO  - editor page displayed......
20:56:27.458 [TestNG-PoolService-3] INFO  - Launch the app URL.........
20:56:27.816 [TestNG-PoolService-2] INFO  - Entering valid python code..........
20:56:27.972 [TestNG-PoolService-1] INFO  - Launch the app URL.........
20:56:28.005 [TestNG-PoolService-4] INFO  - Launch the app URL.........
20:56:28.397 [TestNG-PoolService-2] INFO  - Console output.......     Numpy Ninja'Numpy Ninja'
20:56:30.150 [TestNG-PoolService-3] INFO  - Application launched.......
20:56:30.153 [TestNG-PoolService-3] INFO  - User clicks the GetStarted Button at start page and clicks the Sign In.. 
20:56:30.654 [TestNG-PoolService-4] INFO  - Application launched.......
20:56:30.656 [TestNG-PoolService-4] INFO  - User clicks the GetStarted Button at start page and clicks the Sign In.. 
20:56:30.660 [TestNG-PoolService-1] INFO  - Application launched.......
20:56:30.664 [TestNG-PoolService-1] INFO  - User clicks the GetStarted Button at start page and clicks the Sign In.. 
20:56:30.753 [TestNG-PoolService-3] INFO  - User login with valid username and password..........
20:56:31.331 [TestNG-PoolService-4] INFO  - User login with valid username and password..........
20:56:31.457 [TestNG-PoolService-1] INFO  - User login with valid username and password..........
20:56:31.756 [TestNG-PoolService-3] INFO  - Redirecting to the Stack Home Page.....
20:56:31.777 [TestNG-PoolService-3] INFO  - Stack Home page is displayed
20:56:31.778 [TestNG-PoolService-3] INFO  - the Try editor of Operations page link.....
20:56:32.419 [TestNG-PoolService-4] INFO  - Redirecting to the Stack Home Page.....
20:56:32.450 [TestNG-PoolService-4] INFO  - Stack Home page is displayed
20:56:32.451 [TestNG-PoolService-4] INFO  - Clicking the Implementations page link.....
20:56:32.749 [TestNG-PoolService-3] INFO  - User Entering invalid pythod code on the editor ..... 
20:56:32.837 [TestNG-PoolService-4] INFO  - Redirecting to the Implementations Page.....
20:56:32.891 [TestNG-PoolService-4] INFO  - Implementations page is displayed.........
20:56:32.969 [TestNG-PoolService-2] INFO  - Launch the app URL.........
20:56:33.002 [TestNG-PoolService-1] INFO  - Redirecting to the Stack Home Page.....
20:56:33.050 [TestNG-PoolService-1] INFO  - Stack Home page is displayed
20:56:33.051 [TestNG-PoolService-1] INFO  - the Try editor of Operations page link.....
20:56:33.289 [TestNG-PoolService-3] INFO  - Alert Message in Python Editor SyntaxError: bad input on line 1
20:56:33.432 [TestNG-PoolService-4] INFO  - Launch the app URL.........
20:56:34.124 [TestNG-PoolService-3] INFO  - Launch the app URL.........
20:56:34.775 [TestNG-PoolService-1] INFO  - Launch the app URL.........
20:56:35.616 [TestNG-PoolService-4] INFO  - Application launched.......
20:56:35.618 [TestNG-PoolService-4] INFO  - User clicks the GetStarted Button at start page and clicks the Sign In.. 
20:56:35.788 [TestNG-PoolService-2] INFO  - Application launched.......
20:56:35.794 [TestNG-PoolService-2] INFO  - User clicks the GetStarted Button at start page and clicks the Sign In.. 
20:56:36.435 [TestNG-PoolService-4] INFO  - User login with valid username and password..........
20:56:36.519 [TestNG-PoolService-2] INFO  - User login with valid username and password..........
20:56:37.399 [TestNG-PoolService-3] INFO  - Application launched.......
20:56:37.401 [TestNG-PoolService-3] INFO  - User clicks the GetStarted Button at start page and clicks the Sign In.. 
20:56:37.590 [TestNG-PoolService-4] INFO  - Redirecting to the Stack Home Page.....
20:56:37.604 [TestNG-PoolService-4] INFO  - Stack Home page is displayed
20:56:37.605 [TestNG-PoolService-4] INFO  - the try editor of  the Implementations page link.....
20:56:37.652 [TestNG-PoolService-2] INFO  - Redirecting to the Stack Home Page.....
20:56:37.659 [TestNG-PoolService-2] INFO  - Stack Home page is displayed
20:56:37.660 [TestNG-PoolService-2] INFO  - Clicking the Implementations page link.....
20:56:38.412 [TestNG-PoolService-4] INFO  - Entering valid python code..........
20:56:38.414 [TestNG-PoolService-2] INFO  - clicking the try here of implementations page............
20:56:38.415 [TestNG-PoolService-2] INFO  - Redirecting to try editor page........
20:56:38.433 [TestNG-PoolService-2] INFO  - editor page displayed......
20:56:38.576 [TestNG-PoolService-3] INFO  - User login with valid username and password..........
20:56:39.107 [TestNG-PoolService-4] INFO  - Console output.......     Numpy Ninja'Numpy Ninja'
20:56:39.561 [TestNG-PoolService-3] INFO  - Redirecting to the Stack Home Page.....
20:56:39.585 [TestNG-PoolService-3] INFO  - Stack Home page is displayed
20:56:39.586 [TestNG-PoolService-3] INFO  - the try editor of  the Implementations page link.....
20:56:39.697 [TestNG-PoolService-1] INFO  - Application launched.......
20:56:39.699 [TestNG-PoolService-1] INFO  - User clicks the GetStarted Button at start page and clicks the Sign In.. 
20:56:39.975 [TestNG-PoolService-2] INFO  - Launch the app URL.........
20:56:40.205 [TestNG-PoolService-4] INFO  - Launch the app URL.........
20:56:40.354 [TestNG-PoolService-1] INFO  - User login with valid username and password..........
20:56:40.440 [TestNG-PoolService-3] INFO  - User Entering invalid pythod code on the editor ..... 
20:56:40.760 [TestNG-PoolService-3] INFO  - Alert Message in Python Editor SyntaxError: bad input on line 1
20:56:41.277 [TestNG-PoolService-1] INFO  - Redirecting to the Stack Home Page.....
20:56:41.311 [TestNG-PoolService-1] INFO  - Stack Home page is displayed
20:56:41.311 [TestNG-PoolService-1] INFO  - the try editor of  the Implementations page link.....
20:56:41.360 [TestNG-PoolService-3] INFO  - Launch the app URL.........
20:56:43.189 [TestNG-PoolService-2] INFO  - Application launched.......
20:56:43.191 [TestNG-PoolService-2] INFO  - User clicks the GetStarted Button at start page and clicks the Sign In.. 
20:56:43.608 [TestNG-PoolService-4] INFO  - Application launched.......
20:56:43.610 [TestNG-PoolService-4] INFO  - User clicks the GetStarted Button at start page and clicks the Sign In.. 
20:56:44.040 [TestNG-PoolService-2] INFO  - User login with valid username and password..........
20:56:44.220 [TestNG-PoolService-4] INFO  - User login with valid username and password..........
20:56:45.122 [TestNG-PoolService-4] INFO  - Redirecting to the Stack Home Page.....
20:56:45.149 [TestNG-PoolService-2] INFO  - Redirecting to the Stack Home Page.....
20:56:45.152 [TestNG-PoolService-4] INFO  - Stack Home page is displayed
20:56:45.153 [TestNG-PoolService-4] INFO  - User is in the APplications page link.....
20:56:45.160 [TestNG-PoolService-2] INFO  - Stack Home page is displayed
20:56:45.160 [TestNG-PoolService-2] INFO  - Clicking the APplications page link.....
20:56:45.485 [TestNG-PoolService-2] INFO  - Redirecting to the Applications Page.....
20:56:45.515 [TestNG-PoolService-2] INFO  - Applications page is displayed.........
20:56:45.593 [TestNG-PoolService-1] INFO  - Launch the app URL.........
20:56:45.711 [TestNG-PoolService-3] INFO  - Application launched.......
20:56:45.716 [TestNG-PoolService-3] INFO  - User clicks the GetStarted Button at start page and clicks the Sign In.. 
20:56:46.141 [TestNG-PoolService-4] INFO  - clicking the try here of applications page............
20:56:46.141 [TestNG-PoolService-4] INFO  - Redirecting to try editor page........
20:56:46.193 [TestNG-PoolService-4] INFO  - editor page displayed......
20:56:46.577 [TestNG-PoolService-3] INFO  - User login with valid username and password..........
20:56:46.906 [TestNG-PoolService-2] INFO  - Launch the app URL.........
20:56:47.105 [TestNG-PoolService-4] INFO  - Launch the app URL.........
20:56:47.383 [TestNG-PoolService-3] INFO  - Redirecting to the Stack Home Page.....
20:56:47.400 [TestNG-PoolService-3] INFO  - Stack Home page is displayed
20:56:47.401 [TestNG-PoolService-3] INFO  - the try editor of  the Applications page link.....
20:56:48.261 [TestNG-PoolService-3] INFO  - Entering valid python code..........
20:56:48.829 [TestNG-PoolService-1] INFO  - Application launched.......
20:56:48.830 [TestNG-PoolService-1] INFO  - User clicks the GetStarted Button at start page and clicks the Sign In.. 
20:56:48.910 [TestNG-PoolService-3] INFO  - Console output.......     Numpy Ninja'Numpy Ninja'
20:56:49.535 [TestNG-PoolService-1] INFO  - User login with valid username and password..........
20:56:50.386 [TestNG-PoolService-4] INFO  - Application launched.......
20:56:50.388 [TestNG-PoolService-4] INFO  - User clicks the GetStarted Button at start page and clicks the Sign In.. 
20:56:50.402 [TestNG-PoolService-1] INFO  - Redirecting to the Stack Home Page.....
20:56:50.409 [TestNG-PoolService-2] INFO  - Application launched.......
20:56:50.412 [TestNG-PoolService-2] INFO  - User clicks the GetStarted Button at start page and clicks the Sign In.. 
20:56:50.416 [TestNG-PoolService-1] INFO  - Stack Home page is displayed
20:56:50.417 [TestNG-PoolService-1] INFO  - the try editor of  the Applications page link.....
20:56:51.064 [TestNG-PoolService-4] INFO  - User login with valid username and password..........
20:56:51.100 [TestNG-PoolService-1] INFO  - User Entering invalid pythod code on the editor ..... 
20:56:51.195 [TestNG-PoolService-2] INFO  - User login with valid username and password..........
20:56:51.458 [TestNG-PoolService-1] INFO  - Alert Message in Python Editor SyntaxError: bad input on line 1
20:56:51.904 [TestNG-PoolService-4] INFO  - Redirecting to the Stack Home Page.....
20:56:51.913 [TestNG-PoolService-4] INFO  - Stack Home page is displayed
20:56:51.913 [TestNG-PoolService-4] INFO  - Clicking the Operations page link.....
20:56:52.179 [TestNG-PoolService-2] INFO  - Redirecting to the Stack Home Page.....
20:56:52.193 [TestNG-PoolService-4] INFO  - Clicking the Practice question link ..... 
20:56:52.211 [TestNG-PoolService-2] INFO  - Stack Home page is displayed
20:56:52.212 [TestNG-PoolService-2] INFO  - the try editor of  the Applications page link.....
21:33:50.165 [main] INFO  - Launch the app URL.........
21:33:52.831 [main] INFO  - Application launched.......
21:33:52.970 [main] INFO  - Clicking the GetStarted Button at start page.............
21:33:53.299 [main] INFO  - Clicking the Sign In Link at home page.............
21:33:53.570 [main] INFO  - Enter the username at login page.............
21:33:53.679 [main] INFO  - Enter the password at login page.............
21:33:53.808 [main] INFO  - click the Login Button.............
21:33:54.145 [main] INFO  - After clicking the Login Button .............
21:33:54.219 [main] INFO  - Logged In to DS_Introduction page........... 
21:33:54.257 [main] INFO  - Clicking the Data Structures Introduction Get started button.....
21:33:54.488 [main] INFO  - After clicking DS_Get started button ...........
21:33:55.030 [main] INFO  - Launch the app URL.........
21:33:56.444 [main] INFO  - Application launched.......
21:33:56.448 [main] INFO  - Clicking the GetStarted Button at start page.............
21:33:56.872 [main] INFO  - Clicking the Sign In Link at home page.............
21:33:57.117 [main] INFO  - Enter the username at login page.............
21:33:57.210 [main] INFO  - Enter the password at login page.............
21:33:57.352 [main] INFO  - click the Login Button.............
21:33:57.704 [main] INFO  - After clicking the Login Button .............
21:33:57.715 [main] INFO  - Logged In to DS_Introduction page........... 
21:33:57.938 [main] INFO  - Clicking the Time Complexity button in the DS Introduction Page ...........
21:33:58.637 [main] INFO  - Launch the app URL.........
21:34:00.233 [main] INFO  - Application launched.......
21:34:00.236 [main] INFO  - Clicking the GetStarted Button at start page.............
21:34:00.586 [main] INFO  - Clicking the Sign In Link at home page.............
21:34:00.781 [main] INFO  - Enter the username at login page.............
21:34:00.878 [main] INFO  - Enter the password at login page.............
21:34:01.011 [main] INFO  - click the Login Button.............
21:34:01.368 [main] INFO  - After clicking the Login Button .............
21:34:01.380 [main] INFO  - Logged In to DS_Introduction page........... 
21:34:01.382 [main] INFO  - Clicking the Time Complexity button to check the Practice queestion link .... 
21:34:01.766 [main] INFO  - Clicking the Practice question link ..... 
21:34:02.362 [main] INFO  - Launch the app URL.........
21:34:03.811 [main] INFO  - Application launched.......
21:34:03.813 [main] INFO  - Clicking the GetStarted Button at start page.............
21:34:04.095 [main] INFO  - Clicking the Sign In Link at home page.............
21:34:04.290 [main] INFO  - Enter the username at login page.............
21:34:04.368 [main] INFO  - Enter the password at login page.............
21:34:04.491 [main] INFO  - click the Login Button.............
21:34:04.870 [main] INFO  - After clicking the Login Button .............
21:34:04.880 [main] INFO  - Logged In to DS_Introduction page........... 
21:34:04.882 [main] INFO  - Clicking the Time Complexity button from the left panel ........ 
21:34:05.687 [main] INFO  - Launch the app URL.........
21:34:07.475 [main] INFO  - Application launched.......
21:34:07.478 [main] INFO  - Clicking the GetStarted Button at start page.............
21:34:07.804 [main] INFO  - Clicking the Sign In Link at home page.............
21:34:08.025 [main] INFO  - Enter the username at login page.............
21:34:08.105 [main] INFO  - Enter the password at login page.............
21:34:08.223 [main] INFO  - click the Login Button.............
21:34:08.597 [main] INFO  - After clicking the Login Button .............
21:34:08.608 [main] INFO  - Logged In to DS_Introduction page........... 
21:34:08.610 [main] INFO  - Clicking the Time Complexity button ..... 
21:34:09.041 [main] INFO  - Clicking the TryHere Button......
21:34:09.943 [main] INFO  - Launch the app URL.........
21:34:11.340 [main] INFO  - Application launched.......
21:34:11.342 [main] INFO  - Clicking the GetStarted Button at start page.............
21:34:11.718 [main] INFO  - Clicking the Sign In Link at home page.............
21:34:11.947 [main] INFO  - Enter the username at login page.............
21:34:12.059 [main] INFO  - Enter the password at login page.............
21:34:12.233 [main] INFO  - click the Login Button.............
21:34:12.630 [main] INFO  - After clicking the Login Button .............
21:34:12.639 [main] INFO  - Logged In to DS_Introduction page........... 
21:34:14.223 [main] INFO  - Launch the app URL.........
21:34:15.869 [main] INFO  - Application launched.......
21:34:15.874 [main] INFO  - Clicking the GetStarted Button at start page.............
21:34:16.154 [main] INFO  - Clicking the Sign In Link at home page.............
21:34:16.331 [main] INFO  - Enter the username at login page.............
21:34:16.425 [main] INFO  - Enter the password at login page.............
21:34:16.540 [main] INFO  - click the Login Button.............
21:34:16.879 [main] INFO  - After clicking the Login Button .............
21:34:16.892 [main] INFO  - Logged In to DS_Introduction page........... 
21:34:16.894 [main] INFO  - Clicking the Try Editor Page   
21:34:17.706 [main] INFO  - Entering valid python code..........
21:34:18.201 [main] INFO  - Console output.......     Numpy Ninja'Numpy Ninja'
21:34:18.930 [main] INFO  - Launch the app URL.........
21:34:20.435 [main] INFO  - Application launched.......
21:34:20.438 [main] INFO  - Clicking the GetStarted Button at start page.............
21:34:20.805 [main] INFO  - Clicking the Sign In Link at home page.............
21:34:21.072 [main] INFO  - Enter the username at login page.............
21:34:21.163 [main] INFO  - Enter the password at login page.............
21:34:21.296 [main] INFO  - click the Login Button.............
21:34:21.654 [main] INFO  - After clicking the Login Button .............
21:34:21.664 [main] INFO  - Logged In to DS_Introduction page........... 
21:34:22.576 [main] INFO  - User Entering invalid pythod code on the editor ..... 
21:34:22.870 [main] INFO  - Alert Message in Python Editor SyntaxError: bad input on line 1
21:34:23.358 [main] INFO  - Launch the app URL.........
21:34:25.001 [main] INFO  - Application launched.......
21:34:25.003 [main] INFO  - Clicking the GetStarted Button at start page.............
21:34:25.280 [main] INFO  - Clicking the Sign In Link at home page.............
21:34:25.467 [main] INFO  - Enter the username at login page.............
21:34:25.554 [main] INFO  - Enter the password at login page.............
21:34:25.687 [main] INFO  - click the Login Button.............
21:34:26.049 [main] INFO  - After clicking the Login Button .............
21:34:26.061 [main] INFO  - Logged In to DS_Introduction page........... 
21:34:27.155 [main] INFO  - Launch the app URL.........
21:34:28.577 [main] INFO  - Application launched.......
21:34:28.579 [main] INFO  - Clicking the GetStarted Button.............
21:34:28.889 [main] INFO  - Check display of Home Page............
21:34:28.924 [main] INFO  - Home page is displayed
21:34:29.402 [main] INFO  - Launch the app URL.........
21:34:31.110 [main] INFO  - Application launched.......
21:34:31.113 [main] INFO  - Check the display of Copyright@NumpyNinja2021............
21:34:31.157 [main] INFO  - Copyright@NumpyNinja2021 is displayed
21:34:31.489 [main] INFO  - Launch the app URL.........
21:34:32.869 [main] INFO  - Application launched.......
21:34:32.873 [main] INFO  - User clicks the GetStarted Button at start page and clicks the Sign In.. 
21:34:33.368 [main] INFO  - User login with valid username and password..........
21:34:34.183 [main] INFO  - Getstarted button clicked............
21:34:34.195 [main] INFO  - Graph home page dispalyed.........
21:34:34.425 [main] INFO  - Graph link  clicked............
21:34:34.438 [main] INFO  - Graph  page dispalyed.........
21:34:34.839 [main] INFO  - Launch the app URL.........
21:34:36.568 [main] INFO  - Application launched.......
21:34:36.571 [main] INFO  - User clicks the GetStarted Button at start page and clicks the Sign In.. 
21:34:37.069 [main] INFO  - User login with valid username and password..........
21:34:37.889 [main] INFO  - Getstarted button clicked............
21:34:37.903 [main] INFO  - Graph home page dispalyed.........
21:34:38.165 [main] INFO  - GraphRepersentations link  clicked............
21:34:38.176 [main] INFO  - GraphRepersentations  page dispalyed.........
21:34:38.511 [main] INFO  - Launch the app URL.........
21:34:39.873 [main] INFO  - Application launched.......
21:34:39.875 [main] INFO  - Clicking the GetStarted Button.............
21:34:40.197 [main] INFO  - Clicking the GetStarted Button at home page.............
21:34:40.407 [main] INFO  - Check the display of 'You are notlogged in' error message.............
21:34:40.864 [main] INFO  - Launch the app URL.........
21:34:42.559 [main] INFO  - Application launched.......
21:34:42.562 [main] INFO  - Clicking the GetStarted Button.............
21:34:42.844 [main] INFO  - Clicking the GetStarted Button at home page.............
21:34:43.073 [main] INFO  - Check the display of 'You are notlogged in' error message.............
21:34:43.434 [main] INFO  - Launch the app URL.........
21:34:44.788 [main] INFO  - Application launched.......
21:34:44.789 [main] INFO  - Clicking the GetStarted Button.............
21:34:45.072 [main] INFO  - Clicking the GetStarted Button at home page.............
21:34:45.287 [main] INFO  - Check the display of 'You are notlogged in' error message.............
21:34:45.676 [main] INFO  - Launch the app URL.........
21:34:47.128 [main] INFO  - Application launched.......
21:34:47.132 [main] INFO  - Clicking the GetStarted Button.............
21:34:47.425 [main] INFO  - Clicking the GetStarted Button at home page.............
21:34:47.649 [main] INFO  - Check the display of 'You are notlogged in' error message.............
21:34:48.082 [main] INFO  - Launch the app URL.........
21:34:49.669 [main] INFO  - Application launched.......
21:34:49.672 [main] INFO  - Clicking the GetStarted Button.............
21:34:49.981 [main] INFO  - Clicking the GetStarted Button at home page.............
21:34:50.198 [main] INFO  - Check the display of 'You are notlogged in' error message.............
21:34:50.624 [main] INFO  - Launch the app URL.........
21:34:52.041 [main] INFO  - Application launched.......
21:34:52.044 [main] INFO  - Clicking the GetStarted Button.............
21:34:52.378 [main] INFO  - Clicking the GetStarted Button at home page.............
21:34:52.595 [main] INFO  - Check the display of 'You are notlogged in' error message.............
21:34:53.007 [main] INFO  - Launch the app URL.........
21:34:54.365 [main] INFO  - Application launched.......
21:34:54.367 [main] INFO  - Clicking the GetStarted Button.............
21:34:54.662 [main] INFO  - Clicking the GetStarted Button at home page.............
21:34:54.864 [main] INFO  - Check the display of 'You are notlogged in' error message.............
21:34:55.213 [main] INFO  - Launch the app URL.........
21:34:56.920 [main] INFO  - Application launched.......
21:34:56.923 [main] INFO  - Clicking the GetStarted Button.............
21:34:57.232 [main] INFO  - User sign in to the app with valid username and password.. 
21:34:57.990 [main] INFO  - Clicking the GetStarted Button at home page.............
21:34:58.259 [main] INFO  - Verify that the DataStructure page is displayed............
21:34:58.729 [main] INFO  - Launch the app URL.........
21:35:00.119 [main] INFO  - Application launched.......
21:35:00.122 [main] INFO  - Clicking the GetStarted Button.............
21:35:00.409 [main] INFO  - User sign in to the app with valid username and password.. 
21:35:01.271 [main] INFO  - Clicking the GetStarted Button at home page.............
21:35:01.548 [main] INFO  - Verify that the Array page is displayed............
21:35:01.989 [main] INFO  - Launch the app URL.........
21:35:03.676 [main] INFO  - Application launched.......
21:35:03.678 [main] INFO  - Clicking the GetStarted Button.............
21:35:03.990 [main] INFO  - User sign in to the app with valid username and password.. 
21:35:04.677 [main] INFO  - Clicking the GetStarted Button at home page.............
21:35:04.923 [main] INFO  - Verify that the Linked List page is displayed............
21:35:05.294 [main] INFO  - Launch the app URL.........
21:35:06.744 [main] INFO  - Application launched.......
21:35:06.747 [main] INFO  - Clicking the GetStarted Button.............
21:35:07.042 [main] INFO  - User sign in to the app with valid username and password.. 
21:35:07.813 [main] INFO  - Clicking the GetStarted Button at home page.............
21:35:08.113 [main] INFO  - Verify that the Stack page is displayed............
21:35:08.421 [main] INFO  - Launch the app URL.........
21:35:10.942 [main] INFO  - Application launched.......
21:35:10.944 [main] INFO  - Clicking the GetStarted Button.............
21:35:11.260 [main] INFO  - User sign in to the app with valid username and password.. 
21:35:12.078 [main] INFO  - Clicking the GetStarted Button at home page.............
21:35:12.356 [main] INFO  - Verify that the Queue page is displayed............
21:35:12.735 [main] INFO  - Launch the app URL.........
21:35:14.140 [main] INFO  - Application launched.......
21:35:14.142 [main] INFO  - Clicking the GetStarted Button.............
21:35:14.502 [main] INFO  - User sign in to the app with valid username and password.. 
21:35:15.316 [main] INFO  - Clicking the GetStarted Button at home page.............
21:35:15.609 [main] INFO  - Verify that the Tree page is displayed............
21:35:16.054 [main] INFO  - Launch the app URL.........
21:35:17.781 [main] INFO  - Application launched.......
21:35:17.784 [main] INFO  - Clicking the GetStarted Button.............
21:35:18.066 [main] INFO  - User sign in to the app with valid username and password.. 
21:35:18.819 [main] INFO  - Clicking the GetStarted Button at home page.............
21:35:19.023 [main] INFO  - Verify that the Graph page is displayed............
21:35:19.333 [main] INFO  - Launch the app URL.........
21:35:20.668 [main] INFO  - Application launched.......
21:35:20.672 [main] INFO  - Clicking the GetStarted Button.............
21:35:20.976 [main] INFO  - User selects Array value of DataStructure dropdown....
21:35:21.310 [main] INFO  - Check the display of 'You are notlogged in' error message.............
21:35:21.606 [main] INFO  - Launch the app URL.........
21:35:23.207 [main] INFO  - Application launched.......
21:35:23.210 [main] INFO  - Clicking the GetStarted Button.............
21:35:23.509 [main] INFO  - User selects Linked List value of DataStructure dropdown....
21:35:23.799 [main] INFO  - Check the display of 'You are notlogged in' error message.............
21:35:24.127 [main] INFO  - Launch the app URL.........
21:35:25.644 [main] INFO  - Application launched.......
21:35:25.646 [main] INFO  - Clicking the GetStarted Button.............
21:35:25.986 [main] INFO  - User selects Stack value of DataStructure dropdown....
21:35:26.282 [main] INFO  - Check the display of 'You are notlogged in' error message.............
21:35:26.579 [main] INFO  - Launch the app URL.........
21:35:28.076 [main] INFO  - Application launched.......
21:35:28.078 [main] INFO  - Clicking the GetStarted Button.............
21:35:28.363 [main] INFO  - User selects Queue value of DataStructure dropdown....
21:35:28.647 [main] INFO  - Check the display of 'You are notlogged in' error message.............
21:35:29.138 [main] INFO  - Launch the app URL.........
21:35:30.778 [main] INFO  - Application launched.......
21:35:30.780 [main] INFO  - Clicking the GetStarted Button.............
21:35:31.071 [main] INFO  - User selects Tree value of DataStructure dropdown....
21:35:31.385 [main] INFO  - Check the display of 'You are notlogged in' error message.............
21:35:31.730 [main] INFO  - Launch the app URL.........
21:35:33.122 [main] INFO  - Application launched.......
21:35:33.124 [main] INFO  - Clicking the GetStarted Button.............
21:35:33.501 [main] INFO  - User selects Graph value of DataStructure dropdown....
21:35:33.772 [main] INFO  - Check the display of 'You are notlogged in' error message.............
21:35:34.075 [main] INFO  - Launch the app URL.........
21:35:35.504 [main] INFO  - Application launched.......
21:35:35.507 [main] INFO  - Clicking the GetStarted Button.............
21:35:35.812 [main] INFO  - User sign in to the app with valid username and password.. 
21:35:36.641 [main] INFO  - User selects Array value of DataStructure dropdown....
21:35:36.945 [main] INFO  - Verify that the Array page is displayed............
21:35:37.270 [main] INFO  - Launch the app URL.........
21:35:38.894 [main] INFO  - Application launched.......
21:35:38.896 [main] INFO  - Clicking the GetStarted Button.............
21:35:39.227 [main] INFO  - User sign in to the app with valid username and password.. 
21:35:40.009 [main] INFO  - User selects Linked List value of DataStructure dropdown....
21:35:40.378 [main] INFO  - Verify that the Linked List page is displayed............
21:35:40.736 [main] INFO  - Launch the app URL.........
21:35:42.145 [main] INFO  - Application launched.......
21:35:42.158 [main] INFO  - Clicking the GetStarted Button.............
21:35:42.478 [main] INFO  - User sign in to the app with valid username and password.. 
21:35:43.352 [main] INFO  - User selects Stack value of DataStructure dropdown....
21:35:43.730 [main] INFO  - Verify that the Stack page is displayed............
21:35:44.121 [main] INFO  - Launch the app URL.........
21:35:45.758 [main] INFO  - Application launched.......
21:35:45.760 [main] INFO  - Clicking the GetStarted Button.............
21:35:46.065 [main] INFO  - User sign in to the app with valid username and password.. 
21:35:46.798 [main] INFO  - User selects Queue value of DataStructure dropdown....
21:35:47.121 [main] INFO  - Verify that the Queue page is displayed............
21:35:47.590 [main] INFO  - Launch the app URL.........
21:35:48.995 [main] INFO  - Application launched.......
21:35:48.997 [main] INFO  - Clicking the GetStarted Button.............
21:35:49.326 [main] INFO  - User sign in to the app with valid username and password.. 
21:35:50.277 [main] INFO  - User selects Tree value of DataStructure dropdown....
21:35:50.644 [main] INFO  - Verify that the Tree page is displayed............
21:35:51.133 [main] INFO  - Launch the app URL.........
21:35:52.843 [main] INFO  - Application launched.......
21:35:52.844 [main] INFO  - Clicking the GetStarted Button.............
21:35:53.170 [main] INFO  - User sign in to the app with valid username and password.. 
21:35:53.928 [main] INFO  - User selects Graph value of DataStructure dropdown....
21:35:54.252 [main] INFO  - Verify that the Graph page is displayed............
21:35:54.706 [main] INFO  - Launch the app URL.........
21:35:56.089 [main] INFO  - Application launched.......
21:35:56.092 [main] INFO  - Clicking the GetStarted Button.............
21:35:56.389 [main] INFO  - User sign in to the app with valid username and password.. 
21:35:57.124 [main] INFO  - Clicking the GetStarted Button at home page.............
21:35:57.429 [main] INFO  - Verify that the DataStructure page is displayed............
21:35:57.462 [main] INFO  - User clicks Numpy NInja link at top from DataStructure page.........
21:35:57.629 [main] INFO  - The Start page will be displayed.........
21:35:57.946 [main] INFO  - Launch the app URL.........
21:35:59.643 [main] INFO  - Application launched.......
21:35:59.645 [main] INFO  - Clicking the GetStarted Button.............
21:35:59.961 [main] INFO  - User sign in to the app with valid username and password.. 
21:36:00.724 [main] INFO  - Clicking the GetStarted Button at home page.............
21:36:01.043 [main] INFO  - Verify that the Array page is displayed............
21:36:01.083 [main] INFO  - User clicks Numpy NInja link at top from Array page.........
21:36:01.276 [main] INFO  - The Start page will be displayed.........
21:36:01.588 [main] INFO  - Launch the app URL.........
21:36:03.103 [main] INFO  - Application launched.......
21:36:03.109 [main] INFO  - Clicking the GetStarted Button.............
21:36:03.612 [main] INFO  - User sign in to the app with valid username and password.. 
21:36:04.635 [main] INFO  - Clicking the GetStarted Button at home page.............
21:36:04.890 [main] INFO  - Verify that the Linked List page is displayed............
21:36:04.921 [main] INFO  - User clicks Numpy NInja link at top from Linked List page.........
21:36:05.076 [main] INFO  - The Start page will be displayed.........
21:36:05.428 [main] INFO  - Launch the app URL.........
21:36:07.194 [main] INFO  - Application launched.......
21:36:07.195 [main] INFO  - Clicking the GetStarted Button.............
21:36:07.498 [main] INFO  - User sign in to the app with valid username and password.. 
21:36:08.311 [main] INFO  - Clicking the GetStarted Button at home page.............
21:36:08.600 [main] INFO  - Verify that the Stack page is displayed............
21:36:08.641 [main] INFO  - User clicks Numpy NInja link at top from Stack page.........
21:36:08.853 [main] INFO  - The Start page will be displayed.........
21:36:09.225 [main] INFO  - Launch the app URL.........
21:36:10.892 [main] INFO  - Application launched.......
21:36:10.894 [main] INFO  - Clicking the GetStarted Button.............
21:36:11.303 [main] INFO  - User sign in to the app with valid username and password.. 
21:36:12.114 [main] INFO  - Clicking the GetStarted Button at home page.............
21:36:12.358 [main] INFO  - Verify that the Queue page is displayed............
21:36:12.387 [main] INFO  - User clicks Numpy NInja link at top from Queue page.........
21:36:12.558 [main] INFO  - The Start page will be displayed.........
21:36:12.996 [main] INFO  - Launch the app URL.........
21:36:14.739 [main] INFO  - Application launched.......
21:36:14.741 [main] INFO  - Clicking the GetStarted Button.............
21:36:15.025 [main] INFO  - User sign in to the app with valid username and password.. 
21:36:15.721 [main] INFO  - Clicking the GetStarted Button at home page.............
21:36:16.033 [main] INFO  - Verify that the Tree page is displayed............
21:36:16.064 [main] INFO  - User clicks Numpy NInja link at top from Tree page.........
21:36:16.221 [main] INFO  - The Start page will be displayed.........
21:36:16.525 [main] INFO  - Launch the app URL.........
21:36:17.925 [main] INFO  - Application launched.......
21:36:17.927 [main] INFO  - Clicking the GetStarted Button.............
21:36:18.205 [main] INFO  - User sign in to the app with valid username and password.. 
21:36:19.028 [main] INFO  - Clicking the GetStarted Button at home page.............
21:36:19.265 [main] INFO  - Verify that the Graph page is displayed............
21:36:19.298 [main] INFO  - User clicks Numpy NInja link at top from Graph page.........
21:36:19.509 [main] INFO  - The Start page will be displayed.........
21:36:19.816 [main] INFO  - Launch the app URL.........
21:36:22.246 [main] INFO  - Application launched.......
21:36:22.249 [main] INFO  - Clicking the GetStarted Button.............
21:36:22.557 [main] INFO  - User sign in to the app with valid username and password.. 
21:36:23.446 [main] INFO  - User clicks Numpy NInja link at top from Sign In page.........
21:36:23.614 [main] INFO  - The Start page will be displayed.........
21:36:34.253 [main] INFO  - Launch the app URL.........
21:36:36.228 [main] INFO  - Application launched.......
21:36:36.232 [main] INFO  - Clicking the GetStarted Button.............
21:36:36.704 [main] INFO  - User clicks Numpy NInja link at top from Sign In page.........
21:36:36.896 [main] INFO  - The Start page will be displayed.........
21:36:47.403 [main] INFO  - Launch the app URL.........
21:36:49.010 [main] INFO  - Application launched.......
21:36:49.012 [main] INFO  - Clicking the GetStarted Button.............
21:36:49.493 [main] INFO  - Clicking the Sign In Link at home page.............
21:36:49.728 [main] INFO  - User clicks Numpy NInja link at top from Sign In page.........
21:36:49.864 [main] INFO  - The Start page will be displayed.........
21:36:50.309 [main] INFO  - Launch the app URL.........
21:36:51.723 [main] INFO  - Application launched.......
21:36:51.725 [main] INFO  - Clicking the GetStarted Button.............
21:36:52.082 [main] INFO  - Clicking the Sign In Link at home page.............
21:36:52.322 [main] INFO  - User clicks Numpy NInja link at top from Sign In page.........
21:36:52.483 [main] INFO  - The Start page will be displayed.........
21:36:52.825 [main] INFO  - Launch the app URL.........
21:36:54.467 [main] INFO  - Application launched.......
21:36:54.469 [main] INFO  - User clicks the GetStarted Button at start page and clicks the Sign In.. 
21:36:54.962 [main] INFO  - User login with valid username and password..........
21:36:55.730 [main] INFO  - Redirecting to the LL Home Page.....
21:36:55.741 [main] INFO  - LinkedList Home page is displayed
21:36:55.741 [main] INFO  - user clicked insertion link.........
21:36:56.011 [main] INFO  - Redirecting to insertion page..............
21:36:56.029 [main] INFO  - insertion page displayed......
21:36:56.310 [main] INFO  - Launch the app URL.........
21:36:57.710 [main] INFO  - Application launched.......
21:36:57.711 [main] INFO  - User clicks the GetStarted Button at start page and clicks the Sign In.. 
21:36:58.217 [main] INFO  - User login with valid username and password..........
21:36:59.104 [main] INFO  - Redirecting to the LL Home Page.....
21:36:59.112 [main] INFO  - LinkedList Home page is displayed
21:36:59.113 [main] INFO  - user is in insertion page.........
21:36:59.777 [main] INFO  - Try here button is clicked.............
21:36:59.779 [main] INFO  - Redirecting to try editor page........
21:36:59.788 [main] INFO  - editor page displayed......
21:37:00.129 [main] INFO  - Launch the app URL.........
21:37:01.744 [main] INFO  - Application launched.......
21:37:01.745 [main] INFO  - User clicks the GetStarted Button at start page and clicks the Sign In.. 
21:37:02.303 [main] INFO  - User login with valid username and password..........
21:37:03.207 [main] INFO  - Redirecting to the LL Home Page.....
21:37:03.219 [main] INFO  - LinkedList Home page is displayed
21:37:03.220 [main] INFO  - Navigating to the tryeditor page link.....
21:37:03.935 [main] INFO  - Entering valid python code..........
21:37:04.395 [main] INFO  - Console output.......     Numpy Ninja'Numpy Ninja'
21:37:04.951 [main] INFO  - Launch the app URL.........
21:37:06.426 [main] INFO  - Application launched.......
21:37:06.428 [main] INFO  - User clicks the GetStarted Button at start page and clicks the Sign In.. 
21:37:07.067 [main] INFO  - User login with valid username and password..........
21:37:07.901 [main] INFO  - Redirecting to the LL Home Page.....
21:37:07.914 [main] INFO  - LinkedList Home page is displayed
21:37:07.915 [main] INFO  - Navigating to the tryeditor page link.....
21:37:08.627 [main] INFO  - User Entering invalid pythod code on the editor ..... 
21:37:08.905 [main] INFO  - Alert Message in Python Editor SyntaxError: bad input on line 1
21:37:09.313 [main] INFO  - Launch the app URL.........
21:37:11.077 [main] INFO  - Application launched.......
21:37:11.079 [main] INFO  - User clicks the GetStarted Button at start page and clicks the Sign In.. 
21:37:11.757 [main] INFO  - User login with valid username and password..........
21:37:12.500 [main] INFO  - Redirecting to the LL Home Page.....
21:37:12.514 [main] INFO  - LinkedList Home page is displayed
21:37:12.516 [main] INFO  - Navigating to the tryeditor page link.....
21:37:13.674 [main] INFO  - Launch the app URL.........
21:37:15.254 [main] INFO  - Application launched.......
21:37:15.256 [main] INFO  - User clicks the GetStarted Button at start page and clicks the Sign In.. 
21:37:15.744 [main] INFO  - User login with valid username and password..........
21:37:16.289 [main] INFO  - Clicking the Queue Page After Login..........
21:37:16.532 [main] INFO  - Queue Page URL --->https://dsportalapp.herokuapp.com/queue/
21:37:16.532 [main] INFO  - The user is in the Queue Page
21:37:17.042 [main] INFO  - Launch the app URL.........
21:37:18.748 [main] INFO  - Application launched.......
21:37:18.751 [main] INFO  - User clicks the GetStarted Button at start page and clicks the Sign In.. 
21:37:19.209 [main] INFO  - User login with valid username and password..........
21:37:19.758 [main] INFO  - Clicking the Queue Page After Login..........
21:37:19.981 [main] INFO  - Queue Page URL --->https://dsportalapp.herokuapp.com/queue/
21:37:19.982 [main] INFO  - The user is in the Queue Page
21:37:19.989 [main] INFO  - The user clicks the Implementation using collections.queue link ........
21:37:20.491 [main] INFO  - Launch the app URL.........
