09:00:44.369 [main] INFO  - Clicking the Sign In Link at home page.............
09:00:44.546 [main] INFO  - Enter the username at login page.............
09:00:44.639 [main] INFO  - Enter the password at login page.............
09:00:44.740 [main] INFO  - click the Login Button.............
09:00:45.088 [main] INFO  - After clicking the Login Button .............
09:00:45.098 [main] INFO  -  DS_Feature- User Successfully Logged In 
09:11:18.482 [main] INFO  - Launch the app URL.........
09:11:20.600 [main] INFO  - Application launched.......
09:11:20.633 [main] INFO  - Clicking the GetStarted Button at start page.............
09:11:20.980 [main] INFO  - Clicking the Sign In Link at home page.............
09:11:21.152 [main] INFO  - Enter the username at login page.............
09:11:21.226 [main] INFO  - Enter the password at login page.............
09:11:21.327 [main] INFO  - click the Login Button.............
09:11:21.698 [main] INFO  - After clicking the Login Button .............
09:11:21.713 [main] INFO  -  DS_Feature- User Successfully Logged In 
09:12:42.522 [main] INFO  - Launch the app URL.........
09:12:44.643 [main] INFO  - Application launched.......
09:12:44.673 [main] INFO  - Clicking the GetStarted Button at start page.............
09:12:45.009 [main] INFO  - Clicking the Sign In Link at home page.............
09:12:45.200 [main] INFO  - Enter the username at login page.............
09:12:45.295 [main] INFO  - Enter the password at login page.............
09:12:45.409 [main] INFO  - click the Login Button.............
09:12:45.712 [main] INFO  - After clicking the Login Button .............
09:12:45.749 [main] INFO  -  DS_Feature- User Successfully Logged In 
09:15:23.829 [main] INFO  - Launch the app URL.........
09:15:25.824 [main] INFO  - Application launched.......
09:15:25.855 [main] INFO  - Clicking the GetStarted Button at start page.............
09:15:26.175 [main] INFO  - Clicking the Sign In Link at home page.............
09:15:26.371 [main] INFO  - Enter the username at login page.............
09:15:26.450 [main] INFO  - Enter the password at login page.............
09:15:26.574 [main] INFO  - click the Login Button.............
09:15:26.923 [main] INFO  - After clicking the Login Button .............
09:15:26.942 [main] INFO  -  DS_Feature- User Successfully Logged In 
09:19:38.016 [main] INFO  - Launch the app URL.........
09:19:40.446 [main] INFO  - Application launched.......
09:19:40.487 [main] INFO  - Clicking the GetStarted Button at start page.............
09:19:41.232 [main] INFO  - Clicking the Sign In Link at home page.............
09:19:41.394 [main] INFO  - Enter the username at login page.............
09:19:41.504 [main] INFO  - Enter the password at login page.............
09:19:41.644 [main] INFO  - click the Login Button.............
09:19:42.307 [main] INFO  - After clicking the Login Button .............
09:19:42.319 [main] INFO  -  DS_Feature- User Successfully Logged In 
09:22:01.626 [main] INFO  - Launch the app URL.........
09:22:03.655 [main] INFO  - Application launched.......
09:22:03.693 [main] INFO  - Clicking the GetStarted Button at start page.............
09:22:04.036 [main] INFO  - Clicking the Sign In Link at home page.............
09:22:04.234 [main] INFO  - Enter the username at login page.............
09:22:04.320 [main] INFO  - Enter the password at login page.............
09:22:04.437 [main] INFO  - click the Login Button.............
09:22:04.796 [main] INFO  - After clicking the Login Button .............
09:22:04.804 [main] INFO  -  DS_Feature- User Successfully Logged In 
09:27:04.616 [main] INFO  - Launch the app URL.........
09:27:06.600 [main] INFO  - Application launched.......
09:27:06.648 [main] INFO  - Clicking the GetStarted Button at start page.............
09:27:07.009 [main] INFO  - Clicking the Sign In Link at home page.............
09:27:07.200 [main] INFO  - Enter the username at login page.............
09:27:07.274 [main] INFO  - Enter the password at login page.............
09:27:07.375 [main] INFO  - click the Login Button.............
09:27:07.741 [main] INFO  - After clicking the Login Button .............
09:27:07.762 [main] INFO  -  DS_Feature- User Successfully Logged In 
09:30:28.432 [main] INFO  - Launch the app URL.........
09:30:30.406 [main] INFO  - Application launched.......
09:30:30.438 [main] INFO  - Clicking the GetStarted Button at start page.............
09:30:30.769 [main] INFO  - Clicking the Sign In Link at home page.............
09:30:30.944 [main] INFO  - Enter the username at login page.............
09:30:31.019 [main] INFO  - Enter the password at login page.............
09:30:31.121 [main] INFO  - click the Login Button.............
09:30:31.469 [main] INFO  - After clicking the Login Button .............
09:30:31.483 [main] INFO  -  DS_Feature- User Successfully Logged In 
09:35:43.242 [main] INFO  - Launch the app URL.........
09:35:50.946 [main] INFO  - Application launched.......
09:35:50.993 [main] INFO  - Clicking the GetStarted Button at start page.............
09:35:51.381 [main] INFO  - Clicking the Sign In Link at home page.............
09:35:51.548 [main] INFO  - Enter the username at login page.............
09:35:51.642 [main] INFO  - Enter the password at login page.............
09:35:51.742 [main] INFO  - click the Login Button.............
09:35:52.077 [main] INFO  - After clicking the Login Button .............
09:35:52.089 [main] INFO  -  DS_Feature- User Successfully Logged In 
09:36:31.589 [main] INFO  - Launch the app URL.........
09:36:33.415 [main] INFO  - Application launched.......
09:36:33.480 [main] INFO  - Clicking the GetStarted Button at start page.............
09:36:33.855 [main] INFO  - Clicking the Sign In Link at home page.............
09:36:34.032 [main] INFO  - Enter the username at login page.............
09:36:34.133 [main] INFO  - Enter the password at login page.............
09:36:34.239 [main] INFO  - click the Login Button.............
09:36:34.597 [main] INFO  - After clicking the Login Button .............
09:36:34.609 [main] INFO  -  DS_Feature- User Successfully Logged In 
09:40:15.863 [main] INFO  - Launch the app URL.........
09:40:17.951 [main] INFO  - Application launched.......
09:40:17.994 [main] INFO  - Clicking the GetStarted Button at start page.............
09:40:18.380 [main] INFO  - Clicking the Sign In Link at home page.............
09:40:18.557 [main] INFO  - Enter the username at login page.............
09:40:18.644 [main] INFO  - Enter the password at login page.............
09:40:18.742 [main] INFO  - click the Login Button.............
09:40:19.069 [main] INFO  - After clicking the Login Button .............
09:40:19.083 [main] INFO  -  DS_Feature- User Successfully Logged In 
09:41:09.535 [main] INFO  - Launch the app URL.........
09:41:11.504 [main] INFO  - Application launched.......
09:41:11.528 [main] INFO  - Clicking the GetStarted Button at start page.............
09:41:11.861 [main] INFO  - Clicking the Sign In Link at home page.............
09:41:12.040 [main] INFO  - Enter the username at login page.............
09:41:12.114 [main] INFO  - Enter the password at login page.............
09:41:12.214 [main] INFO  - click the Login Button.............
09:41:12.559 [main] INFO  - After clicking the Login Button .............
09:41:12.579 [main] INFO  -  DS_Feature- User Successfully Logged In 
09:41:46.422 [main] INFO  - Launch the app URL.........
09:41:48.312 [main] INFO  - Application launched.......
09:41:48.342 [main] INFO  - Clicking the GetStarted Button at start page.............
09:41:48.675 [main] INFO  - Clicking the Sign In Link at home page.............
09:41:48.846 [main] INFO  - Enter the username at login page.............
09:41:48.917 [main] INFO  - Enter the password at login page.............
09:41:49.018 [main] INFO  - click the Login Button.............
09:41:49.413 [main] INFO  - After clicking the Login Button .............
09:41:49.426 [main] INFO  -  DS_Feature- User Successfully Logged In 
09:45:09.010 [main] INFO  - Launch the app URL.........
09:45:11.039 [main] INFO  - Application launched.......
09:45:11.065 [main] INFO  - Clicking the GetStarted Button at start page.............
09:45:11.407 [main] INFO  - Clicking the Sign In Link at home page.............
09:45:11.589 [main] INFO  - Enter the username at login page.............
09:45:11.664 [main] INFO  - Enter the password at login page.............
09:45:11.758 [main] INFO  - click the Login Button.............
09:45:12.095 [main] INFO  - After clicking the Login Button .............
09:45:12.110 [main] INFO  -  DS_Feature- User Successfully Logged In 
09:46:59.062 [main] INFO  - Launch the app URL.........
09:47:01.349 [main] INFO  - Application launched.......
09:47:01.379 [main] INFO  - Clicking the GetStarted Button at start page.............
09:47:01.774 [main] INFO  - Clicking the Sign In Link at home page.............
09:47:01.946 [main] INFO  - Enter the username at login page.............
09:47:02.031 [main] INFO  - Enter the password at login page.............
09:47:02.141 [main] INFO  - click the Login Button.............
09:47:02.490 [main] INFO  - After clicking the Login Button .............
09:47:02.505 [main] INFO  -  DS_Feature- User Successfully Logged In 
09:56:21.864 [main] INFO  - Launch the app URL.........
09:56:23.774 [main] INFO  - Application launched.......
09:56:23.806 [main] INFO  - Clicking the GetStarted Button at start page.............
09:56:24.116 [main] INFO  - Clicking the Sign In Link at home page.............
09:56:24.305 [main] INFO  - Enter the username at login page.............
09:56:24.386 [main] INFO  - Enter the password at login page.............
09:56:24.487 [main] INFO  - click the Login Button.............
09:56:24.841 [main] INFO  - After clicking the Login Button .............
09:56:24.854 [main] INFO  -  DS_Feature- User Successfully Logged In 
09:57:13.556 [main] INFO  - Launch the app URL.........
09:57:21.525 [main] INFO  - Application launched.......
09:57:21.555 [main] INFO  - Clicking the GetStarted Button at start page.............
09:57:21.891 [main] INFO  - Clicking the Sign In Link at home page.............
09:57:22.058 [main] INFO  - Enter the username at login page.............
09:57:22.135 [main] INFO  - Enter the password at login page.............
09:57:22.238 [main] INFO  - click the Login Button.............
09:57:22.582 [main] INFO  - After clicking the Login Button .............
09:57:22.595 [main] INFO  -  DS_Feature- User Successfully Logged In 
09:58:35.944 [main] INFO  - Launch the app URL.........
09:59:19.307 [main] INFO  - Launch the app URL.........
09:59:21.443 [main] INFO  - Application launched.......
09:59:21.478 [main] INFO  - Clicking the GetStarted Button at start page.............
09:59:21.808 [main] INFO  - Clicking the Sign In Link at home page.............
09:59:21.976 [main] INFO  - Enter the username at login page.............
09:59:22.054 [main] INFO  - Enter the password at login page.............
09:59:22.150 [main] INFO  - click the Login Button.............
09:59:22.484 [main] INFO  - After clicking the Login Button .............
09:59:22.497 [main] INFO  -  DS_Feature- User Successfully Logged In 
10:07:52.205 [main] INFO  - Launch the app URL.........
10:07:54.216 [main] INFO  - Application launched.......
10:07:54.256 [main] INFO  - Clicking the GetStarted Button at start page.............
10:07:54.727 [main] INFO  - Clicking the Sign In Link at home page.............
10:07:54.907 [main] INFO  - Enter the username at login page.............
10:07:54.980 [main] INFO  - Enter the password at login page.............
10:07:55.078 [main] INFO  - click the Login Button.............
10:07:55.443 [main] INFO  - After clicking the Login Button .............
10:07:55.454 [main] INFO  -  DS_Feature- User Successfully Logged In 
10:09:34.666 [main] INFO  - Launch the app URL.........
10:09:36.699 [main] INFO  - Application launched.......
10:09:36.744 [main] INFO  - Clicking the GetStarted Button at start page.............
10:09:37.098 [main] INFO  - Clicking the Sign In Link at home page.............
10:09:37.301 [main] INFO  - Enter the username at login page.............
10:09:37.376 [main] INFO  - Enter the password at login page.............
10:09:37.473 [main] INFO  - click the Login Button.............
10:09:37.812 [main] INFO  - After clicking the Login Button .............
10:09:37.826 [main] INFO  -  DS_Feature- User Successfully Logged In 
10:11:30.909 [main] INFO  - Launch the app URL.........
10:11:32.859 [main] INFO  - Application launched.......
10:11:32.886 [main] INFO  - Clicking the GetStarted Button at start page.............
10:11:33.282 [main] INFO  - Clicking the Sign In Link at home page.............
10:11:33.465 [main] INFO  - Enter the username at login page.............
10:11:33.539 [main] INFO  - Enter the password at login page.............
10:11:33.635 [main] INFO  - click the Login Button.............
10:11:34.043 [main] INFO  - After clicking the Login Button .............
10:11:34.055 [main] INFO  -  DS_Feature- User Successfully Logged In 
10:19:47.483 [main] INFO  - Launch the app URL.........
10:19:49.686 [main] INFO  - Application launched.......
10:19:49.728 [main] INFO  - Clicking the GetStarted Button at start page.............
10:19:50.115 [main] INFO  - Clicking the Sign In Link at home page.............
10:19:50.288 [main] INFO  - Enter the username at login page.............
10:19:50.372 [main] INFO  - Enter the password at login page.............
10:19:50.476 [main] INFO  - click the Login Button.............
10:19:50.890 [main] INFO  - After clicking the Login Button .............
10:19:50.903 [main] INFO  -  DS_Feature- User Successfully Logged In 
10:21:22.295 [main] INFO  - Launch the app URL.........
10:21:24.193 [main] INFO  - Application launched.......
10:21:24.236 [main] INFO  - Clicking the GetStarted Button at start page.............
10:21:24.649 [main] INFO  - Clicking the Sign In Link at home page.............
10:21:24.812 [main] INFO  - Enter the username at login page.............
10:21:24.881 [main] INFO  - Enter the password at login page.............
10:21:24.969 [main] INFO  - click the Login Button.............
10:21:25.336 [main] INFO  - After clicking the Login Button .............
10:21:25.351 [main] INFO  -  DS_Feature- User Successfully Logged In 
10:22:55.316 [main] INFO  - Launch the app URL.........
10:22:57.196 [main] INFO  - Application launched.......
10:22:57.223 [main] INFO  - Clicking the GetStarted Button at start page.............
10:22:57.516 [main] INFO  - Clicking the Sign In Link at home page.............
10:22:57.706 [main] INFO  - Enter the username at login page.............
10:22:57.787 [main] INFO  - Enter the password at login page.............
10:22:57.893 [main] INFO  - click the Login Button.............
10:22:58.226 [main] INFO  - After clicking the Login Button .............
10:22:58.240 [main] INFO  -  DS_Feature- User Successfully Logged In 
10:24:13.273 [main] INFO  - Launch the app URL.........
10:24:15.172 [main] INFO  - Application launched.......
10:24:15.205 [main] INFO  - Clicking the GetStarted Button at start page.............
10:24:15.544 [main] INFO  - Clicking the Sign In Link at home page.............
10:24:15.729 [main] INFO  - Enter the username at login page.............
10:24:15.809 [main] INFO  - Enter the password at login page.............
10:24:15.905 [main] INFO  - click the Login Button.............
10:24:16.232 [main] INFO  - After clicking the Login Button .............
10:24:16.239 [main] INFO  -  DS_Feature- User Successfully Logged In 
10:25:54.484 [main] INFO  - Launch the app URL.........
10:25:56.413 [main] INFO  - Application launched.......
10:25:56.465 [main] INFO  - Clicking the GetStarted Button at start page.............
10:25:56.798 [main] INFO  - Clicking the Sign In Link at home page.............
10:25:56.971 [main] INFO  - Enter the username at login page.............
10:25:57.044 [main] INFO  - Enter the password at login page.............
10:25:57.160 [main] INFO  - click the Login Button.............
10:25:57.499 [main] INFO  - After clicking the Login Button .............
10:25:57.513 [main] INFO  -  DS_Feature- User Successfully Logged In 
10:29:44.476 [main] INFO  - Launch the app URL.........
10:29:46.371 [main] INFO  - Application launched.......
10:29:46.396 [main] INFO  - Clicking the GetStarted Button at start page.............
10:29:46.741 [main] INFO  - Clicking the Sign In Link at home page.............
10:29:46.947 [main] INFO  - Enter the username at login page.............
10:29:47.042 [main] INFO  - Enter the password at login page.............
10:29:47.140 [main] INFO  - click the Login Button.............
10:29:47.538 [main] INFO  - After clicking the Login Button .............
10:29:47.548 [main] INFO  -  DS_Feature- User Successfully Logged In 
10:38:55.375 [main] INFO  - Launch the app URL.........
10:38:57.503 [main] INFO  - Application launched.......
10:38:57.533 [main] INFO  - Clicking the GetStarted Button at start page.............
10:38:57.859 [main] INFO  - Clicking the Sign In Link at home page.............
10:38:58.059 [main] INFO  - Enter the username at login page.............
10:38:58.146 [main] INFO  - Enter the password at login page.............
10:38:58.242 [main] INFO  - click the Login Button.............
10:38:58.588 [main] INFO  - After clicking the Login Button .............
10:38:58.604 [main] INFO  -  DS_Feature- User Successfully Logged In 
10:39:58.298 [main] INFO  - Launch the app URL.........
10:40:00.209 [main] INFO  - Application launched.......
10:40:00.241 [main] INFO  - Clicking the GetStarted Button at start page.............
10:40:00.625 [main] INFO  - Clicking the Sign In Link at home page.............
10:40:00.795 [main] INFO  - Enter the username at login page.............
10:40:00.918 [main] INFO  - Enter the password at login page.............
10:40:01.023 [main] INFO  - click the Login Button.............
10:40:01.393 [main] INFO  - After clicking the Login Button .............
10:40:01.409 [main] INFO  -  DS_Feature- User Successfully Logged In 
10:54:17.825 [main] INFO  - Launch the app URL.........
10:54:20.322 [main] INFO  - Application launched.......
10:54:20.368 [main] INFO  - Clicking the GetStarted Button at start page.............
10:54:20.705 [main] INFO  - Clicking the Sign In Link at home page.............
10:54:20.943 [main] INFO  - Enter the username at login page.............
10:54:21.046 [main] INFO  - Enter the password at login page.............
10:54:21.165 [main] INFO  - click the Login Button.............
10:54:21.506 [main] INFO  - After clicking the Login Button .............
10:54:21.525 [main] INFO  -  DS_Feature- User Successfully Logged In 
10:59:58.750 [main] INFO  - Launch the app URL.........
11:00:01.108 [main] INFO  - Application launched.......
11:00:01.154 [main] INFO  - Clicking the GetStarted Button at start page.............
11:00:01.470 [main] INFO  - Clicking the Sign In Link at home page.............
11:00:01.697 [main] INFO  - Enter the username at login page.............
11:00:01.813 [main] INFO  - Enter the password at login page.............
11:00:01.956 [main] INFO  - click the Login Button.............
11:00:02.286 [main] INFO  - After clicking the Login Button .............
11:00:02.298 [main] INFO  -  DS_Feature- User Successfully Logged In 
12:05:11.891 [main] INFO  - Launch the app URL.........
12:05:14.371 [main] INFO  - Application launched.......
12:05:14.426 [main] INFO  - Clicking the GetStarted Button at start page.............
12:05:14.797 [main] INFO  - Clicking the Sign In Link at home page.............
12:05:14.992 [main] INFO  - Enter the username at login page.............
12:05:15.076 [main] INFO  - Enter the password at login page.............
12:05:15.177 [main] INFO  - click the Login Button.............
12:05:15.559 [main] INFO  - After clicking the Login Button .............
12:05:15.576 [main] INFO  -  DS_Feature- User Successfully Logged In 
12:37:23.809 [main] INFO  - Launch the app URL.........
12:37:26.532 [main] INFO  - Application launched.......
12:37:26.589 [main] INFO  - Clicking the GetStarted Button at start page.............
12:37:27.232 [main] INFO  - Clicking the Sign In Link at home page.............
12:37:27.497 [main] INFO  - Enter the username at login page.............
12:37:27.577 [main] INFO  - Enter the password at login page.............
12:37:27.668 [main] INFO  - click the Login Button.............
12:37:28.092 [main] INFO  - After clicking the Login Button .............
12:37:28.111 [main] INFO  -  DS_Feature- User Successfully Logged In 
13:10:26.153 [main] INFO  - Launch the app URL.........
13:10:28.830 [main] INFO  - Application launched.......
13:10:28.875 [main] INFO  - Clicking the GetStarted Button at start page.............
13:10:29.262 [main] INFO  - Clicking the Sign In Link at home page.............
13:10:29.446 [main] INFO  - Enter the username at login page.............
13:10:29.545 [main] INFO  - Enter the password at login page.............
13:10:29.611 [main] INFO  - click the Login Button.............
13:10:29.973 [main] INFO  - After clicking the Login Button .............
13:10:29.984 [main] INFO  -  DS_Feature- User Successfully Logged In 
13:12:23.018 [main] INFO  - Launch the app URL.........
13:12:24.907 [main] INFO  - Application launched.......
13:12:24.936 [main] INFO  - Clicking the GetStarted Button at start page.............
13:12:25.296 [main] INFO  - Clicking the Sign In Link at home page.............
13:12:25.470 [main] INFO  - Enter the username at login page.............
13:12:25.547 [main] INFO  - Enter the password at login page.............
13:12:25.645 [main] INFO  - click the Login Button.............
13:12:25.977 [main] INFO  - After clicking the Login Button .............
13:12:25.988 [main] INFO  -  DS_Feature- User Successfully Logged In 
13:18:03.918 [main] INFO  - Launch the app URL.........
13:18:06.000 [main] INFO  - Application launched.......
13:18:06.041 [main] INFO  - Clicking the GetStarted Button at start page.............
13:18:06.373 [main] INFO  - Clicking the Sign In Link at home page.............
13:18:06.544 [main] INFO  - Enter the username at login page.............
13:18:06.638 [main] INFO  - Enter the password at login page.............
13:18:06.743 [main] INFO  - click the Login Button.............
13:18:07.066 [main] INFO  - After clicking the Login Button .............
13:18:07.080 [main] INFO  -  DS_Feature- User Successfully Logged In 
13:19:34.214 [main] INFO  - Launch the app URL.........
13:19:36.491 [main] INFO  - Application launched.......
13:19:36.522 [main] INFO  - Clicking the GetStarted Button at start page.............
13:19:36.874 [main] INFO  - Clicking the Sign In Link at home page.............
13:19:37.039 [main] INFO  - Enter the username at login page.............
13:19:37.105 [main] INFO  - Enter the password at login page.............
13:19:37.169 [main] INFO  - click the Login Button.............
13:19:37.542 [main] INFO  - After clicking the Login Button .............
13:19:37.553 [main] INFO  -  DS_Feature- User Successfully Logged In 
13:21:33.464 [main] INFO  - Launch the app URL.........
13:21:35.297 [main] INFO  - Application launched.......
13:21:35.354 [main] INFO  - Clicking the GetStarted Button at start page.............
13:21:35.679 [main] INFO  - Clicking the Sign In Link at home page.............
13:21:35.867 [main] INFO  - Enter the username at login page.............
13:21:35.984 [main] INFO  - Enter the password at login page.............
13:21:36.103 [main] INFO  - click the Login Button.............
13:21:36.468 [main] INFO  - After clicking the Login Button .............
13:21:36.479 [main] INFO  -  DS_Feature- User Successfully Logged In 
13:26:56.909 [main] INFO  - Launch the app URL.........
13:26:59.030 [main] INFO  - Application launched.......
13:26:59.070 [main] INFO  - Clicking the GetStarted Button at start page.............
13:26:59.444 [main] INFO  - Clicking the Sign In Link at home page.............
13:26:59.676 [main] INFO  - Enter the username at login page.............
13:26:59.762 [main] INFO  - Enter the password at login page.............
13:26:59.878 [main] INFO  - click the Login Button.............
13:27:00.193 [main] INFO  - After clicking the Login Button .............
13:27:00.222 [main] INFO  -  DS_Feature- User Successfully Logged In 
13:28:05.985 [main] INFO  - Launch the app URL.........
13:28:07.857 [main] INFO  - Application launched.......
13:28:07.887 [main] INFO  - Clicking the GetStarted Button at start page.............
13:28:08.202 [main] INFO  - Clicking the Sign In Link at home page.............
13:28:08.385 [main] INFO  - Enter the username at login page.............
13:28:08.461 [main] INFO  - Enter the password at login page.............
13:28:08.558 [main] INFO  - click the Login Button.............
13:28:08.899 [main] INFO  - After clicking the Login Button .............
13:28:08.912 [main] INFO  -  DS_Feature- User Successfully Logged In 
13:29:15.185 [main] INFO  - Launch the app URL.........
13:29:17.582 [main] INFO  - Application launched.......
13:29:17.621 [main] INFO  - Clicking the GetStarted Button at start page.............
13:29:18.003 [main] INFO  - Clicking the Sign In Link at home page.............
13:29:18.228 [main] INFO  - Enter the username at login page.............
13:29:18.410 [main] INFO  - Enter the password at login page.............
13:29:18.536 [main] INFO  - click the Login Button.............
13:29:18.859 [main] INFO  - After clicking the Login Button .............
13:29:18.887 [main] INFO  -  DS_Feature- User Successfully Logged In 
13:38:52.014 [main] INFO  - Launch the app URL.........
13:38:54.086 [main] INFO  - Application launched.......
13:38:54.123 [main] INFO  - Clicking the GetStarted Button at start page.............
13:38:54.442 [main] INFO  - Clicking the Sign In Link at home page.............
13:38:54.657 [main] INFO  - Enter the username at login page.............
13:38:54.745 [main] INFO  - Enter the password at login page.............
13:38:54.841 [main] INFO  - click the Login Button.............
13:38:55.175 [main] INFO  - After clicking the Login Button .............
13:38:55.184 [main] INFO  -  DS_Feature- User Successfully Logged In 
13:41:58.393 [main] INFO  - Launch the app URL.........
13:42:00.716 [main] INFO  - Application launched.......
13:42:00.751 [main] INFO  - Clicking the GetStarted Button at start page.............
13:42:01.358 [main] INFO  - Clicking the Sign In Link at home page.............
13:42:01.606 [main] INFO  - Enter the username at login page.............
13:42:01.692 [main] INFO  - Enter the password at login page.............
13:42:01.822 [main] INFO  - click the Login Button.............
13:42:02.200 [main] INFO  - After clicking the Login Button .............
13:42:02.217 [main] INFO  -  DS_Feature- User Successfully Logged In 
13:44:10.033 [main] INFO  - Launch the app URL.........
13:44:12.068 [main] INFO  - Application launched.......
13:44:12.098 [main] INFO  - Clicking the GetStarted Button at start page.............
13:44:12.413 [main] INFO  - Clicking the Sign In Link at home page.............
13:44:12.740 [main] INFO  - Enter the username at login page.............
13:44:12.824 [main] INFO  - Enter the password at login page.............
13:44:12.929 [main] INFO  - click the Login Button.............
13:44:13.276 [main] INFO  - After clicking the Login Button .............
13:44:13.288 [main] INFO  -  DS_Feature- User Successfully Logged In 
13:54:37.766 [main] INFO  - Launch the app URL.........
13:54:40.173 [main] INFO  - Application launched.......
13:54:40.225 [main] INFO  - Clicking the GetStarted Button at start page.............
13:54:40.600 [main] INFO  - Clicking the Sign In Link at home page.............
13:54:40.776 [main] INFO  - Enter the username at login page.............
13:54:40.855 [main] INFO  - Enter the password at login page.............
13:54:40.963 [main] INFO  - click the Login Button.............
13:54:41.316 [main] INFO  - After clicking the Login Button .............
13:54:41.331 [main] INFO  -  DS_Feature- User Successfully Logged In 
13:55:50.935 [main] INFO  - Launch the app URL.........
13:55:53.364 [main] INFO  - Application launched.......
13:55:53.412 [main] INFO  - Clicking the GetStarted Button at start page.............
13:55:53.775 [main] INFO  - Clicking the Sign In Link at home page.............
13:55:53.992 [main] INFO  - Enter the username at login page.............
13:55:54.075 [main] INFO  - Enter the password at login page.............
13:55:54.189 [main] INFO  - click the Login Button.............
13:55:54.499 [main] INFO  - After clicking the Login Button .............
13:55:54.521 [main] INFO  -  DS_Feature- User Successfully Logged In 
13:58:49.029 [main] INFO  - Launch the app URL.........
13:58:50.943 [main] INFO  - Application launched.......
13:58:50.984 [main] INFO  - Clicking the GetStarted Button at start page.............
13:58:51.284 [main] INFO  - Clicking the Sign In Link at home page.............
13:58:51.449 [main] INFO  - Enter the username at login page.............
13:58:51.534 [main] INFO  - Enter the password at login page.............
13:58:51.641 [main] INFO  - click the Login Button.............
13:58:51.970 [main] INFO  - After clicking the Login Button .............
13:58:51.984 [main] INFO  -  DS_Feature- User Successfully Logged In 
13:59:56.519 [main] INFO  - Launch the app URL.........
13:59:58.539 [main] INFO  - Application launched.......
13:59:58.577 [main] INFO  - Clicking the GetStarted Button at start page.............
13:59:58.900 [main] INFO  - Clicking the Sign In Link at home page.............
13:59:59.074 [main] INFO  - Enter the username at login page.............
13:59:59.155 [main] INFO  - Enter the password at login page.............
13:59:59.249 [main] INFO  - click the Login Button.............
13:59:59.702 [main] INFO  - After clicking the Login Button .............
13:59:59.712 [main] INFO  -  DS_Feature- User Successfully Logged In 
14:01:57.759 [main] INFO  - Launch the app URL.........
14:01:59.589 [main] INFO  - Application launched.......
14:01:59.648 [main] INFO  - Clicking the GetStarted Button at start page.............
14:02:00.016 [main] INFO  - Clicking the Sign In Link at home page.............
14:02:00.216 [main] INFO  - Enter the username at login page.............
14:02:00.304 [main] INFO  - Enter the password at login page.............
14:02:00.406 [main] INFO  - click the Login Button.............
14:02:00.735 [main] INFO  - After clicking the Login Button .............
14:02:00.743 [main] INFO  -  DS_Feature- User Successfully Logged In 
14:19:53.700 [main] INFO  - Launch the app URL.........
14:19:56.922 [main] INFO  - Application launched.......
14:19:56.963 [main] INFO  - Clicking the GetStarted Button at start page.............
14:19:57.363 [main] INFO  - Clicking the Sign In Link at home page.............
14:19:57.678 [main] INFO  - Enter the username at login page.............
14:19:57.847 [main] INFO  - Enter the password at login page.............
14:19:57.945 [main] INFO  - click the Login Button.............
14:19:58.282 [main] INFO  - After clicking the Login Button .............
14:19:58.310 [main] INFO  -  DS_Feature- User Successfully Logged In 
14:23:06.991 [main] INFO  - Launch the app URL.........
14:23:09.274 [main] INFO  - Application launched.......
14:23:09.307 [main] INFO  - Clicking the GetStarted Button at start page.............
14:23:09.662 [main] INFO  - Clicking the Sign In Link at home page.............
14:23:09.850 [main] INFO  - Enter the username at login page.............
14:23:09.927 [main] INFO  - Enter the password at login page.............
14:23:10.026 [main] INFO  - click the Login Button.............
14:23:10.378 [main] INFO  - After clicking the Login Button .............
14:23:10.392 [main] INFO  -  DS_Feature- User Successfully Logged In 
14:34:22.990 [main] INFO  - Launch the app URL.........
14:34:33.351 [main] INFO  - Application launched.......
14:34:33.403 [main] INFO  - Clicking the GetStarted Button at start page.............
14:34:33.742 [main] INFO  - Clicking the Sign In Link at home page.............
14:34:34.007 [main] INFO  - Enter the username at login page.............
14:34:34.157 [main] INFO  - Enter the password at login page.............
14:34:34.332 [main] INFO  - click the Login Button.............
14:34:34.684 [main] INFO  - After clicking the Login Button .............
14:34:34.698 [main] INFO  -  DS_Feature- User Successfully Logged In 
14:35:20.390 [main] INFO  - Launch the app URL.........
14:35:22.822 [main] INFO  - Application launched.......
14:35:22.857 [main] INFO  - Clicking the GetStarted Button at start page.............
14:35:23.200 [main] INFO  - Clicking the Sign In Link at home page.............
14:35:23.398 [main] INFO  - Enter the username at login page.............
14:35:23.478 [main] INFO  - Enter the password at login page.............
14:35:23.584 [main] INFO  - click the Login Button.............
14:35:23.971 [main] INFO  - After clicking the Login Button .............
14:35:23.986 [main] INFO  -  DS_Feature- User Successfully Logged In 
14:42:18.526 [main] INFO  - Launch the app URL.........
14:42:20.917 [main] INFO  - Application launched.......
14:42:20.959 [main] INFO  - Clicking the GetStarted Button at start page.............
14:42:21.296 [main] INFO  - Clicking the Sign In Link at home page.............
14:42:21.494 [main] INFO  - Enter the username at login page.............
14:42:21.577 [main] INFO  - Enter the password at login page.............
14:42:21.671 [main] INFO  - click the Login Button.............
14:42:22.221 [main] INFO  - After clicking the Login Button .............
14:42:22.239 [main] INFO  -  DS_Feature- User Successfully Logged In 
14:43:09.957 [main] INFO  - Launch the app URL.........
14:43:12.334 [main] INFO  - Application launched.......
14:43:12.373 [main] INFO  - Clicking the GetStarted Button at start page.............
14:43:12.733 [main] INFO  - Clicking the Sign In Link at home page.............
14:43:12.935 [main] INFO  - Enter the username at login page.............
14:43:13.018 [main] INFO  - Enter the password at login page.............
14:43:13.119 [main] INFO  - click the Login Button.............
14:43:13.606 [main] INFO  - After clicking the Login Button .............
14:43:13.623 [main] INFO  -  DS_Feature- User Successfully Logged In 
14:44:05.165 [main] INFO  - Launch the app URL.........
14:44:07.413 [main] INFO  - Application launched.......
14:44:07.467 [main] INFO  - Clicking the GetStarted Button at start page.............
14:44:07.839 [main] INFO  - Clicking the Sign In Link at home page.............
14:44:08.055 [main] INFO  - Enter the username at login page.............
14:44:08.132 [main] INFO  - Enter the password at login page.............
14:44:08.228 [main] INFO  - click the Login Button.............
14:44:08.703 [main] INFO  - After clicking the Login Button .............
14:44:08.726 [main] INFO  -  DS_Feature- User Successfully Logged In 
14:59:46.459 [main] INFO  - Launch the app URL.........
15:00:28.771 [main] INFO  - Launch the app URL.........
15:00:31.199 [main] INFO  - Application launched.......
15:00:31.251 [main] INFO  - Clicking the GetStarted Button at start page.............
15:00:31.695 [main] INFO  - Clicking the Sign In Link at home page.............
15:00:32.012 [main] INFO  - Enter the username at login page.............
15:00:32.189 [main] INFO  - Enter the password at login page.............
15:00:32.359 [main] INFO  - click the Login Button.............
15:00:32.716 [main] INFO  - After clicking the Login Button .............
15:00:32.739 [main] INFO  -  DS_Feature- User Successfully Logged In 
15:10:55.763 [main] INFO  - Launch the app URL.........
15:14:23.866 [main] INFO  - Launch the app URL.........
15:14:26.495 [main] INFO  - Application launched.......
15:14:26.558 [main] INFO  - Clicking the GetStarted Button at start page.............
15:14:26.899 [main] INFO  - Clicking the Sign In Link at home page.............
15:14:27.109 [main] INFO  - Enter the username at login page.............
15:14:27.233 [main] INFO  - Enter the password at login page.............
15:14:27.491 [main] INFO  - click the Login Button.............
15:14:27.837 [main] INFO  - After clicking the Login Button .............
15:14:27.853 [main] INFO  -  DS_Feature- User Successfully Logged In 
15:20:56.499 [main] INFO  - Launch the app URL.........
15:20:58.747 [main] INFO  - Application launched.......
15:20:58.780 [main] INFO  - Clicking the GetStarted Button at start page.............
15:20:59.132 [main] INFO  - Clicking the Sign In Link at home page.............
15:20:59.315 [main] INFO  - Enter the username at login page.............
15:20:59.405 [main] INFO  - Enter the password at login page.............
15:20:59.525 [main] INFO  - click the Login Button.............
15:20:59.875 [main] INFO  - After clicking the Login Button .............
15:20:59.886 [main] INFO  -  DS_Feature- User Successfully Logged In 
15:21:01.156 [main] INFO  - Console outout.......null
15:21:44.694 [main] INFO  - Launch the app URL.........
15:21:46.538 [main] INFO  - Application launched.......
15:21:46.570 [main] INFO  - Clicking the GetStarted Button at start page.............
15:21:46.852 [main] INFO  - Clicking the Sign In Link at home page.............
15:21:47.030 [main] INFO  - Enter the username at login page.............
15:21:47.115 [main] INFO  - Enter the password at login page.............
15:21:47.210 [main] INFO  - click the Login Button.............
15:21:47.550 [main] INFO  - After clicking the Login Button .............
15:21:47.582 [main] INFO  -  DS_Feature- User Successfully Logged In 
15:21:48.816 [main] INFO  - Console outout.......null
15:23:26.043 [main] INFO  - Launch the app URL.........
15:23:27.965 [main] INFO  - Application launched.......
15:23:27.998 [main] INFO  - Clicking the GetStarted Button at start page.............
15:23:28.286 [main] INFO  - Clicking the Sign In Link at home page.............
15:23:28.470 [main] INFO  - Enter the username at login page.............
15:23:28.558 [main] INFO  - Enter the password at login page.............
15:23:28.662 [main] INFO  - click the Login Button.............
15:23:29.001 [main] INFO  - After clicking the Login Button .............
15:23:29.025 [main] INFO  -  DS_Feature- User Successfully Logged In 
15:23:30.203 [main] INFO  - Console outout.......helloworld
15:25:55.884 [main] INFO  - Launch the app URL.........
15:25:57.843 [main] INFO  - Application launched.......
15:25:57.888 [main] INFO  - Clicking the GetStarted Button at start page.............
15:25:58.205 [main] INFO  - Clicking the Sign In Link at home page.............
15:25:58.509 [main] INFO  - Enter the username at login page.............
15:25:58.602 [main] INFO  - Enter the password at login page.............
15:25:58.701 [main] INFO  - click the Login Button.............
15:25:59.015 [main] INFO  - After clicking the Login Button .............
15:25:59.027 [main] INFO  -  DS_Feature- User Successfully Logged In 
15:26:00.248 [main] INFO  - Console output.......     Numpy Ninja
15:29:56.127 [main] INFO  - Launch the app URL.........
15:29:58.204 [main] INFO  - Application launched.......
15:29:58.235 [main] INFO  - Clicking the GetStarted Button at start page.............
15:29:59.501 [main] INFO  - Clicking the Sign In Link at home page.............
15:29:59.664 [main] INFO  - Enter the username at login page.............
15:29:59.743 [main] INFO  - Enter the password at login page.............
15:29:59.846 [main] INFO  - click the Login Button.............
15:30:00.165 [main] INFO  - After clicking the Login Button .............
15:30:00.176 [main] INFO  -  DS_Feature- User Successfully Logged In 
15:30:01.438 [main] INFO  - Console output.......     
15:30:53.002 [main] INFO  - Launch the app URL.........
15:30:54.891 [main] INFO  - Application launched.......
15:30:54.935 [main] INFO  - Clicking the GetStarted Button at start page.............
15:30:55.214 [main] INFO  - Clicking the Sign In Link at home page.............
15:30:55.396 [main] INFO  - Enter the username at login page.............
15:30:55.482 [main] INFO  - Enter the password at login page.............
15:30:55.591 [main] INFO  - click the Login Button.............
15:30:55.944 [main] INFO  - After clicking the Login Button .............
15:30:55.958 [main] INFO  -  DS_Feature- User Successfully Logged In 
15:30:57.115 [main] INFO  - Console output.......     Numpy Ninja
15:38:08.479 [main] INFO  - Launch the app URL.........
15:38:10.371 [main] INFO  - Application launched.......
15:38:10.416 [main] INFO  - Clicking the GetStarted Button at start page.............
15:38:10.721 [main] INFO  - Clicking the Sign In Link at home page.............
15:38:10.907 [main] INFO  - Enter the username at login page.............
15:38:10.986 [main] INFO  - Enter the password at login page.............
15:38:11.079 [main] INFO  - click the Login Button.............
15:38:11.417 [main] INFO  - After clicking the Login Button .............
15:38:11.433 [main] INFO  -  DS_Feature- User Successfully Logged In 
15:38:12.616 [main] INFO  - Console output.......     Numpy Ninja'Numpy Ninja'
15:40:58.985 [main] INFO  - Launch the app URL.........
15:41:06.000 [main] INFO  - Application launched.......
15:41:06.030 [main] INFO  - Clicking the GetStarted Button at start page.............
15:41:06.329 [main] INFO  - Clicking the Sign In Link at home page.............
15:41:06.495 [main] INFO  - Enter the username at login page.............
15:41:06.583 [main] INFO  - Enter the password at login page.............
15:41:06.684 [main] INFO  - click the Login Button.............
15:41:07.033 [main] INFO  - After clicking the Login Button .............
15:41:07.051 [main] INFO  -  DS_Feature- User Successfully Logged In 
15:41:08.232 [main] INFO  - Console output.......     Numpy Ninja'Numpy Ninja'
16:05:36.589 [main] INFO  - Launch the app URL.........
16:05:38.586 [main] INFO  - Application launched.......
16:05:38.638 [main] INFO  - Clicking the GetStarted Button at start page.............
16:05:39.062 [main] INFO  - Clicking the Sign In Link at home page.............
16:05:39.243 [main] INFO  - Enter the username at login page.............
16:05:39.315 [main] INFO  - Enter the password at login page.............
16:05:39.415 [main] INFO  - click the Login Button.............
16:05:39.735 [main] INFO  - After clicking the Login Button .............
16:05:39.750 [main] INFO  - Logged In to DS_Introduction page........... 
16:05:39.755 [main] INFO  - Clicking the Data Structures Introduction Get started button.....
16:05:39.972 [main] INFO  - After clicking DS_Get started button ...........
16:05:40.419 [main] INFO  - Launch the app URL.........
16:05:41.957 [main] INFO  - Application launched.......
16:05:41.968 [main] INFO  - Clicking the GetStarted Button at start page.............
16:05:42.299 [main] INFO  - Clicking the Sign In Link at home page.............
16:05:42.497 [main] INFO  - Enter the username at login page.............
16:05:42.582 [main] INFO  - Enter the password at login page.............
16:05:42.689 [main] INFO  - click the Login Button.............
16:05:43.021 [main] INFO  - After clicking the Login Button .............
16:05:43.035 [main] INFO  - Logged In to DS_Introduction page........... 
16:05:43.212 [main] INFO  - Clicking the Time Complexity button in the DS Introduction Page ...........
16:05:43.707 [main] INFO  - Launch the app URL.........
16:05:45.289 [main] INFO  - Application launched.......
16:05:45.290 [main] INFO  - Clicking the GetStarted Button at start page.............
16:05:45.632 [main] INFO  - Clicking the Sign In Link at home page.............
16:05:45.832 [main] INFO  - Enter the username at login page.............
16:05:45.914 [main] INFO  - Enter the password at login page.............
16:05:46.015 [main] INFO  - click the Login Button.............
16:05:46.351 [main] INFO  - After clicking the Login Button .............
16:05:46.369 [main] INFO  - Logged In to DS_Introduction page........... 
16:05:46.370 [main] INFO  - Clicking the Time Complexity button to check the Practice queestion link .... 
16:05:46.727 [main] INFO  - Clicking the Practice question link ..... 
16:05:47.194 [main] INFO  - Launch the app URL.........
16:05:48.720 [main] INFO  - Application launched.......
16:05:48.723 [main] INFO  - Clicking the GetStarted Button at start page.............
16:05:49.030 [main] INFO  - Clicking the Sign In Link at home page.............
16:05:49.186 [main] INFO  - Enter the username at login page.............
16:05:49.275 [main] INFO  - Enter the password at login page.............
16:05:49.372 [main] INFO  - click the Login Button.............
16:05:49.744 [main] INFO  - After clicking the Login Button .............
16:05:49.756 [main] INFO  - Logged In to DS_Introduction page........... 
16:05:49.759 [main] INFO  - Clicking the Time Complexity button from the left panel ........ 
16:05:50.448 [main] INFO  - Launch the app URL.........
16:05:56.482 [main] INFO  - Launch the app URL.........
16:05:57.890 [main] INFO  - Application launched.......
16:05:57.891 [main] INFO  - Clicking the GetStarted Button at start page.............
16:05:58.206 [main] INFO  - Clicking the Sign In Link at home page.............
16:05:58.369 [main] INFO  - Enter the username at login page.............
16:05:58.438 [main] INFO  - Enter the password at login page.............
16:05:58.542 [main] INFO  - click the Login Button.............
16:05:58.925 [main] INFO  - After clicking the Login Button .............
16:05:58.941 [main] INFO  - Logged In to DS_Introduction page........... 
16:05:59.905 [main] INFO  - Launch the app URL.........
16:06:01.419 [main] INFO  - Application launched.......
16:06:01.420 [main] INFO  - Clicking the GetStarted Button at start page.............
16:06:01.757 [main] INFO  - Clicking the Sign In Link at home page.............
16:06:01.995 [main] INFO  - Enter the username at login page.............
16:06:02.077 [main] INFO  - Enter the password at login page.............
16:06:02.178 [main] INFO  - click the Login Button.............
16:06:02.538 [main] INFO  - After clicking the Login Button .............
16:06:02.550 [main] INFO  - Logged In to DS_Introduction page........... 
16:06:02.552 [main] INFO  - Clicking the Try Editor Page   
16:06:03.838 [main] INFO  - Console output.......     Numpy Ninja'Numpy Ninja'
16:06:04.096 [main] INFO  - Launch the app URL.........
16:06:05.568 [main] INFO  - Application launched.......
16:06:05.570 [main] INFO  - Clicking the GetStarted Button at start page.............
16:06:05.929 [main] INFO  - Clicking the Sign In Link at home page.............
16:06:06.097 [main] INFO  - Enter the username at login page.............
16:06:06.164 [main] INFO  - Enter the password at login page.............
16:06:06.257 [main] INFO  - click the Login Button.............
16:06:06.624 [main] INFO  - After clicking the Login Button .............
16:06:06.637 [main] INFO  - Logged In to DS_Introduction page........... 
16:11:01.297 [main] INFO  - Launch the app URL.........
16:11:03.223 [main] INFO  - Application launched.......
16:11:03.254 [main] INFO  - Clicking the GetStarted Button at start page.............
16:11:03.541 [main] INFO  - Clicking the Sign In Link at home page.............
16:11:03.726 [main] INFO  - Enter the username at login page.............
16:11:03.801 [main] INFO  - Enter the password at login page.............
16:11:03.902 [main] INFO  - click the Login Button.............
16:11:04.228 [main] INFO  - After clicking the Login Button .............
16:11:04.250 [main] INFO  - Logged In to DS_Introduction page........... 
16:12:03.030 [main] INFO  - Launch the app URL.........
16:12:04.851 [main] INFO  - Application launched.......
16:12:04.891 [main] INFO  - Clicking the GetStarted Button at start page.............
16:12:05.217 [main] INFO  - Clicking the Sign In Link at home page.............
16:12:05.399 [main] INFO  - Enter the username at login page.............
16:12:05.487 [main] INFO  - Enter the password at login page.............
16:12:05.591 [main] INFO  - click the Login Button.............
16:12:05.927 [main] INFO  - After clicking the Login Button .............
16:12:05.938 [main] INFO  - Logged In to DS_Introduction page........... 
16:12:06.941 [main] INFO  - Alert Message in Python Editor SyntaxError: bad input on line 1
16:13:30.482 [main] INFO  - Launch the app URL.........
16:13:32.414 [main] INFO  - Application launched.......
16:13:32.450 [main] INFO  - Clicking the GetStarted Button at start page.............
16:13:32.772 [main] INFO  - Clicking the Sign In Link at home page.............
16:13:32.955 [main] INFO  - Enter the username at login page.............
16:13:33.080 [main] INFO  - Enter the password at login page.............
