22:59:29.115 [main] INFO  - Launch the app URL.........
22:59:33.820 [main] INFO  - Application launched.......
22:59:33.931 [main] INFO  - Clicking the GetStarted Button at start page.............
22:59:34.656 [main] INFO  - Clicking the Sign In Link at home page.............
22:59:35.120 [main] INFO  - Enter the username at login page.............
22:59:35.422 [main] INFO  - Enter the password at login page.............
22:59:35.609 [main] INFO  - click the Login Button.............
22:59:36.089 [main] INFO  - After clicking the Login Button .............
22:59:36.131 [main] INFO  - Logged In to DS_Introduction page........... 
23:03:04.350 [main] INFO  - Launch the app URL.........
23:03:07.559 [main] INFO  - Application launched.......
23:03:07.672 [main] INFO  - User clicks the GetStarted Button at start page and clicks the Sign In.. 
23:03:08.367 [main] INFO  - User login with valid username and password..........
23:03:09.297 [main] INFO  - Clicking the Array Page After Login..........
23:03:13.165 [main] INFO  - Launch the app URL.........
23:03:28.935 [main] INFO  - Application launched.......
23:03:28.939 [main] INFO  - User clicks the GetStarted Button at start page and clicks the Sign In.. 
23:03:29.991 [main] INFO  - User login with valid username and password..........
23:03:30.737 [main] INFO  - Clicking the Array Page After Login..........
23:03:33.950 [main] INFO  - Launch the app URL.........
23:03:37.247 [main] INFO  - Application launched.......
23:03:37.250 [main] INFO  - User clicks the GetStarted Button at start page and clicks the Sign In.. 
23:03:38.230 [main] INFO  - User login with valid username and password..........
23:03:38.863 [main] INFO  - Clicking the Array Page After Login..........
23:03:44.254 [main] INFO  - Launch the app URL.........
23:03:46.756 [main] INFO  - Application launched.......
23:03:46.758 [main] INFO  - User clicks the GetStarted Button at start page and clicks the Sign In.. 
23:03:47.800 [main] INFO  - User login with valid username and password..........
23:03:48.430 [main] INFO  - Clicking the Array Page After Login..........
23:03:51.492 [main] INFO  - Launch the app URL.........
23:03:53.969 [main] INFO  - Application launched.......
23:03:53.976 [main] INFO  - User clicks the GetStarted Button at start page and clicks the Sign In.. 
23:03:54.890 [main] INFO  - User login with valid username and password..........
23:03:55.679 [main] INFO  - Clicking the Array Page After Login..........
23:03:56.690 [main] INFO  - Clicking the TryHere Button......
23:04:02.594 [main] INFO  - Launch the app URL.........
23:04:06.373 [main] INFO  - Application launched.......
23:04:06.470 [main] INFO  - User clicks the GetStarted Button at start page and clicks the Sign In.. 
23:04:07.018 [main] INFO  - User login with valid username and password..........
23:04:07.599 [main] INFO  - Clicking the Array Page After Login..........
23:04:08.982 [main] INFO  - Entering valid python code..........
23:04:09.580 [main] INFO  - Console output.......     Numpy Ninja'Numpy Ninja'
23:04:11.997 [main] INFO  - Launch the app URL.........
23:04:14.016 [main] INFO  - Application launched.......
23:04:14.022 [main] INFO  - User clicks the GetStarted Button at start page and clicks the Sign In.. 
23:04:14.676 [main] INFO  - User login with valid username and password..........
23:04:15.310 [main] INFO  - Clicking the Array Page After Login..........
23:04:16.634 [main] INFO  - Entering valid python code..........
23:04:17.590 [main] INFO  - Console output.......     Numpy Ninja'Numpy Ninja'
23:04:21.316 [main] INFO  - Launch the app URL.........
23:04:24.441 [main] INFO  - Application launched.......
23:04:24.445 [main] INFO  - User clicks the GetStarted Button at start page and clicks the Sign In.. 
23:04:25.103 [main] INFO  - User login with valid username and password..........
23:04:25.721 [main] INFO  - Clicking the Array Page After Login..........
23:04:36.113 [main] INFO  - Launch the app URL.........
23:04:38.633 [main] INFO  - Application launched.......
23:04:38.635 [main] INFO  - User clicks the GetStarted Button at start page and clicks the Sign In.. 
23:04:39.374 [main] INFO  - User login with valid username and password..........
23:04:40.019 [main] INFO  - Clicking the Array Page After Login..........
23:04:48.476 [main] INFO  - Launch the app URL.........
23:04:53.410 [main] INFO  - Application launched.......
23:04:53.414 [main] INFO  - User clicks the GetStarted Button at start page and clicks the Sign In.. 
23:04:54.274 [main] INFO  - User login with valid username and password..........
23:04:55.133 [main] INFO  - Clicking the Array Page After Login..........
23:04:58.432 [main] INFO  - Launch the app URL.........
23:05:01.511 [main] INFO  - Application launched.......
23:05:01.514 [main] INFO  - User clicks the GetStarted Button at start page and clicks the Sign In.. 
23:05:02.162 [main] INFO  - User login with valid username and password..........
23:05:02.828 [main] INFO  - Clicking the Array Page After Login..........
23:05:07.206 [main] INFO  - Launch the app URL.........
23:05:09.710 [main] INFO  - Launch the app URL.........
23:05:12.877 [main] INFO  - Application launched.......
23:05:12.881 [main] INFO  - User clicks the GetStarted Button at start page and clicks the Sign In.. 
23:05:13.518 [main] INFO  - User login with valid username and password..........
23:05:14.204 [main] INFO  - Clicking the Array Page After Login..........
23:05:18.135 [main] INFO  - Launch the app URL.........
23:05:21.556 [main] INFO  - Application launched.......
23:05:21.558 [main] INFO  - User clicks the GetStarted Button at start page and clicks the Sign In.. 
23:05:22.121 [main] INFO  - User login with valid username and password..........
23:05:22.782 [main] INFO  - Clicking the Array Page After Login..........
23:05:23.991 [main] INFO  - Entering valid python code..........
23:05:24.549 [main] INFO  - Console output.......     Numpy Ninja'Numpy Ninja'
23:05:27.682 [main] INFO  - Launch the app URL.........
23:05:29.866 [main] INFO  - Application launched.......
23:05:29.868 [main] INFO  - User clicks the GetStarted Button at start page and clicks the Sign In.. 
23:05:30.564 [main] INFO  - User login with valid username and password..........
23:05:31.201 [main] INFO  - Clicking the Array Page After Login..........
23:05:32.471 [main] INFO  - Entering valid python code..........
23:05:33.635 [main] INFO  - Console output.......     Numpy Ninja'Numpy Ninja'
23:05:36.169 [main] INFO  - Launch the app URL.........
23:05:38.806 [main] INFO  - Application launched.......
23:05:38.808 [main] INFO  - User clicks the GetStarted Button at start page and clicks the Sign In.. 
23:05:39.406 [main] INFO  - User login with valid username and password..........
23:05:40.056 [main] INFO  - Clicking the Array Page After Login..........
23:05:45.951 [main] INFO  - Launch the app URL.........
23:05:48.995 [main] INFO  - Application launched.......
23:05:49.004 [main] INFO  - User clicks the GetStarted Button at start page and clicks the Sign In.. 
23:05:49.799 [main] INFO  - User login with valid username and password..........
23:05:50.410 [main] INFO  - Clicking the Array Page After Login..........
23:05:50.868 [main] INFO  - Clicking the TryHere Button......
23:05:54.534 [main] INFO  - Launch the app URL.........
23:05:57.087 [main] INFO  - Application launched.......
23:05:57.089 [main] INFO  - User clicks the GetStarted Button at start page and clicks the Sign In.. 
23:05:57.803 [main] INFO  - User login with valid username and password..........
23:05:58.460 [main] INFO  - Clicking the Array Page After Login..........
23:05:59.775 [main] INFO  - Entering valid python code..........
23:06:00.500 [main] INFO  - Console output.......     Numpy Ninja'Numpy Ninja'
23:06:03.647 [main] INFO  - Launch the app URL.........
23:06:07.563 [main] INFO  - Application launched.......
23:06:07.565 [main] INFO  - User clicks the GetStarted Button at start page and clicks the Sign In.. 
23:06:08.298 [main] INFO  - User login with valid username and password..........
23:06:08.884 [main] INFO  - Clicking the Array Page After Login..........
23:06:10.006 [main] INFO  - Entering valid python code..........
23:06:10.573 [main] INFO  - Console output.......     Numpy Ninja'Numpy Ninja'
23:06:14.797 [main] INFO  - Launch the app URL.........
23:06:17.442 [main] INFO  - Application launched.......
23:06:17.445 [main] INFO  - User clicks the GetStarted Button at start page and clicks the Sign In.. 
23:06:18.230 [main] INFO  - User login with valid username and password..........
23:06:19.631 [main] INFO  - Clicking the Array Page After Login..........
23:06:24.323 [main] INFO  - Launch the app URL.........
23:06:27.151 [main] INFO  - Application launched.......
23:06:27.156 [main] INFO  - User clicks the GetStarted Button at start page and clicks the Sign In.. 
23:06:27.926 [main] INFO  - User login with valid username and password..........
23:06:28.552 [main] INFO  - Clicking the Array Page After Login..........
23:06:29.072 [main] INFO  - Clicking the TryHere Button......
23:06:32.144 [main] INFO  - Launch the app URL.........
23:06:34.074 [main] INFO  - Application launched.......
23:06:34.076 [main] INFO  - User clicks the GetStarted Button at start page and clicks the Sign In.. 
23:06:34.887 [main] INFO  - User login with valid username and password..........
23:06:35.524 [main] INFO  - Clicking the Array Page After Login..........
23:06:37.271 [main] INFO  - Entering valid python code..........
23:06:38.016 [main] INFO  - Console output.......     Numpy Ninja'Numpy Ninja'
23:06:40.006 [main] INFO  - Launch the app URL.........
23:06:42.643 [main] INFO  - Application launched.......
23:06:42.645 [main] INFO  - User clicks the GetStarted Button at start page and clicks the Sign In.. 
23:06:43.388 [main] INFO  - User login with valid username and password..........
23:06:43.987 [main] INFO  - Clicking the Array Page After Login..........
23:06:45.231 [main] INFO  - Entering valid python code..........
23:06:45.783 [main] INFO  - Console output.......     Numpy Ninja'Numpy Ninja'
23:06:48.112 [main] INFO  - Launch the app URL.........
23:06:59.947 [main] INFO  - Launch the app URL.........
23:07:03.259 [main] INFO  - Application launched.......
23:07:03.261 [main] INFO  - User clicks the GetStarted Button at start page and clicks the Sign In.. 
23:07:03.978 [main] INFO  - User login with valid username and password..........
23:07:04.555 [main] INFO  - Clicking the Array Page After Login..........
23:07:04.960 [main] INFO  - Clicking the TryHere Button......
23:07:07.702 [main] INFO  - Launch the app URL.........
23:07:24.029 [main] INFO  - Application launched.......
23:07:24.039 [main] INFO  - User clicks the GetStarted Button at start page and clicks the Sign In.. 
23:07:24.861 [main] INFO  - User login with valid username and password..........
23:07:25.520 [main] INFO  - Clicking the Array Page After Login..........
23:07:29.966 [main] INFO  - Alert Message in search the Array using Invalid Code --->
23:07:30.071 [main] INFO  - Alert Message ... > SyntaxError: bad input on line 1
23:07:32.053 [main] INFO  - Launch the app URL.........
23:07:37.357 [main] INFO  - Application launched.......
23:07:37.359 [main] INFO  - User clicks the GetStarted Button at start page and clicks the Sign In.. 
23:07:38.173 [main] INFO  - User login with valid username and password..........
23:07:38.812 [main] INFO  - Clicking the Array Page After Login..........
23:07:42.637 [main] INFO  - Sheet Result..> exist,Console Output:exist
23:07:43.189 [main] INFO  - Launch the app URL.........
23:07:45.136 [main] INFO  - Application launched.......
23:07:45.144 [main] INFO  - User clicks the GetStarted Button at start page and clicks the Sign In.. 
23:07:45.996 [main] INFO  - User login with valid username and password..........
23:07:46.567 [main] INFO  - Clicking the Array Page After Login..........
23:07:50.624 [main] INFO  - Validating Console output for Max Consecutive Page --->
23:07:50.681 [main] INFO  - Sheet Result..> 2,Console Output:2
23:07:50.913 [main] INFO  - Launch the app URL.........
23:07:52.876 [main] INFO  - Application launched.......
23:07:52.878 [main] INFO  - User clicks the GetStarted Button at start page and clicks the Sign In.. 
23:07:53.589 [main] INFO  - User login with valid username and password..........
23:07:54.378 [main] INFO  - Clicking the Array Page After Login..........
23:08:00.535 [main] INFO  - Alert Message ... > SyntaxError: unindent does not match any outer indentation level on line 11
23:08:01.775 [main] INFO  - Launch the app URL.........
23:08:05.700 [main] INFO  - Application launched.......
23:08:05.702 [main] INFO  - User clicks the GetStarted Button at start page and clicks the Sign In.. 
23:08:06.926 [main] INFO  - User login with valid username and password..........
23:08:07.585 [main] INFO  - Clicking the Array Page After Login..........
23:08:12.414 [main] INFO  - Sheet Result..> 2,Console Output:2
23:08:12.891 [main] INFO  - Launch the app URL.........
23:08:15.875 [main] INFO  - Application launched.......
23:08:15.877 [main] INFO  - User clicks the GetStarted Button at start page and clicks the Sign In.. 
23:08:16.657 [main] INFO  - User login with valid username and password..........
23:08:17.305 [main] INFO  - Clicking the Array Page After Login..........
23:08:20.769 [main] INFO  - Alert Message ... > SyntaxError: bad input on line 3
23:08:21.381 [main] INFO  - Launch the app URL.........
23:08:34.284 [main] INFO  - Launch the app URL.........
23:08:41.455 [main] INFO  - Application launched.......
23:08:41.458 [main] INFO  - User clicks the GetStarted Button at start page and clicks the Sign In.. 
23:08:42.205 [main] INFO  - User login with valid username and password..........
23:08:42.793 [main] INFO  - Clicking the Array Page After Login..........
23:08:47.055 [main] INFO  - Alert Message ... > SyntaxError: unindent does not match any outer indentation level on line 9
23:08:49.906 [main] INFO  - Launch the app URL.........
23:08:51.970 [main] INFO  - Application launched.......
23:08:51.973 [main] INFO  - User clicks the GetStarted Button at start page and clicks the Sign In.. 
23:08:52.723 [main] INFO  - User login with valid username and password..........
23:08:53.305 [main] INFO  - Clicking the Array Page After Login..........
23:08:57.538 [main] INFO  - Sheet Result..> Submission Successful,Console Output:
23:08:58.890 [main] INFO  - Launch the app URL.........
23:09:01.435 [main] INFO  - Application launched.......
23:09:01.440 [main] INFO  - User clicks the GetStarted Button at start page and clicks the Sign In.. 
23:09:02.235 [main] INFO  - User login with valid username and password..........
23:09:02.980 [main] INFO  - Clicking the Array Page After Login..........
23:09:08.308 [main] INFO  - Sheet Result..> Submission Successful,Console Output:
23:09:11.009 [main] INFO  - Launch the app URL.........
23:09:14.012 [main] INFO  - Application launched.......
23:09:14.014 [main] INFO  - User clicks the GetStarted Button at start page and clicks the Sign In.. 
23:09:14.748 [main] INFO  - User login with valid username and password..........
23:09:15.308 [main] INFO  - Clicking the Array Page After Login..........
23:09:19.715 [main] INFO  - Sheet Result..> Submission Successful,Console Output:
23:09:21.966 [main] INFO  - Launch the app URL.........
23:09:25.569 [main] INFO  - Application launched.......
23:09:25.571 [main] INFO  - User clicks the GetStarted Button at start page and clicks the Sign In.. 
23:09:26.345 [main] INFO  - User login with valid username and password..........
23:09:26.984 [main] INFO  - Clicking the Array Page After Login..........
23:09:30.983 [main] INFO  - Sheet Result..> Submission Successful,Console Output:
23:09:33.066 [main] INFO  - Launch the app URL.........
23:09:36.180 [main] INFO  - Application launched.......
23:09:36.183 [main] INFO  - Clicking the GetStarted Button at start page.............
23:09:36.724 [main] INFO  - Clicking the Sign In Link at home page.............
23:09:37.130 [main] INFO  - Enter the username at login page.............
23:09:37.266 [main] INFO  - Enter the password at login page.............
23:09:37.379 [main] INFO  - click the Login Button.............
23:09:37.773 [main] INFO  - After clicking the Login Button .............
23:09:37.813 [main] INFO  - Logged In to DS_Introduction page........... 
23:09:37.828 [main] INFO  - Clicking the Data Structures Introduction Get started button.....
23:09:38.144 [main] INFO  - After clicking DS_Get started button ...........
23:09:41.209 [main] INFO  - Launch the app URL.........
23:09:44.398 [main] INFO  - Application launched.......
23:09:44.400 [main] INFO  - Clicking the GetStarted Button at start page.............
23:09:44.939 [main] INFO  - Clicking the Sign In Link at home page.............
23:09:45.278 [main] INFO  - Enter the username at login page.............
23:09:45.449 [main] INFO  - Enter the password at login page.............
23:09:45.616 [main] INFO  - click the Login Button.............
23:09:46.013 [main] INFO  - After clicking the Login Button .............
23:09:46.049 [main] INFO  - Logged In to DS_Introduction page........... 
23:09:46.572 [main] INFO  - Clicking the Time Complexity button in the DS Introduction Page ...........
23:09:51.773 [main] INFO  - Launch the app URL.........
23:10:04.515 [main] INFO  - Application launched.......
23:10:04.517 [main] INFO  - Clicking the GetStarted Button at start page.............
23:10:05.410 [main] INFO  - Clicking the Sign In Link at home page.............
23:10:05.772 [main] INFO  - Enter the username at login page.............
23:10:05.935 [main] INFO  - Enter the password at login page.............
23:10:06.124 [main] INFO  - click the Login Button.............
23:10:06.621 [main] INFO  - After clicking the Login Button .............
23:10:06.644 [main] INFO  - Logged In to DS_Introduction page........... 
23:10:06.645 [main] INFO  - Clicking the Time Complexity button to check the Practice queestion link .... 
23:10:07.285 [main] INFO  - Clicking the Practice question link ..... 
23:10:09.733 [main] INFO  - Launch the app URL.........
23:10:13.140 [main] INFO  - Application launched.......
23:10:13.143 [main] INFO  - Clicking the GetStarted Button at start page.............
23:10:13.763 [main] INFO  - Clicking the Sign In Link at home page.............
23:10:14.095 [main] INFO  - Enter the username at login page.............
23:10:14.189 [main] INFO  - Enter the password at login page.............
23:10:14.301 [main] INFO  - click the Login Button.............
23:10:14.763 [main] INFO  - After clicking the Login Button .............
23:10:14.772 [main] INFO  - Logged In to DS_Introduction page........... 
23:10:14.773 [main] INFO  - Clicking the Time Complexity button from the left panel ........ 
23:10:18.309 [main] INFO  - Launch the app URL.........
23:10:22.688 [main] INFO  - Application launched.......
23:10:22.694 [main] INFO  - Clicking the GetStarted Button at start page.............
23:10:23.471 [main] INFO  - Clicking the Sign In Link at home page.............
23:10:23.855 [main] INFO  - Enter the username at login page.............
23:10:24.118 [main] INFO  - Enter the password at login page.............
23:10:24.319 [main] INFO  - click the Login Button.............
23:10:24.824 [main] INFO  - After clicking the Login Button .............
23:10:24.845 [main] INFO  - Logged In to DS_Introduction page........... 
23:10:24.845 [main] INFO  - Clicking the Time Complexity button ..... 
23:10:25.378 [main] INFO  - Clicking the TryHere Button......
23:10:27.340 [main] INFO  - Launch the app URL.........
23:10:31.207 [main] INFO  - Application launched.......
23:10:31.209 [main] INFO  - Clicking the GetStarted Button at start page.............
23:10:31.614 [main] INFO  - Clicking the Sign In Link at home page.............
23:10:31.796 [main] INFO  - Enter the username at login page.............
23:10:31.876 [main] INFO  - Enter the password at login page.............
23:10:31.987 [main] INFO  - click the Login Button.............
23:10:32.357 [main] INFO  - After clicking the Login Button .............
23:10:32.394 [main] INFO  - Logged In to DS_Introduction page........... 
23:10:35.332 [main] INFO  - Launch the app URL.........
23:10:39.908 [main] INFO  - Application launched.......
23:10:39.912 [main] INFO  - Clicking the GetStarted Button at start page.............
23:10:40.499 [main] INFO  - Clicking the Sign In Link at home page.............
23:10:40.815 [main] INFO  - Enter the username at login page.............
23:10:41.109 [main] INFO  - Enter the password at login page.............
23:10:41.279 [main] INFO  - click the Login Button.............
23:10:41.798 [main] INFO  - After clicking the Login Button .............
23:10:41.807 [main] INFO  - Logged In to DS_Introduction page........... 
23:10:41.809 [main] INFO  - Clicking the Try Editor Page   
23:10:43.531 [main] INFO  - Entering valid python code..........
23:10:44.111 [main] INFO  - Console output.......     Numpy Ninja'Numpy Ninja'
23:10:46.565 [main] INFO  - Launch the app URL.........
23:10:49.668 [main] INFO  - Application launched.......
23:10:49.670 [main] INFO  - Clicking the GetStarted Button at start page.............
23:10:50.145 [main] INFO  - Clicking the Sign In Link at home page.............
23:10:50.431 [main] INFO  - Enter the username at login page.............
23:10:50.533 [main] INFO  - Enter the password at login page.............
23:10:50.659 [main] INFO  - click the Login Button.............
23:10:51.043 [main] INFO  - After clicking the Login Button .............
23:10:51.058 [main] INFO  - Logged In to DS_Introduction page........... 
23:10:52.289 [main] INFO  - User Entering invalid pythod code on the editor ..... 
23:10:52.874 [main] INFO  - Alert Message in Python Editor SyntaxError: bad input on line 1
23:10:55.265 [main] INFO  - Launch the app URL.........
23:11:00.807 [main] INFO  - Application launched.......
23:11:00.810 [main] INFO  - Clicking the GetStarted Button at start page.............
23:11:01.443 [main] INFO  - Clicking the Sign In Link at home page.............
23:11:01.757 [main] INFO  - Enter the username at login page.............
23:11:02.095 [main] INFO  - Enter the password at login page.............
23:11:02.290 [main] INFO  - click the Login Button.............
23:11:02.794 [main] INFO  - After clicking the Login Button .............
23:11:02.844 [main] INFO  - Logged In to DS_Introduction page........... 
23:11:05.507 [main] INFO  - Launch the app URL.........
23:11:08.703 [main] INFO  - Application launched.......
23:11:08.905 [main] INFO  - Clicking the GetStarted Button.............
23:11:09.653 [main] INFO  - Check display of Home Page............
23:11:09.718 [main] INFO  - Home page is displayed
23:11:12.081 [main] INFO  - Launch the app URL.........
23:11:15.694 [main] INFO  - Application launched.......
23:11:15.696 [main] INFO  - Check the display of Copyright@NumpyNinja2021............
23:11:15.744 [main] INFO  - Copyright@NumpyNinja2021 is displayed
23:11:18.906 [main] INFO  - Launch the app URL.........
23:11:24.816 [main] INFO  - Application launched.......
23:11:27.963 [main] INFO  - Launch the app URL.........
23:11:30.148 [main] INFO  - Application launched.......
23:11:34.513 [main] INFO  - Launch the app URL.........
23:11:38.174 [main] INFO  - Application launched.......
23:11:40.584 [main] INFO  - Launch the app URL.........
23:12:43.036 [main] INFO  - Launch the app URL.........
23:12:46.818 [main] INFO  - Application launched.......
23:12:46.820 [main] INFO  - Clicking the GetStarted Button.............
23:12:47.272 [main] INFO  - Clicking the GetStarted Button at home page.............
23:12:47.555 [main] INFO  - Check the display of 'You are notlogged in' error message.............
23:12:50.975 [main] INFO  - Launch the app URL.........
23:13:11.424 [main] INFO  - Application launched.......
23:13:11.427 [main] INFO  - Clicking the GetStarted Button.............
23:13:11.824 [main] INFO  - Clicking the GetStarted Button at home page.............
23:13:12.174 [main] INFO  - Check the display of 'You are notlogged in' error message.............
23:13:16.349 [main] INFO  - Launch the app URL.........
23:13:18.726 [main] INFO  - Application launched.......
23:13:18.727 [main] INFO  - Clicking the GetStarted Button.............
23:13:19.278 [main] INFO  - Clicking the GetStarted Button at home page.............
23:13:19.748 [main] INFO  - Check the display of 'You are notlogged in' error message.............
23:13:26.838 [main] INFO  - Launch the app URL.........
23:13:31.957 [main] INFO  - Application launched.......
23:13:31.958 [main] INFO  - Clicking the GetStarted Button.............
23:13:32.780 [main] INFO  - Clicking the GetStarted Button at home page.............
23:13:33.156 [main] INFO  - Check the display of 'You are notlogged in' error message.............
23:13:42.366 [main] INFO  - Launch the app URL.........
23:13:46.340 [main] INFO  - Application launched.......
23:13:46.342 [main] INFO  - Clicking the GetStarted Button.............
23:13:46.810 [main] INFO  - Clicking the GetStarted Button at home page.............
23:13:47.119 [main] INFO  - Check the display of 'You are notlogged in' error message.............
23:13:49.982 [main] INFO  - Launch the app URL.........
23:13:53.017 [main] INFO  - Application launched.......
23:13:53.019 [main] INFO  - Clicking the GetStarted Button.............
23:13:53.441 [main] INFO  - Clicking the GetStarted Button at home page.............
23:13:53.754 [main] INFO  - Check the display of 'You are notlogged in' error message.............
23:13:56.432 [main] INFO  - Launch the app URL.........
23:14:15.304 [main] INFO  - Application launched.......
23:14:15.307 [main] INFO  - Clicking the GetStarted Button.............
23:14:15.453 [main] INFO  - User sign in to the app with valid username and password.. 
23:14:31.611 [main] INFO  - Launch the app URL.........
23:14:35.003 [main] INFO  - Application launched.......
23:14:35.004 [main] INFO  - Clicking the GetStarted Button.............
23:14:35.488 [main] INFO  - User sign in to the app with valid username and password.. 
23:14:36.673 [main] INFO  - Clicking the GetStarted Button at home page.............
23:14:36.948 [main] INFO  - Verify that the Array page is displayed............
23:14:39.404 [main] INFO  - Launch the app URL.........
23:14:43.253 [main] INFO  - Application launched.......
23:14:43.255 [main] INFO  - Clicking the GetStarted Button.............
23:14:43.854 [main] INFO  - User sign in to the app with valid username and password.. 
23:14:44.736 [main] INFO  - Clicking the GetStarted Button at home page.............
23:14:44.999 [main] INFO  - Verify that the Linked List page is displayed............
23:14:48.931 [main] INFO  - Launch the app URL.........
23:14:52.062 [main] INFO  - Application launched.......
23:14:52.063 [main] INFO  - Clicking the GetStarted Button.............
23:14:53.205 [main] INFO  - User sign in to the app with valid username and password.. 
23:14:55.886 [main] INFO  - Clicking the GetStarted Button at home page.............
23:14:56.798 [main] INFO  - Verify that the Stack page is displayed............
23:15:01.339 [main] INFO  - Launch the app URL.........
23:15:11.564 [main] INFO  - Application launched.......
23:15:11.566 [main] INFO  - Clicking the GetStarted Button.............
23:15:12.147 [main] INFO  - User sign in to the app with valid username and password.. 
23:15:13.548 [main] INFO  - Clicking the GetStarted Button at home page.............
23:15:13.824 [main] INFO  - Verify that the Queue page is displayed............
23:15:16.069 [main] INFO  - Launch the app URL.........
23:15:27.215 [main] INFO  - Application launched.......
23:15:27.216 [main] INFO  - Clicking the GetStarted Button.............
23:15:27.752 [main] INFO  - User sign in to the app with valid username and password.. 
23:15:28.740 [main] INFO  - Clicking the GetStarted Button at home page.............
23:15:29.230 [main] INFO  - Verify that the Tree page is displayed............
23:15:33.698 [main] INFO  - Launch the app URL.........
23:15:36.529 [main] INFO  - Application launched.......
23:15:36.532 [main] INFO  - Clicking the GetStarted Button.............
23:15:36.965 [main] INFO  - User sign in to the app with valid username and password.. 
23:15:37.821 [main] INFO  - Clicking the GetStarted Button at home page.............
23:15:38.010 [main] INFO  - Verify that the Graph page is displayed............
23:15:39.230 [main] INFO  - Launch the app URL.........
23:15:51.615 [main] INFO  - Application launched.......
23:15:51.617 [main] INFO  - Clicking the GetStarted Button.............
23:15:52.090 [main] INFO  - User selects Array value of DataStructure dropdown....
23:15:52.600 [main] INFO  - Check the display of 'You are notlogged in' error message.............
23:15:55.503 [main] INFO  - Launch the app URL.........
23:15:59.199 [main] INFO  - Application launched.......
23:15:59.203 [main] INFO  - Clicking the GetStarted Button.............
23:15:59.599 [main] INFO  - User selects Linked List value of DataStructure dropdown....
23:15:59.896 [main] INFO  - Check the display of 'You are notlogged in' error message.............
23:16:02.182 [main] INFO  - Launch the app URL.........
23:16:05.235 [main] INFO  - Application launched.......
23:16:05.236 [main] INFO  - Clicking the GetStarted Button.............
23:16:05.713 [main] INFO  - User selects Stack value of DataStructure dropdown....
23:16:06.106 [main] INFO  - Check the display of 'You are notlogged in' error message.............
23:16:10.967 [main] INFO  - Launch the app URL.........
23:16:22.493 [main] INFO  - Application launched.......
23:16:22.495 [main] INFO  - Clicking the GetStarted Button.............
23:16:22.991 [main] INFO  - User selects Queue value of DataStructure dropdown....
23:16:35.931 [main] INFO  - Launch the app URL.........
23:16:46.654 [main] INFO  - Application launched.......
23:16:46.656 [main] INFO  - Clicking the GetStarted Button.............
23:16:47.177 [main] INFO  - User selects Tree value of DataStructure dropdown....
23:16:47.575 [main] INFO  - Check the display of 'You are notlogged in' error message.............
23:16:50.340 [main] INFO  - Launch the app URL.........
23:16:53.833 [main] INFO  - Application launched.......
23:16:53.835 [main] INFO  - Clicking the GetStarted Button.............
23:16:54.515 [main] INFO  - User selects Graph value of DataStructure dropdown....
23:16:55.048 [main] INFO  - Check the display of 'You are notlogged in' error message.............
23:16:57.583 [main] INFO  - Launch the app URL.........
23:17:00.916 [main] INFO  - Application launched.......
23:17:00.920 [main] INFO  - Clicking the GetStarted Button.............
23:17:01.431 [main] INFO  - User sign in to the app with valid username and password.. 
23:17:02.487 [main] INFO  - User selects Array value of DataStructure dropdown....
23:17:02.791 [main] INFO  - Verify that the Array page is displayed............
23:17:06.045 [main] INFO  - Launch the app URL.........
23:17:08.276 [main] INFO  - Application launched.......
23:17:08.285 [main] INFO  - Clicking the GetStarted Button.............
23:17:08.732 [main] INFO  - User sign in to the app with valid username and password.. 
23:17:09.552 [main] INFO  - User selects Linked List value of DataStructure dropdown....
23:17:09.838 [main] INFO  - Verify that the Linked List page is displayed............
23:17:12.156 [main] INFO  - Launch the app URL.........
23:17:15.517 [main] INFO  - Application launched.......
23:17:15.519 [main] INFO  - Clicking the GetStarted Button.............
23:17:15.976 [main] INFO  - User sign in to the app with valid username and password.. 
23:17:16.921 [main] INFO  - User selects Stack value of DataStructure dropdown....
23:17:17.215 [main] INFO  - Verify that the Stack page is displayed............
23:17:20.836 [main] INFO  - Launch the app URL.........
23:17:23.217 [main] INFO  - Application launched.......
23:17:23.218 [main] INFO  - Clicking the GetStarted Button.............
23:17:23.649 [main] INFO  - User sign in to the app with valid username and password.. 
23:17:24.526 [main] INFO  - User selects Queue value of DataStructure dropdown....
23:17:24.777 [main] INFO  - Verify that the Queue page is displayed............
23:17:26.859 [main] INFO  - Launch the app URL.........
23:17:29.788 [main] INFO  - Application launched.......
23:17:29.795 [main] INFO  - Clicking the GetStarted Button.............
23:17:30.262 [main] INFO  - User sign in to the app with valid username and password.. 
23:17:31.124 [main] INFO  - User selects Tree value of DataStructure dropdown....
23:17:31.394 [main] INFO  - Verify that the Tree page is displayed............
23:17:33.654 [main] INFO  - Launch the app URL.........
23:17:36.478 [main] INFO  - Application launched.......
23:17:36.480 [main] INFO  - Clicking the GetStarted Button.............
23:17:36.999 [main] INFO  - User sign in to the app with valid username and password.. 
23:17:38.455 [main] INFO  - User selects Graph value of DataStructure dropdown....
23:17:39.094 [main] INFO  - Verify that the Graph page is displayed............
23:17:42.404 [main] INFO  - Launch the app URL.........
23:17:52.854 [main] INFO  - Application launched.......
23:17:52.856 [main] INFO  - Clicking the GetStarted Button.............
23:17:53.597 [main] INFO  - User sign in to the app with valid username and password.. 
23:17:54.481 [main] INFO  - Clicking the GetStarted Button at home page.............
23:17:54.859 [main] INFO  - Verify that the DataStructure page is displayed............
23:17:54.919 [main] INFO  - User clicks Numpy NInja link at top from DataStructure page.........
23:17:55.236 [main] INFO  - The Start page will be displayed.........
23:17:59.482 [main] INFO  - Launch the app URL.........
23:18:02.452 [main] INFO  - Application launched.......
23:18:02.454 [main] INFO  - Clicking the GetStarted Button.............
23:18:02.988 [main] INFO  - User sign in to the app with valid username and password.. 
23:18:04.124 [main] INFO  - Clicking the GetStarted Button at home page.............
23:18:04.613 [main] INFO  - Verify that the Array page is displayed............
23:18:04.646 [main] INFO  - User clicks Numpy NInja link at top from Array page.........
23:18:04.804 [main] INFO  - The Start page will be displayed.........
23:18:06.945 [main] INFO  - Launch the app URL.........
23:18:10.744 [main] INFO  - Application launched.......
23:18:10.746 [main] INFO  - Clicking the GetStarted Button.............
23:18:11.334 [main] INFO  - User sign in to the app with valid username and password.. 
23:18:12.243 [main] INFO  - Clicking the GetStarted Button at home page.............
23:18:12.496 [main] INFO  - Verify that the Linked List page is displayed............
23:18:12.590 [main] INFO  - User clicks Numpy NInja link at top from Linked List page.........
23:18:12.827 [main] INFO  - The Start page will be displayed.........
23:18:15.741 [main] INFO  - Launch the app URL.........
23:18:18.094 [main] INFO  - Application launched.......
23:18:18.096 [main] INFO  - Clicking the GetStarted Button.............
23:18:18.521 [main] INFO  - User sign in to the app with valid username and password.. 
23:18:19.388 [main] INFO  - Clicking the GetStarted Button at home page.............
23:18:19.627 [main] INFO  - Verify that the Stack page is displayed............
23:18:19.663 [main] INFO  - User clicks Numpy NInja link at top from Stack page.........
23:18:19.823 [main] INFO  - The Start page will be displayed.........
23:18:22.135 [main] INFO  - Launch the app URL.........
23:18:25.374 [main] INFO  - Application launched.......
23:18:25.376 [main] INFO  - Clicking the GetStarted Button.............
23:18:25.805 [main] INFO  - User sign in to the app with valid username and password.. 
23:18:26.681 [main] INFO  - Clicking the GetStarted Button at home page.............
23:18:27.007 [main] INFO  - Verify that the Queue page is displayed............
23:18:27.046 [main] INFO  - User clicks Numpy NInja link at top from Queue page.........
23:18:27.436 [main] INFO  - The Start page will be displayed.........
23:18:31.292 [main] INFO  - Launch the app URL.........
23:18:34.091 [main] INFO  - Application launched.......
23:18:34.092 [main] INFO  - Clicking the GetStarted Button.............
23:18:34.668 [main] INFO  - User sign in to the app with valid username and password.. 
23:18:35.582 [main] INFO  - Clicking the GetStarted Button at home page.............
23:18:35.835 [main] INFO  - Verify that the Tree page is displayed............
23:18:35.887 [main] INFO  - User clicks Numpy NInja link at top from Tree page.........
23:18:36.066 [main] INFO  - The Start page will be displayed.........
23:18:38.183 [main] INFO  - Launch the app URL.........
23:18:50.720 [main] INFO  - Application launched.......
23:18:50.724 [main] INFO  - Clicking the GetStarted Button.............
23:18:51.493 [main] INFO  - User sign in to the app with valid username and password.. 
23:18:52.602 [main] INFO  - Clicking the GetStarted Button at home page.............
23:18:52.802 [main] INFO  - Verify that the Graph page is displayed............
23:18:52.844 [main] INFO  - User clicks Numpy NInja link at top from Graph page.........
23:18:53.007 [main] INFO  - The Start page will be displayed.........
23:18:58.298 [main] INFO  - Launch the app URL.........
23:19:01.291 [main] INFO  - Application launched.......
23:19:01.293 [main] INFO  - Clicking the GetStarted Button.............
23:19:01.834 [main] INFO  - User sign in to the app with valid username and password.. 
23:19:03.064 [main] INFO  - User clicks Numpy NInja link at top from Sign In page.........
23:19:03.231 [main] INFO  - The Start page will be displayed.........
23:19:16.798 [main] INFO  - Launch the app URL.........
23:19:38.586 [main] INFO  - Application launched.......
23:19:38.588 [main] INFO  - Clicking the GetStarted Button.............
23:19:39.026 [main] INFO  - User clicks Numpy NInja link at top from Sign In page.........
23:19:39.181 [main] INFO  - The Start page will be displayed.........
23:19:51.572 [main] INFO  - Launch the app URL.........
23:19:53.979 [main] INFO  - Application launched.......
23:19:53.981 [main] INFO  - Clicking the GetStarted Button.............
23:19:54.475 [main] INFO  - Clicking the Sign In Link at home page.............
23:19:54.774 [main] INFO  - User clicks Numpy NInja link at top from Sign In page.........
23:19:55.270 [main] INFO  - The Start page will be displayed.........
23:20:00.810 [main] INFO  - Launch the app URL.........
23:20:03.887 [main] INFO  - Application launched.......
23:20:03.897 [main] INFO  - Clicking the GetStarted Button.............
23:20:04.687 [main] INFO  - Clicking the Sign In Link at home page.............
23:20:04.947 [main] INFO  - User clicks Numpy NInja link at top from Sign In page.........
23:20:05.315 [main] INFO  - The Start page will be displayed.........
23:20:07.989 [main] INFO  - Launch the app URL.........
23:20:11.473 [main] INFO  - Application launched.......
23:20:11.475 [main] INFO  - User clicks the GetStarted Button at start page and clicks the Sign In.. 
23:20:12.132 [main] INFO  - User login with valid username and password..........
23:20:13.559 [main] INFO  - Redirecting to the LL Home Page.....
23:20:13.570 [main] INFO  - LinkedList Home page is displayed
23:20:13.571 [main] INFO  - Clicking the introduction page link.....
23:20:13.877 [main] INFO  - Redirecting to the Introduction Page.....
23:20:13.895 [main] INFO  - Introduction page is displayed.........
23:20:17.004 [main] INFO  - Launch the app URL.........
23:20:28.821 [main] INFO  - Application launched.......
23:20:28.822 [main] INFO  - User clicks the GetStarted Button at start page and clicks the Sign In.. 
23:20:29.829 [main] INFO  - User login with valid username and password..........
23:20:30.921 [main] INFO  - Redirecting to the LL Home Page.....
23:20:30.927 [main] INFO  - LinkedList Home page is displayed
23:20:30.928 [main] INFO  - Clicking the introduction page link.....
23:20:31.816 [main] INFO  - Redirecting to try editor page........
23:20:31.820 [main] INFO  - editor page displayed......
23:20:35.442 [main] INFO  - Launch the app URL.........
23:20:38.178 [main] INFO  - Application launched.......
23:20:38.179 [main] INFO  - User clicks the GetStarted Button at start page and clicks the Sign In.. 
23:20:38.781 [main] INFO  - User login with valid username and password..........
23:20:39.834 [main] INFO  - Redirecting to the LL Home Page.....
23:20:39.844 [main] INFO  - LinkedList Home page is displayed
23:20:39.845 [main] INFO  - Navigating to the tryeditor page link.....
23:20:40.725 [main] INFO  - Entering valid python code..........
23:20:41.229 [main] INFO  - Console output.......     Numpy Ninja'Numpy Ninja'
23:20:45.392 [main] INFO  - Launch the app URL.........
23:20:48.540 [main] INFO  - Application launched.......
23:20:48.544 [main] INFO  - User clicks the GetStarted Button at start page and clicks the Sign In.. 
23:20:49.322 [main] INFO  - User login with valid username and password..........
23:20:50.607 [main] INFO  - Redirecting to the LL Home Page.....
23:20:50.619 [main] INFO  - LinkedList Home page is displayed
23:20:50.620 [main] INFO  - Navigating to the tryeditor page link.....
23:20:51.583 [main] INFO  - User Entering invalid pythod code on the editor ..... 
23:20:51.904 [main] INFO  - Alert Message in Python Editor SyntaxError: bad input on line 1
23:20:57.547 [main] INFO  - Launch the app URL.........
23:21:00.436 [main] INFO  - Application launched.......
23:21:00.437 [main] INFO  - User clicks the GetStarted Button at start page and clicks the Sign In.. 
23:21:01.614 [main] INFO  - User login with valid username and password..........
23:21:02.856 [main] INFO  - Redirecting to the LL Home Page.....
23:21:02.892 [main] INFO  - LinkedList Home page is displayed
23:21:02.894 [main] INFO  - Navigating to the tryeditor page link.....
23:21:06.671 [main] INFO  - Launch the app URL.........
00:21:16.903 [main] INFO  - Launch the app URL.........
00:21:19.010 [main] INFO  - Application launched.......
00:21:19.025 [main] INFO  - User clicks the GetStarted Button at start page and clicks the Sign In.. 
00:21:19.565 [main] INFO  - User login with valid username and password..........
00:21:20.464 [main] INFO  - Redirecting to the LL Home Page.....
00:21:20.475 [main] INFO  - LinkedList Home page is displayed
00:21:20.476 [main] INFO  - user is in  creating linkedlist link
00:21:21.295 [main] INFO  - Try here button is clicked
00:21:21.298 [main] INFO  - Redirecting to try editor page........
00:21:21.303 [main] INFO  - editor page displayed......
00:21:21.476 [main] INFO  - Launch the app URL.........
00:21:23.288 [main] INFO  - Application launched.......
00:21:23.297 [main] INFO  - User clicks the GetStarted Button at start page and clicks the Sign In.. 
00:21:23.810 [main] INFO  - User login with valid username and password..........
00:21:24.457 [main] INFO  - Redirecting to the LL Home Page.....
00:21:24.468 [main] INFO  - LinkedList Home page is displayed
00:21:24.469 [main] INFO  - Navigating to the tryeditor page link.....
00:21:25.184 [main] INFO  - Entering valid python code..........
00:21:25.553 [main] INFO  - Console output.......     Numpy Ninja'Numpy Ninja'
00:21:25.723 [main] INFO  - Launch the app URL.........
00:21:27.444 [main] INFO  - Application launched.......
00:21:27.445 [main] INFO  - User clicks the GetStarted Button at start page and clicks the Sign In.. 
00:21:27.928 [main] INFO  - User login with valid username and password..........
00:21:28.789 [main] INFO  - Redirecting to the LL Home Page.....
00:21:28.804 [main] INFO  - LinkedList Home page is displayed
00:21:28.806 [main] INFO  - Navigating to the tryeditor page link.....
00:21:29.608 [main] INFO  - User Entering invalid pythod code on the editor ..... 
00:21:29.805 [main] INFO  - Alert Message in Python Editor SyntaxError: bad input on line 1
00:21:29.957 [main] INFO  - Launch the app URL.........
00:21:32.171 [main] INFO  - Application launched.......
00:21:32.173 [main] INFO  - User clicks the GetStarted Button at start page and clicks the Sign In.. 
00:21:32.720 [main] INFO  - User login with valid username and password..........
00:21:33.423 [main] INFO  - Redirecting to the LL Home Page.....
00:21:33.434 [main] INFO  - LinkedList Home page is displayed
00:21:33.435 [main] INFO  - Navigating to the tryeditor page link.....
00:21:34.492 [main] INFO  - Launch the app URL.........
00:21:36.244 [main] INFO  - Application launched.......
00:21:36.250 [main] INFO  - User clicks the GetStarted Button at start page and clicks the Sign In.. 
00:21:36.756 [main] INFO  - User login with valid username and password..........
00:21:37.425 [main] INFO  - Redirecting to the LL Home Page.....
00:21:37.433 [main] INFO  - LinkedList Home page is displayed
00:21:37.434 [main] INFO  - user clicked types of linkd list link.........
00:21:37.752 [main] INFO  - Redirecting to typesoflinkedlist page..............
00:21:37.764 [main] INFO  - Typesoflinkedlist page displayed......
00:21:37.919 [main] INFO  - Launch the app URL.........
00:21:39.688 [main] INFO  - Application launched.......
00:21:39.689 [main] INFO  - User clicks the GetStarted Button at start page and clicks the Sign In.. 
00:21:40.187 [main] INFO  - User login with valid username and password..........
00:21:41.024 [main] INFO  - Redirecting to the LL Home Page.....
00:21:41.031 [main] INFO  - LinkedList Home page is displayed
00:21:41.032 [main] INFO  - user is in  types of linkedlist page.......
00:21:41.819 [main] INFO  - Try here button is clicked
00:21:41.819 [main] INFO  - Redirecting to try editor page........
00:21:41.826 [main] INFO  - editor page displayed......
00:21:41.971 [main] INFO  - Launch the app URL.........
00:21:43.674 [main] INFO  - Application launched.......
00:21:43.676 [main] INFO  - User clicks the GetStarted Button at start page and clicks the Sign In.. 
00:21:44.153 [main] INFO  - User login with valid username and password..........
00:21:44.789 [main] INFO  - Redirecting to the LL Home Page.....
00:21:44.797 [main] INFO  - LinkedList Home page is displayed
00:21:44.798 [main] INFO  - Navigating to the tryeditor page link.....
00:21:45.513 [main] INFO  - Entering valid python code..........
00:21:45.931 [main] INFO  - Console output.......     Numpy Ninja'Numpy Ninja'
00:21:46.093 [main] INFO  - Launch the app URL.........
00:21:47.793 [main] INFO  - Application launched.......
00:21:47.795 [main] INFO  - User clicks the GetStarted Button at start page and clicks the Sign In.. 
00:21:48.327 [main] INFO  - User login with valid username and password..........
00:21:49.101 [main] INFO  - Redirecting to the LL Home Page.....
00:21:49.110 [main] INFO  - LinkedList Home page is displayed
00:21:49.111 [main] INFO  - Navigating to the tryeditor page link.....
00:21:49.927 [main] INFO  - User Entering invalid pythod code on the editor ..... 
00:21:50.115 [main] INFO  - Alert Message in Python Editor SyntaxError: bad input on line 1
00:21:50.249 [main] INFO  - Launch the app URL.........
00:21:52.441 [main] INFO  - Application launched.......
00:21:52.443 [main] INFO  - User clicks the GetStarted Button at start page and clicks the Sign In.. 
00:21:53.002 [main] INFO  - User login with valid username and password..........
00:21:53.916 [main] INFO  - Redirecting to the LL Home Page.....
00:21:53.924 [main] INFO  - LinkedList Home page is displayed
00:21:53.925 [main] INFO  - Navigating to the tryeditor page link.....
00:21:54.990 [main] INFO  - Launch the app URL.........
00:21:56.803 [main] INFO  - Application launched.......
00:21:56.806 [main] INFO  - User clicks the GetStarted Button at start page and clicks the Sign In.. 
00:21:57.305 [main] INFO  - User login with valid username and password..........
00:21:58.052 [main] INFO  - Redirecting to the LL Home Page.....
00:21:58.059 [main] INFO  - LinkedList Home page is displayed
00:21:58.060 [main] INFO  - user clicked implementing linked list link.........
00:21:58.521 [main] INFO  - Redirecting to implementinglinkedlist page..............
00:21:58.529 [main] INFO  - implementinglinkedlist page displayed......
00:21:58.707 [main] INFO  - Launch the app URL.........
00:22:00.421 [main] INFO  - Application launched.......
00:22:00.424 [main] INFO  - User clicks the GetStarted Button at start page and clicks the Sign In.. 
00:22:00.957 [main] INFO  - User login with valid username and password..........
00:22:01.626 [main] INFO  - Redirecting to the LL Home Page.....
00:22:01.636 [main] INFO  - LinkedList Home page is displayed
00:22:01.637 [main] INFO  - user is in  implementinglinkedlist page.......
00:22:02.353 [main] INFO  - Try here button is clicked.............
00:22:02.353 [main] INFO  - Redirecting to try editor page........
00:22:02.363 [main] INFO  - editor page displayed......
