21:09:43.068 [main] INFO  - Launch the app URL.........
21:09:45.124 [main] INFO  - Application launched.......
21:09:45.140 [main] INFO  - User clicks the GetStarted Button at start page and clicks the Sign In.. 
21:09:46.893 [main] INFO  - User login with valid username and password..........
21:09:47.811 [main] INFO  - Redirecting to the Stack Home Page.....
21:09:47.829 [main] INFO  - Stack Home page is displayed
21:09:47.831 [main] INFO  - the try editor of  the Applications page link.....
21:09:48.563 [main] INFO  - User Entering invalid pythod code on the editor ..... 
21:09:48.993 [main] INFO  - Alert Message in Python Editor SyntaxError: bad input on line 1
21:09:49.498 [main] INFO  - Launch the app URL.........
21:09:51.560 [main] INFO  - Application launched.......
21:09:51.563 [main] INFO  - User clicks the GetStarted Button at start page and clicks the Sign In.. 
21:09:52.404 [main] INFO  - User login with valid username and password..........
21:09:53.355 [main] INFO  - Redirecting to the Stack Home Page.....
21:09:53.366 [main] INFO  - Stack Home page is displayed
21:09:53.371 [main] INFO  - the try editor of  the Applications page link.....
21:09:54.981 [main] INFO  - Launch the app URL.........
21:09:57.259 [main] INFO  - Application launched.......
21:09:57.265 [main] INFO  - User clicks the GetStarted Button at start page and clicks the Sign In.. 
21:09:58.204 [main] INFO  - User login with valid username and password..........
21:09:59.399 [main] INFO  - Redirecting to the Stack Home Page.....
21:09:59.503 [main] INFO  - Stack Home page is displayed
21:09:59.505 [main] INFO  - Clicking the Operations page link.....
21:10:00.183 [main] INFO  - Clicking the Practice question link ..... 
